============================= test session starts =============================
platform win32 -- Python 3.13.5, pytest-9.0.2, pluggy-1.6.0
rootdir: C:\Users\Dell\Downloads\Accesslens\backend
configfile: pytest.ini
plugins: anyio-4.12.1, asyncio-1.3.0, cov-7.0.0
asyncio: mode=Mode.AUTO, debug=False, asyncio_default_fixture_loop_scope=function, asyncio_default_test_loop_scope=function
collected 40 items / 1 skipped

tests/test_accessibility_structure.py::test_heading_structure 
------------------------------- live log setup --------------------------------
2026-03-11 22:43:07 [    INFO] Starting AccessLens API... (main.py:27)
2026-03-11 22:43:08 [    INFO] Browser initialized successfully (browser_manager.py:59)
2026-03-11 22:43:08 [    INFO] Browser manager initialized (main.py:31)
2026-03-11 22:43:08 [    INFO] Registered 3 engines (main.py:41)
PASSED                                                                   [  2%]
------------------------------ live log teardown ------------------------------
2026-03-11 22:43:11 [    INFO] Shutting down AccessLens API... (main.py:46)
2026-03-11 22:43:11 [    INFO] Browser closed (browser_manager.py:117)
2026-03-11 22:43:11 [    INFO] Cleanup complete (main.py:48)

tests/test_api.py::test_health_check 
------------------------------- live log setup --------------------------------
2026-03-11 22:43:11 [    INFO] Starting AccessLens API... (main.py:27)
2026-03-11 22:43:12 [    INFO] Browser initialized successfully (browser_manager.py:59)
2026-03-11 22:43:12 [    INFO] Browser manager initialized (main.py:31)
2026-03-11 22:43:12 [    INFO] Registered 3 engines (main.py:41)
-------------------------------- live log call --------------------------------
2026-03-11 22:43:12 [    INFO] HTTP Request: GET http://test/health "HTTP/1.1 200 OK" (_client.py:1740)
PASSED                                                                   [  5%]
------------------------------ live log teardown ------------------------------
2026-03-11 22:43:12 [    INFO] Shutting down AccessLens API... (main.py:46)
2026-03-11 22:43:12 [    INFO] Browser closed (browser_manager.py:117)
2026-03-11 22:43:12 [    INFO] Cleanup complete (main.py:48)

tests/test_api.py::test_root_endpoint 
------------------------------- live log setup --------------------------------
2026-03-11 22:43:13 [    INFO] Starting AccessLens API... (main.py:27)
2026-03-11 22:43:14 [    INFO] Browser initialized successfully (browser_manager.py:59)
2026-03-11 22:43:14 [    INFO] Browser manager initialized (main.py:31)
2026-03-11 22:43:14 [    INFO] Registered 3 engines (main.py:41)
-------------------------------- live log call --------------------------------
2026-03-11 22:43:14 [    INFO] HTTP Request: GET http://test/ "HTTP/1.1 200 OK" (_client.py:1740)
PASSED                                                                   [  7%]
------------------------------ live log teardown ------------------------------
2026-03-11 22:43:14 [    INFO] Shutting down AccessLens API... (main.py:46)
2026-03-11 22:43:14 [    INFO] Browser closed (browser_manager.py:117)
2026-03-11 22:43:14 [    INFO] Cleanup complete (main.py:48)

tests/test_api.py::test_list_engines 
------------------------------- live log setup --------------------------------
2026-03-11 22:43:14 [    INFO] Starting AccessLens API... (main.py:27)
2026-03-11 22:43:15 [    INFO] Browser initialized successfully (browser_manager.py:59)
2026-03-11 22:43:15 [    INFO] Browser manager initialized (main.py:31)
2026-03-11 22:43:15 [    INFO] Registered 3 engines (main.py:41)
-------------------------------- live log call --------------------------------
2026-03-11 22:43:15 [    INFO] HTTP Request: GET http://test/api/v1/engines "HTTP/1.1 200 OK" (_client.py:1740)
PASSED                                                                   [ 10%]
------------------------------ live log teardown ------------------------------
2026-03-11 22:43:15 [    INFO] Shutting down AccessLens API... (main.py:46)
2026-03-11 22:43:15 [    INFO] Browser closed (browser_manager.py:117)
2026-03-11 22:43:15 [    INFO] Cleanup complete (main.py:48)

tests/test_api.py::test_start_audit 
------------------------------- live log setup --------------------------------
2026-03-11 22:43:15 [    INFO] Starting AccessLens API... (main.py:27)
2026-03-11 22:43:16 [    INFO] Browser initialized successfully (browser_manager.py:59)
2026-03-11 22:43:16 [    INFO] Browser manager initialized (main.py:31)
2026-03-11 22:43:16 [    INFO] Registered 3 engines (main.py:41)
-------------------------------- live log call --------------------------------
2026-03-11 22:43:16 [    INFO] Starting audit 48561e36-7d3e-4937-a8e7-c0e81fb9a9e5 for URL: https://example.com (routes.py:69)
2026-03-11 22:43:16 [    INFO] Running audit 48561e36-7d3e-4937-a8e7-c0e81fb9a9e5 in background (routes.py:138)
2026-03-11 22:43:16 [    INFO] Starting audit for https://example.com (audit_orchestrator.py:31)
2026-03-11 22:43:19 [ WARNING] DOM snapshot failed: CDPSession.send: Protocol error (DOMSnapshot.captureSnapshot): invalid CSS property (accessibility_tree.py:191)
2026-03-11 22:43:19 [ WARNING] Metrics collection failed: 'Page' object has no attribute 'metrics' (page_controller.py:176)
2026-03-11 22:43:19 [    INFO] Audit complete: 0 issues found (audit_orchestrator.py:81)
2026-03-11 22:43:19 [    INFO] Audit 48561e36-7d3e-4937-a8e7-c0e81fb9a9e5 completed with 0 issues (routes.py:146)
2026-03-11 22:43:19 [    INFO] HTTP Request: POST http://test/api/v1/audit "HTTP/1.1 200 OK" (_client.py:1740)
PASSED                                                                   [ 12%]
------------------------------ live log teardown ------------------------------
2026-03-11 22:43:19 [    INFO] Shutting down AccessLens API... (main.py:46)
2026-03-11 22:43:19 [    INFO] Browser closed (browser_manager.py:117)
2026-03-11 22:43:19 [    INFO] Cleanup complete (main.py:48)

tests/test_api.py::test_get_audit_status 
------------------------------- live log setup --------------------------------
2026-03-11 22:43:19 [    INFO] Starting AccessLens API... (main.py:27)
2026-03-11 22:43:20 [    INFO] Browser initialized successfully (browser_manager.py:59)
2026-03-11 22:43:20 [    INFO] Browser manager initialized (main.py:31)
2026-03-11 22:43:20 [    INFO] Registered 3 engines (main.py:41)
-------------------------------- live log call --------------------------------
2026-03-11 22:43:20 [    INFO] Starting audit 92ad995c-38d8-4d83-a148-4e7e86aafd64 for URL: https://example.com (routes.py:69)
2026-03-11 22:43:20 [    INFO] Running audit 92ad995c-38d8-4d83-a148-4e7e86aafd64 in background (routes.py:138)
2026-03-11 22:43:20 [    INFO] Starting audit for https://example.com (audit_orchestrator.py:31)
2026-03-11 22:43:23 [ WARNING] DOM snapshot failed: CDPSession.send: Protocol error (DOMSnapshot.captureSnapshot): invalid CSS property (accessibility_tree.py:191)
2026-03-11 22:43:23 [ WARNING] Metrics collection failed: 'Page' object has no attribute 'metrics' (page_controller.py:176)
2026-03-11 22:43:23 [ WARNING] Engine wcag not found (audit_orchestrator.py:48)
2026-03-11 22:43:23 [ WARNING] Engine structural not found (audit_orchestrator.py:48)
2026-03-11 22:43:23 [ WARNING] Engine contrast not found (audit_orchestrator.py:48)
2026-03-11 22:43:23 [    INFO] Audit complete: 0 issues found (audit_orchestrator.py:81)
2026-03-11 22:43:23 [    INFO] Audit 92ad995c-38d8-4d83-a148-4e7e86aafd64 completed with 0 issues (routes.py:146)
2026-03-11 22:43:23 [    INFO] HTTP Request: POST http://test/api/v1/audit "HTTP/1.1 200 OK" (_client.py:1740)
2026-03-11 22:43:23 [    INFO] HTTP Request: GET http://test/api/v1/audit/92ad995c-38d8-4d83-a148-4e7e86aafd64/status "HTTP/1.1 200 OK" (_client.py:1740)
PASSED                                                                   [ 15%]
------------------------------ live log teardown ------------------------------
2026-03-11 22:43:23 [    INFO] Shutting down AccessLens API... (main.py:46)
2026-03-11 22:43:23 [    INFO] Browser closed (browser_manager.py:117)
2026-03-11 22:43:23 [    INFO] Cleanup complete (main.py:48)

tests/test_api.py::test_get_nonexistent_audit 
------------------------------- live log setup --------------------------------
2026-03-11 22:43:23 [    INFO] Starting AccessLens API... (main.py:27)
2026-03-11 22:43:25 [    INFO] Browser initialized successfully (browser_manager.py:59)
2026-03-11 22:43:25 [    INFO] Browser manager initialized (main.py:31)
2026-03-11 22:43:25 [    INFO] Registered 3 engines (main.py:41)
-------------------------------- live log call --------------------------------
2026-03-11 22:43:25 [    INFO] HTTP Request: GET http://test/api/v1/audit/c1dd6ceb-97d7-4b82-9718-dae2a4ac7cde "HTTP/1.1 404 Not Found" (_client.py:1740)
PASSED                                                                   [ 17%]
------------------------------ live log teardown ------------------------------
2026-03-11 22:43:25 [    INFO] Shutting down AccessLens API... (main.py:46)
2026-03-11 22:43:25 [    INFO] Browser closed (browser_manager.py:117)
2026-03-11 22:43:25 [    INFO] Cleanup complete (main.py:48)

tests/test_api.py::test_cancel_audit 
------------------------------- live log setup --------------------------------
2026-03-11 22:43:25 [    INFO] Starting AccessLens API... (main.py:27)
2026-03-11 22:43:26 [    INFO] Browser initialized successfully (browser_manager.py:59)
2026-03-11 22:43:26 [    INFO] Browser manager initialized (main.py:31)
2026-03-11 22:43:26 [    INFO] Registered 3 engines (main.py:41)
-------------------------------- live log call --------------------------------
2026-03-11 22:43:26 [    INFO] HTTP Request: POST http://test/api/v1/audit/cea9a706-6af8-4cec-bbd1-6ef4fb2fd551/cancel "HTTP/1.1 200 OK" (_client.py:1740)
PASSED                                                                   [ 20%]
------------------------------ live log teardown ------------------------------
2026-03-11 22:43:26 [    INFO] Shutting down AccessLens API... (main.py:46)
2026-03-11 22:43:26 [    INFO] Browser closed (browser_manager.py:117)
2026-03-11 22:43:26 [    INFO] Cleanup complete (main.py:48)

tests/test_api.py::test_invalid_url_validation 
------------------------------- live log setup --------------------------------
2026-03-11 22:43:26 [    INFO] Starting AccessLens API... (main.py:27)
2026-03-11 22:43:28 [    INFO] Browser initialized successfully (browser_manager.py:59)
2026-03-11 22:43:28 [    INFO] Browser manager initialized (main.py:31)
2026-03-11 22:43:28 [    INFO] Registered 3 engines (main.py:41)
-------------------------------- live log call --------------------------------
2026-03-11 22:43:28 [    INFO] HTTP Request: POST http://test/api/v1/audit "HTTP/1.1 422 Unprocessable Entity" (_client.py:1740)
FAILED                                                                   [ 22%]
------------------------------ live log teardown ------------------------------
2026-03-11 22:43:28 [    INFO] Shutting down AccessLens API... (main.py:46)
2026-03-11 22:43:28 [    INFO] Browser closed (browser_manager.py:117)
2026-03-11 22:43:28 [    INFO] Cleanup complete (main.py:48)

tests/test_browser_manager.py::test_browser_manager_singleton 
------------------------------- live log setup --------------------------------
2026-03-11 22:43:28 [    INFO] Starting AccessLens API... (main.py:27)
2026-03-11 22:43:29 [    INFO] Browser initialized successfully (browser_manager.py:59)
2026-03-11 22:43:29 [    INFO] Browser manager initialized (main.py:31)
2026-03-11 22:43:29 [    INFO] Registered 3 engines (main.py:41)
PASSED                                                                   [ 25%]
------------------------------ live log teardown ------------------------------
2026-03-11 22:43:29 [    INFO] Shutting down AccessLens API... (main.py:46)
2026-03-11 22:43:29 [    INFO] Browser closed (browser_manager.py:117)
2026-03-11 22:43:29 [    INFO] Cleanup complete (main.py:48)

tests/test_browser_manager.py::test_browser_manager_max_concurrent_pages 
------------------------------- live log setup --------------------------------
2026-03-11 22:43:29 [    INFO] Starting AccessLens API... (main.py:27)
2026-03-11 22:43:31 [    INFO] Browser initialized successfully (browser_manager.py:59)
2026-03-11 22:43:31 [    INFO] Browser manager initialized (main.py:31)
2026-03-11 22:43:31 [    INFO] Registered 3 engines (main.py:41)
-------------------------------- live log call --------------------------------
2026-03-11 22:43:31 [ WARNING] Max concurrent pages reached, waiting... (browser_manager.py:76)
PASSED                                                                   [ 27%]
------------------------------ live log teardown ------------------------------
2026-03-11 22:43:32 [    INFO] Shutting down AccessLens API... (main.py:46)
2026-03-11 22:43:32 [    INFO] Browser closed (browser_manager.py:117)
2026-03-11 22:43:32 [    INFO] Cleanup complete (main.py:48)

tests/test_browser_manager.py::test_browser_context_manager 
------------------------------- live log setup --------------------------------
2026-03-11 22:43:32 [    INFO] Starting AccessLens API... (main.py:27)
2026-03-11 22:43:33 [    INFO] Browser initialized successfully (browser_manager.py:59)
2026-03-11 22:43:33 [    INFO] Browser manager initialized (main.py:31)
2026-03-11 22:43:33 [    INFO] Registered 3 engines (main.py:41)
-------------------------------- live log call --------------------------------
2026-03-11 22:43:34 [    INFO] Browser closed (browser_manager.py:117)
PASSED                                                                   [ 30%]
------------------------------ live log teardown ------------------------------
2026-03-11 22:43:34 [    INFO] Shutting down AccessLens API... (main.py:46)
2026-03-11 22:43:34 [    INFO] Browser closed (browser_manager.py:117)
2026-03-11 22:43:34 [    INFO] Cleanup complete (main.py:48)

tests/test_color_utils_edge.py::test_color_parser_edge_cases 
------------------------------- live log setup --------------------------------
2026-03-11 22:43:34 [    INFO] Starting AccessLens API... (main.py:27)
2026-03-11 22:43:35 [    INFO] Browser initialized successfully (browser_manager.py:59)
2026-03-11 22:43:35 [    INFO] Browser manager initialized (main.py:31)
2026-03-11 22:43:35 [    INFO] Registered 3 engines (main.py:41)
FAILED                                                                   [ 32%]
------------------------------ live log teardown ------------------------------
2026-03-11 22:43:35 [    INFO] Shutting down AccessLens API... (main.py:46)
2026-03-11 22:43:35 [    INFO] Browser closed (browser_manager.py:117)
2026-03-11 22:43:35 [    INFO] Cleanup complete (main.py:48)

tests/test_color_utils_edge.py::test_luminance_and_contrast_boundaries 
------------------------------- live log setup --------------------------------
2026-03-11 22:43:35 [    INFO] Starting AccessLens API... (main.py:27)
2026-03-11 22:43:37 [    INFO] Browser initialized successfully (browser_manager.py:59)
2026-03-11 22:43:37 [    INFO] Browser manager initialized (main.py:31)
2026-03-11 22:43:37 [    INFO] Registered 3 engines (main.py:41)
PASSED                                                                   [ 35%]
------------------------------ live log teardown ------------------------------
2026-03-11 22:43:37 [    INFO] Shutting down AccessLens API... (main.py:46)
2026-03-11 22:43:37 [    INFO] Browser closed (browser_manager.py:117)
2026-03-11 22:43:37 [    INFO] Cleanup complete (main.py:48)

tests/test_concurrency.py::test_audit_store_concurrency 
------------------------------- live log setup --------------------------------
2026-03-11 22:43:37 [    INFO] Starting AccessLens API... (main.py:27)
2026-03-11 22:43:38 [    INFO] Browser initialized successfully (browser_manager.py:59)
2026-03-11 22:43:38 [    INFO] Browser manager initialized (main.py:31)
2026-03-11 22:43:38 [    INFO] Registered 3 engines (main.py:41)
-------------------------------- live log call --------------------------------
2026-03-11 22:43:38 [    INFO] Starting audit b2e6f4f8-2988-45d2-963a-ea938926eadd for URL: https://example.com/page0 (routes.py:69)
2026-03-11 22:43:38 [    INFO] Starting audit 18f2ca51-8b6a-4d11-ae49-9b2925f97403 for URL: https://example.com/page1 (routes.py:69)
2026-03-11 22:43:38 [    INFO] Starting audit 76aa3c8c-6a8a-4781-ae86-a31704212e94 for URL: https://example.com/page2 (routes.py:69)
2026-03-11 22:43:38 [    INFO] Starting audit ee1eb959-6fd9-4f02-b997-13bc39caf5d2 for URL: https://example.com/page3 (routes.py:69)
2026-03-11 22:43:38 [    INFO] Starting audit 2d73d15a-5fd9-4669-9120-8847ef5fa61f for URL: https://example.com/page4 (routes.py:69)
2026-03-11 22:43:38 [    INFO] Starting audit c86f8af5-0e1b-41fa-b40a-51ecbe5bc35f for URL: https://example.com/page5 (routes.py:69)
2026-03-11 22:43:38 [    INFO] Starting audit 165b2c0a-2291-4acc-b368-68b6c7ec4447 for URL: https://example.com/page6 (routes.py:69)
2026-03-11 22:43:38 [    INFO] Starting audit 8f167208-98ac-42a0-831f-56129d087bed for URL: https://example.com/page7 (routes.py:69)
2026-03-11 22:43:38 [    INFO] Starting audit 409e0bbd-44ff-4946-aa70-b18497ada25c for URL: https://example.com/page8 (routes.py:69)
2026-03-11 22:43:38 [    INFO] Starting audit 06c9c536-e6ac-4a9f-9d61-fb8728f9a25b for URL: https://example.com/page9 (routes.py:69)
2026-03-11 22:43:38 [    INFO] Running audit b2e6f4f8-2988-45d2-963a-ea938926eadd in background (routes.py:138)
2026-03-11 22:43:38 [    INFO] Starting audit for https://example.com/page0 (audit_orchestrator.py:31)
2026-03-11 22:43:38 [    INFO] Running audit 18f2ca51-8b6a-4d11-ae49-9b2925f97403 in background (routes.py:138)
2026-03-11 22:43:38 [    INFO] Starting audit for https://example.com/page1 (audit_orchestrator.py:31)
2026-03-11 22:43:38 [    INFO] Running audit 76aa3c8c-6a8a-4781-ae86-a31704212e94 in background (routes.py:138)
2026-03-11 22:43:38 [    INFO] Starting audit for https://example.com/page2 (audit_orchestrator.py:31)
2026-03-11 22:43:38 [    INFO] Running audit ee1eb959-6fd9-4f02-b997-13bc39caf5d2 in background (routes.py:138)
2026-03-11 22:43:38 [    INFO] Starting audit for https://example.com/page3 (audit_orchestrator.py:31)
2026-03-11 22:43:38 [    INFO] Running audit 2d73d15a-5fd9-4669-9120-8847ef5fa61f in background (routes.py:138)
2026-03-11 22:43:38 [    INFO] Starting audit for https://example.com/page4 (audit_orchestrator.py:31)
2026-03-11 22:43:38 [    INFO] Running audit c86f8af5-0e1b-41fa-b40a-51ecbe5bc35f in background (routes.py:138)
2026-03-11 22:43:38 [    INFO] Starting audit for https://example.com/page5 (audit_orchestrator.py:31)
2026-03-11 22:43:38 [ WARNING] Max concurrent pages reached, waiting... (browser_manager.py:76)
2026-03-11 22:43:38 [    INFO] Running audit 165b2c0a-2291-4acc-b368-68b6c7ec4447 in background (routes.py:138)
2026-03-11 22:43:38 [    INFO] Starting audit for https://example.com/page6 (audit_orchestrator.py:31)
2026-03-11 22:43:38 [ WARNING] Max concurrent pages reached, waiting... (browser_manager.py:76)
2026-03-11 22:43:38 [    INFO] Running audit 8f167208-98ac-42a0-831f-56129d087bed in background (routes.py:138)
2026-03-11 22:43:38 [    INFO] Starting audit for https://example.com/page7 (audit_orchestrator.py:31)
2026-03-11 22:43:38 [ WARNING] Max concurrent pages reached, waiting... (browser_manager.py:76)
2026-03-11 22:43:38 [    INFO] Running audit 409e0bbd-44ff-4946-aa70-b18497ada25c in background (routes.py:138)
2026-03-11 22:43:38 [    INFO] Starting audit for https://example.com/page8 (audit_orchestrator.py:31)
2026-03-11 22:43:38 [ WARNING] Max concurrent pages reached, waiting... (browser_manager.py:76)
2026-03-11 22:43:38 [    INFO] Running audit 06c9c536-e6ac-4a9f-9d61-fb8728f9a25b in background (routes.py:138)
2026-03-11 22:43:38 [    INFO] Starting audit for https://example.com/page9 (audit_orchestrator.py:31)
2026-03-11 22:43:38 [ WARNING] Max concurrent pages reached, waiting... (browser_manager.py:76)
2026-03-11 22:43:39 [ WARNING] Max concurrent pages reached, waiting... (browser_manager.py:76)
2026-03-11 22:43:39 [ WARNING] Max concurrent pages reached, waiting... (browser_manager.py:76)
2026-03-11 22:43:39 [ WARNING] Max concurrent pages reached, waiting... (browser_manager.py:76)
2026-03-11 22:43:39 [ WARNING] Max concurrent pages reached, waiting... (browser_manager.py:76)
2026-03-11 22:43:39 [ WARNING] Max concurrent pages reached, waiting... (browser_manager.py:76)
2026-03-11 22:43:40 [ WARNING] Page returned 404:  (page_controller.py:117)
2026-03-11 22:43:40 [ WARNING] Page returned 404:  (page_controller.py:117)
2026-03-11 22:43:40 [ WARNING] Page returned 404:  (page_controller.py:117)
2026-03-11 22:43:40 [ WARNING] Page returned 404:  (page_controller.py:117)
2026-03-11 22:43:40 [ WARNING] Page returned 404:  (page_controller.py:117)
2026-03-11 22:43:40 [ WARNING] Max concurrent pages reached, waiting... (browser_manager.py:76)
2026-03-11 22:43:40 [ WARNING] Max concurrent pages reached, waiting... (browser_manager.py:76)
2026-03-11 22:43:40 [ WARNING] Max concurrent pages reached, waiting... (browser_manager.py:76)
2026-03-11 22:43:40 [ WARNING] Max concurrent pages reached, waiting... (browser_manager.py:76)
2026-03-11 22:43:40 [ WARNING] Max concurrent pages reached, waiting... (browser_manager.py:76)
2026-03-11 22:43:41 [ WARNING] DOM snapshot failed: CDPSession.send: Protocol error (DOMSnapshot.captureSnapshot): invalid CSS property (accessibility_tree.py:191)
2026-03-11 22:43:41 [ WARNING] DOM snapshot failed: CDPSession.send: Protocol error (DOMSnapshot.captureSnapshot): invalid CSS property (accessibility_tree.py:191)
2026-03-11 22:43:41 [ WARNING] DOM snapshot failed: CDPSession.send: Protocol error (DOMSnapshot.captureSnapshot): invalid CSS property (accessibility_tree.py:191)
2026-03-11 22:43:41 [ WARNING] DOM snapshot failed: CDPSession.send: Protocol error (DOMSnapshot.captureSnapshot): invalid CSS property (accessibility_tree.py:191)
2026-03-11 22:43:41 [ WARNING] DOM snapshot failed: CDPSession.send: Protocol error (DOMSnapshot.captureSnapshot): invalid CSS property (accessibility_tree.py:191)
2026-03-11 22:43:41 [ WARNING] Max concurrent pages reached, waiting... (browser_manager.py:76)
2026-03-11 22:43:41 [ WARNING] Max concurrent pages reached, waiting... (browser_manager.py:76)
2026-03-11 22:43:41 [ WARNING] Max concurrent pages reached, waiting... (browser_manager.py:76)
2026-03-11 22:43:41 [ WARNING] Max concurrent pages reached, waiting... (browser_manager.py:76)
2026-03-11 22:43:41 [ WARNING] Max concurrent pages reached, waiting... (browser_manager.py:76)
2026-03-11 22:43:41 [ WARNING] Metrics collection failed: 'Page' object has no attribute 'metrics' (page_controller.py:176)
2026-03-11 22:43:41 [ WARNING] Metrics collection failed: 'Page' object has no attribute 'metrics' (page_controller.py:176)
2026-03-11 22:43:41 [ WARNING] Metrics collection failed: 'Page' object has no attribute 'metrics' (page_controller.py:176)
2026-03-11 22:43:41 [ WARNING] Engine wcag not found (audit_orchestrator.py:48)
2026-03-11 22:43:41 [ WARNING] Engine structural not found (audit_orchestrator.py:48)
2026-03-11 22:43:41 [ WARNING] Engine contrast not found (audit_orchestrator.py:48)
2026-03-11 22:43:41 [    INFO] Audit complete: 0 issues found (audit_orchestrator.py:81)
2026-03-11 22:43:41 [    INFO] Audit ee1eb959-6fd9-4f02-b997-13bc39caf5d2 completed with 0 issues (routes.py:146)
2026-03-11 22:43:41 [    INFO] HTTP Request: POST http://test/api/v1/audit "HTTP/1.1 200 OK" (_client.py:1740)
2026-03-11 22:43:41 [ WARNING] Metrics collection failed: 'Page' object has no attribute 'metrics' (page_controller.py:176)
2026-03-11 22:43:41 [ WARNING] Engine wcag not found (audit_orchestrator.py:48)
2026-03-11 22:43:41 [ WARNING] Engine structural not found (audit_orchestrator.py:48)
2026-03-11 22:43:41 [ WARNING] Engine contrast not found (audit_orchestrator.py:48)
2026-03-11 22:43:41 [    INFO] Audit complete: 0 issues found (audit_orchestrator.py:81)
2026-03-11 22:43:41 [    INFO] Audit b2e6f4f8-2988-45d2-963a-ea938926eadd completed with 0 issues (routes.py:146)
2026-03-11 22:43:41 [    INFO] HTTP Request: POST http://test/api/v1/audit "HTTP/1.1 200 OK" (_client.py:1740)
2026-03-11 22:43:41 [ WARNING] Metrics collection failed: 'Page' object has no attribute 'metrics' (page_controller.py:176)
2026-03-11 22:43:41 [ WARNING] Engine wcag not found (audit_orchestrator.py:48)
2026-03-11 22:43:41 [ WARNING] Engine structural not found (audit_orchestrator.py:48)
2026-03-11 22:43:41 [ WARNING] Engine contrast not found (audit_orchestrator.py:48)
2026-03-11 22:43:41 [    INFO] Audit complete: 0 issues found (audit_orchestrator.py:81)
2026-03-11 22:43:41 [    INFO] Audit 18f2ca51-8b6a-4d11-ae49-9b2925f97403 completed with 0 issues (routes.py:146)
2026-03-11 22:43:42 [    INFO] HTTP Request: POST http://test/api/v1/audit "HTTP/1.1 200 OK" (_client.py:1740)
2026-03-11 22:43:42 [ WARNING] Engine wcag not found (audit_orchestrator.py:48)
2026-03-11 22:43:42 [ WARNING] Engine structural not found (audit_orchestrator.py:48)
2026-03-11 22:43:42 [ WARNING] Engine contrast not found (audit_orchestrator.py:48)
2026-03-11 22:43:42 [    INFO] Audit complete: 0 issues found (audit_orchestrator.py:81)
2026-03-11 22:43:42 [    INFO] Audit 2d73d15a-5fd9-4669-9120-8847ef5fa61f completed with 0 issues (routes.py:146)
2026-03-11 22:43:42 [    INFO] HTTP Request: POST http://test/api/v1/audit "HTTP/1.1 200 OK" (_client.py:1740)
2026-03-11 22:43:42 [ WARNING] Engine wcag not found (audit_orchestrator.py:48)
2026-03-11 22:43:42 [ WARNING] Engine structural not found (audit_orchestrator.py:48)
2026-03-11 22:43:42 [ WARNING] Engine contrast not found (audit_orchestrator.py:48)
2026-03-11 22:43:42 [    INFO] Audit complete: 0 issues found (audit_orchestrator.py:81)
2026-03-11 22:43:42 [    INFO] Audit 76aa3c8c-6a8a-4781-ae86-a31704212e94 completed with 0 issues (routes.py:146)
2026-03-11 22:43:42 [    INFO] HTTP Request: POST http://test/api/v1/audit "HTTP/1.1 200 OK" (_client.py:1740)
2026-03-11 22:43:43 [ WARNING] Page returned 404:  (page_controller.py:117)
2026-03-11 22:43:43 [ WARNING] Page returned 404:  (page_controller.py:117)
2026-03-11 22:43:43 [ WARNING] Page returned 404:  (page_controller.py:117)
2026-03-11 22:43:43 [ WARNING] Page returned 404:  (page_controller.py:117)
2026-03-11 22:43:43 [ WARNING] Page returned 404:  (page_controller.py:117)
2026-03-11 22:43:45 [ WARNING] DOM snapshot failed: CDPSession.send: Protocol error (DOMSnapshot.captureSnapshot): invalid CSS property (accessibility_tree.py:191)
2026-03-11 22:43:45 [ WARNING] DOM snapshot failed: CDPSession.send: Protocol error (DOMSnapshot.captureSnapshot): invalid CSS property (accessibility_tree.py:191)
2026-03-11 22:43:45 [ WARNING] DOM snapshot failed: CDPSession.send: Protocol error (DOMSnapshot.captureSnapshot): invalid CSS property (accessibility_tree.py:191)
2026-03-11 22:43:45 [ WARNING] DOM snapshot failed: CDPSession.send: Protocol error (DOMSnapshot.captureSnapshot): invalid CSS property (accessibility_tree.py:191)
2026-03-11 22:43:45 [ WARNING] DOM snapshot failed: CDPSession.send: Protocol error (DOMSnapshot.captureSnapshot): invalid CSS property (accessibility_tree.py:191)
2026-03-11 22:43:45 [ WARNING] Metrics collection failed: 'Page' object has no attribute 'metrics' (page_controller.py:176)
2026-03-11 22:43:45 [ WARNING] Engine wcag not found (audit_orchestrator.py:48)
2026-03-11 22:43:45 [ WARNING] Engine structural not found (audit_orchestrator.py:48)
2026-03-11 22:43:45 [ WARNING] Engine contrast not found (audit_orchestrator.py:48)
2026-03-11 22:43:45 [    INFO] Audit complete: 0 issues found (audit_orchestrator.py:81)
2026-03-11 22:43:45 [    INFO] Audit c86f8af5-0e1b-41fa-b40a-51ecbe5bc35f completed with 0 issues (routes.py:146)
2026-03-11 22:43:45 [    INFO] HTTP Request: POST http://test/api/v1/audit "HTTP/1.1 200 OK" (_client.py:1740)
2026-03-11 22:43:45 [ WARNING] Metrics collection failed: 'Page' object has no attribute 'metrics' (page_controller.py:176)
2026-03-11 22:43:45 [ WARNING] Metrics collection failed: 'Page' object has no attribute 'metrics' (page_controller.py:176)
2026-03-11 22:43:45 [ WARNING] Engine wcag not found (audit_orchestrator.py:48)
2026-03-11 22:43:45 [ WARNING] Engine structural not found (audit_orchestrator.py:48)
2026-03-11 22:43:45 [ WARNING] Engine contrast not found (audit_orchestrator.py:48)
2026-03-11 22:43:45 [    INFO] Audit complete: 0 issues found (audit_orchestrator.py:81)
2026-03-11 22:43:45 [    INFO] Audit 165b2c0a-2291-4acc-b368-68b6c7ec4447 completed with 0 issues (routes.py:146)
2026-03-11 22:43:45 [    INFO] HTTP Request: POST http://test/api/v1/audit "HTTP/1.1 200 OK" (_client.py:1740)
2026-03-11 22:43:45 [ WARNING] Metrics collection failed: 'Page' object has no attribute 'metrics' (page_controller.py:176)
2026-03-11 22:43:45 [ WARNING] Engine wcag not found (audit_orchestrator.py:48)
2026-03-11 22:43:45 [ WARNING] Engine structural not found (audit_orchestrator.py:48)
2026-03-11 22:43:45 [ WARNING] Engine contrast not found (audit_orchestrator.py:48)
2026-03-11 22:43:45 [    INFO] Audit complete: 0 issues found (audit_orchestrator.py:81)
2026-03-11 22:43:45 [    INFO] Audit 8f167208-98ac-42a0-831f-56129d087bed completed with 0 issues (routes.py:146)
2026-03-11 22:43:45 [    INFO] HTTP Request: POST http://test/api/v1/audit "HTTP/1.1 200 OK" (_client.py:1740)
2026-03-11 22:43:45 [ WARNING] Metrics collection failed: 'Page' object has no attribute 'metrics' (page_controller.py:176)
2026-03-11 22:43:45 [ WARNING] Engine wcag not found (audit_orchestrator.py:48)
2026-03-11 22:43:45 [ WARNING] Engine structural not found (audit_orchestrator.py:48)
2026-03-11 22:43:45 [ WARNING] Engine contrast not found (audit_orchestrator.py:48)
2026-03-11 22:43:45 [    INFO] Audit complete: 0 issues found (audit_orchestrator.py:81)
2026-03-11 22:43:45 [    INFO] Audit 409e0bbd-44ff-4946-aa70-b18497ada25c completed with 0 issues (routes.py:146)
2026-03-11 22:43:45 [    INFO] HTTP Request: POST http://test/api/v1/audit "HTTP/1.1 200 OK" (_client.py:1740)
2026-03-11 22:43:45 [ WARNING] Engine wcag not found (audit_orchestrator.py:48)
2026-03-11 22:43:45 [ WARNING] Engine structural not found (audit_orchestrator.py:48)
2026-03-11 22:43:45 [ WARNING] Engine contrast not found (audit_orchestrator.py:48)
2026-03-11 22:43:45 [    INFO] Audit complete: 0 issues found (audit_orchestrator.py:81)
2026-03-11 22:43:45 [    INFO] Audit 06c9c536-e6ac-4a9f-9d61-fb8728f9a25b completed with 0 issues (routes.py:146)
2026-03-11 22:43:45 [    INFO] HTTP Request: POST http://test/api/v1/audit "HTTP/1.1 200 OK" (_client.py:1740)
PASSED                                                                   [ 37%]
------------------------------ live log teardown ------------------------------
2026-03-11 22:43:45 [    INFO] Shutting down AccessLens API... (main.py:46)
2026-03-11 22:43:45 [    INFO] Browser closed (browser_manager.py:117)
2026-03-11 22:43:45 [    INFO] Cleanup complete (main.py:48)

tests/test_contrast_engine.py::test_color_parser 
------------------------------- live log setup --------------------------------
2026-03-11 22:43:45 [    INFO] Starting AccessLens API... (main.py:27)
2026-03-11 22:43:47 [    INFO] Browser initialized successfully (browser_manager.py:59)
2026-03-11 22:43:47 [    INFO] Browser manager initialized (main.py:31)
2026-03-11 22:43:47 [    INFO] Registered 3 engines (main.py:41)
PASSED                                                                   [ 40%]
------------------------------ live log teardown ------------------------------
2026-03-11 22:43:47 [    INFO] Shutting down AccessLens API... (main.py:46)
2026-03-11 22:43:47 [    INFO] Browser closed (browser_manager.py:117)
2026-03-11 22:43:47 [    INFO] Cleanup complete (main.py:48)

tests/test_contrast_engine.py::test_contrast_calculation 
------------------------------- live log setup --------------------------------
2026-03-11 22:43:47 [    INFO] Starting AccessLens API... (main.py:27)
2026-03-11 22:43:48 [    INFO] Browser initialized successfully (browser_manager.py:59)
2026-03-11 22:43:48 [    INFO] Browser manager initialized (main.py:31)
2026-03-11 22:43:48 [    INFO] Registered 3 engines (main.py:41)
PASSED                                                                   [ 42%]
------------------------------ live log teardown ------------------------------
2026-03-11 22:43:48 [    INFO] Shutting down AccessLens API... (main.py:46)
2026-03-11 22:43:49 [    INFO] Browser closed (browser_manager.py:117)
2026-03-11 22:43:49 [    INFO] Cleanup complete (main.py:48)

tests/test_contrast_engine.py::test_contrast_thresholds 
------------------------------- live log setup --------------------------------
2026-03-11 22:43:49 [    INFO] Starting AccessLens API... (main.py:27)
2026-03-11 22:43:50 [    INFO] Browser initialized successfully (browser_manager.py:59)
2026-03-11 22:43:50 [    INFO] Browser manager initialized (main.py:31)
2026-03-11 22:43:50 [    INFO] Registered 3 engines (main.py:41)
PASSED                                                                   [ 45%]
------------------------------ live log teardown ------------------------------
2026-03-11 22:43:50 [    INFO] Shutting down AccessLens API... (main.py:46)
2026-03-11 22:43:50 [    INFO] Browser closed (browser_manager.py:117)
2026-03-11 22:43:50 [    INFO] Cleanup complete (main.py:48)

tests/test_contrast_engine.py::test_contrast_grades 
------------------------------- live log setup --------------------------------
2026-03-11 22:43:50 [    INFO] Starting AccessLens API... (main.py:27)
2026-03-11 22:43:52 [    INFO] Browser initialized successfully (browser_manager.py:59)
2026-03-11 22:43:52 [    INFO] Browser manager initialized (main.py:31)
2026-03-11 22:43:52 [    INFO] Registered 3 engines (main.py:41)
PASSED                                                                   [ 47%]
------------------------------ live log teardown ------------------------------
2026-03-11 22:43:52 [    INFO] Shutting down AccessLens API... (main.py:46)
2026-03-11 22:43:52 [    INFO] Browser closed (browser_manager.py:117)
2026-03-11 22:43:52 [    INFO] Cleanup complete (main.py:48)

tests/test_contrast_engine.py::test_contrast_engine_analysis 
------------------------------- live log setup --------------------------------
2026-03-11 22:43:52 [    INFO] Starting AccessLens API... (main.py:27)
2026-03-11 22:43:53 [    INFO] Browser initialized successfully (browser_manager.py:59)
2026-03-11 22:43:53 [    INFO] Browser manager initialized (main.py:31)
2026-03-11 22:43:53 [    INFO] Registered 3 engines (main.py:41)
PASSED                                                                   [ 50%]
------------------------------ live log teardown ------------------------------
2026-03-11 22:43:55 [    INFO] Shutting down AccessLens API... (main.py:46)
2026-03-11 22:43:55 [    INFO] Browser closed (browser_manager.py:117)
2026-03-11 22:43:55 [    INFO] Cleanup complete (main.py:48)

tests/test_error_recovery.py::test_wcag_engine_recovers_from_axe_timeout 
------------------------------- live log setup --------------------------------
2026-03-11 22:43:55 [    INFO] Starting AccessLens API... (main.py:27)
2026-03-11 22:43:57 [    INFO] Browser initialized successfully (browser_manager.py:59)
2026-03-11 22:43:57 [    INFO] Browser manager initialized (main.py:31)
2026-03-11 22:43:57 [    INFO] Registered 3 engines (main.py:41)
FAILED                                                                   [ 52%]
------------------------------ live log teardown ------------------------------
2026-03-11 22:43:57 [    INFO] Shutting down AccessLens API... (main.py:46)
2026-03-11 22:43:57 [    INFO] Browser closed (browser_manager.py:117)
2026-03-11 22:43:57 [    INFO] Cleanup complete (main.py:48)

tests/test_error_recovery.py::test_wcag_engine_recovers_from_axe_exception 
------------------------------- live log setup --------------------------------
2026-03-11 22:43:57 [    INFO] Starting AccessLens API... (main.py:27)
2026-03-11 22:43:58 [    INFO] Browser initialized successfully (browser_manager.py:59)
2026-03-11 22:43:58 [    INFO] Browser manager initialized (main.py:31)
2026-03-11 22:43:58 [    INFO] Registered 3 engines (main.py:41)
FAILED                                                                   [ 55%]
------------------------------ live log teardown ------------------------------
2026-03-11 22:43:58 [    INFO] Shutting down AccessLens API... (main.py:46)
2026-03-11 22:43:59 [    INFO] Browser closed (browser_manager.py:117)
2026-03-11 22:43:59 [    INFO] Cleanup complete (main.py:48)

tests/test_integration.py::test_complete_audit_flow 
------------------------------- live log setup --------------------------------
2026-03-11 22:43:59 [    INFO] Starting AccessLens API... (main.py:27)
2026-03-11 22:44:00 [    INFO] Browser initialized successfully (browser_manager.py:59)
2026-03-11 22:44:00 [    INFO] Browser manager initialized (main.py:31)
2026-03-11 22:44:00 [    INFO] Registered 3 engines (main.py:41)
-------------------------------- live log call --------------------------------
2026-03-11 22:44:00 [    INFO] Starting audit d496a764-287e-49a6-9ae8-6987bf362477 for URL: https://example.com (routes.py:69)
2026-03-11 22:44:00 [    INFO] Running audit d496a764-287e-49a6-9ae8-6987bf362477 in background (routes.py:138)
2026-03-11 22:44:00 [    INFO] Starting audit for https://example.com (audit_orchestrator.py:31)
2026-03-11 22:44:03 [ WARNING] DOM snapshot failed: CDPSession.send: Protocol error (DOMSnapshot.captureSnapshot): invalid CSS property (accessibility_tree.py:191)
2026-03-11 22:44:03 [ WARNING] Metrics collection failed: 'Page' object has no attribute 'metrics' (page_controller.py:176)
2026-03-11 22:44:03 [    INFO] Audit complete: 0 issues found (audit_orchestrator.py:81)
2026-03-11 22:44:03 [    INFO] Audit d496a764-287e-49a6-9ae8-6987bf362477 completed with 0 issues (routes.py:146)
2026-03-11 22:44:03 [    INFO] HTTP Request: POST http://test/api/v1/audit "HTTP/1.1 200 OK" (_client.py:1740)
2026-03-11 22:44:05 [    INFO] HTTP Request: GET http://test/api/v1/audit/d496a764-287e-49a6-9ae8-6987bf362477/status "HTTP/1.1 200 OK" (_client.py:1740)
2026-03-11 22:44:05 [    INFO] HTTP Request: GET http://test/api/v1/audit/d496a764-287e-49a6-9ae8-6987bf362477 "HTTP/1.1 200 OK" (_client.py:1740)
PASSED                                                                   [ 57%]
------------------------------ live log teardown ------------------------------
2026-03-11 22:44:05 [    INFO] Shutting down AccessLens API... (main.py:46)
2026-03-11 22:44:05 [    INFO] Browser closed (browser_manager.py:117)
2026-03-11 22:44:05 [    INFO] Cleanup complete (main.py:48)

tests/test_integration.py::test_concurrent_audits 
------------------------------- live log setup --------------------------------
2026-03-11 22:44:05 [    INFO] Starting AccessLens API... (main.py:27)
2026-03-11 22:44:07 [    INFO] Browser initialized successfully (browser_manager.py:59)
2026-03-11 22:44:07 [    INFO] Browser manager initialized (main.py:31)
2026-03-11 22:44:07 [    INFO] Registered 3 engines (main.py:41)
-------------------------------- live log call --------------------------------
2026-03-11 22:44:07 [    INFO] Starting audit ffb05c65-2919-4aff-b849-9c6ec2e471be for URL: https://example.com (routes.py:69)
2026-03-11 22:44:07 [    INFO] Running audit ffb05c65-2919-4aff-b849-9c6ec2e471be in background (routes.py:138)
2026-03-11 22:44:07 [    INFO] Starting audit for https://example.com (audit_orchestrator.py:31)
2026-03-11 22:44:09 [ WARNING] DOM snapshot failed: CDPSession.send: Protocol error (DOMSnapshot.captureSnapshot): invalid CSS property (accessibility_tree.py:191)
2026-03-11 22:44:09 [ WARNING] Metrics collection failed: 'Page' object has no attribute 'metrics' (page_controller.py:176)
2026-03-11 22:44:09 [    INFO] Audit complete: 0 issues found (audit_orchestrator.py:81)
2026-03-11 22:44:09 [    INFO] Audit ffb05c65-2919-4aff-b849-9c6ec2e471be completed with 0 issues (routes.py:146)
2026-03-11 22:44:09 [    INFO] HTTP Request: POST http://test/api/v1/audit "HTTP/1.1 200 OK" (_client.py:1740)
2026-03-11 22:44:09 [    INFO] Starting audit cf424549-e0b7-4a3f-8ee9-26c5bafed485 for URL: https://google.com (routes.py:69)
2026-03-11 22:44:09 [    INFO] Running audit cf424549-e0b7-4a3f-8ee9-26c5bafed485 in background (routes.py:138)
2026-03-11 22:44:09 [    INFO] Starting audit for https://google.com (audit_orchestrator.py:31)
2026-03-11 22:44:13 [ WARNING] DOM snapshot failed: CDPSession.send: Protocol error (DOMSnapshot.captureSnapshot): invalid CSS property (accessibility_tree.py:191)
2026-03-11 22:44:14 [ WARNING] Metrics collection failed: 'Page' object has no attribute 'metrics' (page_controller.py:176)
2026-03-11 22:44:14 [    INFO] Audit complete: 0 issues found (audit_orchestrator.py:81)
2026-03-11 22:44:14 [    INFO] Audit cf424549-e0b7-4a3f-8ee9-26c5bafed485 completed with 0 issues (routes.py:146)
2026-03-11 22:44:14 [    INFO] HTTP Request: POST http://test/api/v1/audit "HTTP/1.1 200 OK" (_client.py:1740)
2026-03-11 22:44:14 [    INFO] Starting audit 95d22fa3-85e1-474f-aabb-9b66f8867029 for URL: https://github.com (routes.py:69)
2026-03-11 22:44:14 [    INFO] Running audit 95d22fa3-85e1-474f-aabb-9b66f8867029 in background (routes.py:138)
2026-03-11 22:44:14 [    INFO] Starting audit for https://github.com (audit_orchestrator.py:31)
2026-03-11 22:44:21 [ WARNING] DOM snapshot failed: CDPSession.send: Protocol error (DOMSnapshot.captureSnapshot): invalid CSS property (accessibility_tree.py:191)
2026-03-11 22:44:21 [ WARNING] Metrics collection failed: 'Page' object has no attribute 'metrics' (page_controller.py:176)
2026-03-11 22:44:21 [    INFO] Audit complete: 0 issues found (audit_orchestrator.py:81)
2026-03-11 22:44:21 [    INFO] Audit 95d22fa3-85e1-474f-aabb-9b66f8867029 completed with 0 issues (routes.py:146)
2026-03-11 22:44:21 [    INFO] HTTP Request: POST http://test/api/v1/audit "HTTP/1.1 200 OK" (_client.py:1740)
2026-03-11 22:44:26 [    INFO] HTTP Request: GET http://test/api/v1/audit/ffb05c65-2919-4aff-b849-9c6ec2e471be/status "HTTP/1.1 200 OK" (_client.py:1740)
2026-03-11 22:44:26 [    INFO] HTTP Request: GET http://test/api/v1/audit/cf424549-e0b7-4a3f-8ee9-26c5bafed485/status "HTTP/1.1 200 OK" (_client.py:1740)
2026-03-11 22:44:26 [    INFO] HTTP Request: GET http://test/api/v1/audit/95d22fa3-85e1-474f-aabb-9b66f8867029/status "HTTP/1.1 200 OK" (_client.py:1740)
PASSED                                                                   [ 60%]
------------------------------ live log teardown ------------------------------
2026-03-11 22:44:26 [    INFO] Shutting down AccessLens API... (main.py:46)
2026-03-11 22:44:26 [    INFO] Browser closed (browser_manager.py:117)
2026-03-11 22:44:26 [    INFO] Cleanup complete (main.py:48)

tests/test_integration.py::test_error_handling 
------------------------------- live log setup --------------------------------
2026-03-11 22:44:26 [    INFO] Starting AccessLens API... (main.py:27)
2026-03-11 22:44:28 [    INFO] Browser initialized successfully (browser_manager.py:59)
2026-03-11 22:44:28 [    INFO] Browser manager initialized (main.py:31)
2026-03-11 22:44:28 [    INFO] Registered 3 engines (main.py:41)
-------------------------------- live log call --------------------------------
2026-03-11 22:44:28 [    INFO] HTTP Request: POST http://test/api/v1/audit "HTTP/1.1 422 Unprocessable Entity" (_client.py:1740)
2026-03-11 22:44:28 [    INFO] Starting audit 998f07d8-3b73-4c3a-a7ea-21e0ce966e39 for URL: https://example.com (routes.py:69)
2026-03-11 22:44:28 [    INFO] Running audit 998f07d8-3b73-4c3a-a7ea-21e0ce966e39 in background (routes.py:138)
2026-03-11 22:44:28 [    INFO] Starting audit for https://example.com (audit_orchestrator.py:31)
2026-03-11 22:44:30 [ WARNING] DOM snapshot failed: CDPSession.send: Protocol error (DOMSnapshot.captureSnapshot): invalid CSS property (accessibility_tree.py:191)
2026-03-11 22:44:30 [ WARNING] Metrics collection failed: 'Page' object has no attribute 'metrics' (page_controller.py:176)
2026-03-11 22:44:30 [ WARNING] Engine non_existent_engine not found (audit_orchestrator.py:48)
2026-03-11 22:44:30 [    INFO] Audit complete: 0 issues found (audit_orchestrator.py:81)
2026-03-11 22:44:30 [    INFO] Audit 998f07d8-3b73-4c3a-a7ea-21e0ce966e39 completed with 0 issues (routes.py:146)
2026-03-11 22:44:30 [    INFO] HTTP Request: POST http://test/api/v1/audit "HTTP/1.1 200 OK" (_client.py:1740)
PASSED                                                                   [ 62%]
------------------------------ live log teardown ------------------------------
2026-03-11 22:44:30 [    INFO] Shutting down AccessLens API... (main.py:46)
2026-03-11 22:44:31 [    INFO] Browser closed (browser_manager.py:117)
2026-03-11 22:44:31 [    INFO] Cleanup complete (main.py:48)

tests/test_integration.py::test_system_health 
------------------------------- live log setup --------------------------------
2026-03-11 22:44:31 [    INFO] Starting AccessLens API... (main.py:27)
2026-03-11 22:44:32 [    INFO] Browser initialized successfully (browser_manager.py:59)
2026-03-11 22:44:32 [    INFO] Browser manager initialized (main.py:31)
2026-03-11 22:44:32 [    INFO] Registered 3 engines (main.py:41)
-------------------------------- live log call --------------------------------
2026-03-11 22:44:32 [    INFO] HTTP Request: GET http://test/health "HTTP/1.1 200 OK" (_client.py:1740)
2026-03-11 22:44:32 [    INFO] HTTP Request: GET http://test/health "HTTP/1.1 200 OK" (_client.py:1740)
2026-03-11 22:44:32 [    INFO] HTTP Request: GET http://test/health "HTTP/1.1 200 OK" (_client.py:1740)
2026-03-11 22:44:32 [    INFO] HTTP Request: GET http://test/health "HTTP/1.1 200 OK" (_client.py:1740)
2026-03-11 22:44:32 [    INFO] HTTP Request: GET http://test/health "HTTP/1.1 200 OK" (_client.py:1740)
2026-03-11 22:44:32 [    INFO] HTTP Request: GET http://test/health "HTTP/1.1 200 OK" (_client.py:1740)
2026-03-11 22:44:32 [    INFO] HTTP Request: GET http://test/health "HTTP/1.1 200 OK" (_client.py:1740)
2026-03-11 22:44:32 [    INFO] HTTP Request: GET http://test/health "HTTP/1.1 200 OK" (_client.py:1740)
2026-03-11 22:44:32 [    INFO] HTTP Request: GET http://test/health "HTTP/1.1 200 OK" (_client.py:1740)
2026-03-11 22:44:32 [    INFO] HTTP Request: GET http://test/health "HTTP/1.1 200 OK" (_client.py:1740)
PASSED                                                                   [ 65%]
------------------------------ live log teardown ------------------------------
2026-03-11 22:44:32 [    INFO] Shutting down AccessLens API... (main.py:46)
2026-03-11 22:44:32 [    INFO] Browser closed (browser_manager.py:117)
2026-03-11 22:44:32 [    INFO] Cleanup complete (main.py:48)

tests/test_load.py::test_api_load_capacity 
------------------------------- live log setup --------------------------------
2026-03-11 22:44:32 [    INFO] Starting AccessLens API... (main.py:27)
2026-03-11 22:44:34 [    INFO] Browser initialized successfully (browser_manager.py:59)
2026-03-11 22:44:34 [    INFO] Browser manager initialized (main.py:31)
2026-03-11 22:44:34 [    INFO] Registered 3 engines (main.py:41)
-------------------------------- live log call --------------------------------
2026-03-11 22:44:34 [    INFO] HTTP Request: GET http://test/health "HTTP/1.1 200 OK" (_client.py:1740)
2026-03-11 22:44:34 [    INFO] HTTP Request: GET http://test/health "HTTP/1.1 200 OK" (_client.py:1740)
2026-03-11 22:44:34 [    INFO] HTTP Request: GET http://test/health "HTTP/1.1 200 OK" (_client.py:1740)
2026-03-11 22:44:34 [    INFO] HTTP Request: GET http://test/health "HTTP/1.1 200 OK" (_client.py:1740)
2026-03-11 22:44:34 [    INFO] HTTP Request: GET http://test/health "HTTP/1.1 200 OK" (_client.py:1740)
2026-03-11 22:44:34 [    INFO] HTTP Request: GET http://test/health "HTTP/1.1 200 OK" (_client.py:1740)
2026-03-11 22:44:34 [    INFO] HTTP Request: GET http://test/health "HTTP/1.1 200 OK" (_client.py:1740)
2026-03-11 22:44:34 [    INFO] HTTP Request: GET http://test/health "HTTP/1.1 200 OK" (_client.py:1740)
2026-03-11 22:44:34 [    INFO] HTTP Request: GET http://test/health "HTTP/1.1 200 OK" (_client.py:1740)
2026-03-11 22:44:34 [    INFO] HTTP Request: GET http://test/health "HTTP/1.1 200 OK" (_client.py:1740)
2026-03-11 22:44:34 [    INFO] HTTP Request: GET http://test/health "HTTP/1.1 200 OK" (_client.py:1740)
2026-03-11 22:44:34 [    INFO] HTTP Request: GET http://test/health "HTTP/1.1 200 OK" (_client.py:1740)
2026-03-11 22:44:34 [    INFO] HTTP Request: GET http://test/health "HTTP/1.1 200 OK" (_client.py:1740)
2026-03-11 22:44:34 [    INFO] HTTP Request: GET http://test/health "HTTP/1.1 200 OK" (_client.py:1740)
2026-03-11 22:44:34 [    INFO] HTTP Request: GET http://test/health "HTTP/1.1 200 OK" (_client.py:1740)
2026-03-11 22:44:34 [    INFO] HTTP Request: GET http://test/health "HTTP/1.1 200 OK" (_client.py:1740)
2026-03-11 22:44:34 [    INFO] HTTP Request: GET http://test/health "HTTP/1.1 200 OK" (_client.py:1740)
2026-03-11 22:44:34 [    INFO] HTTP Request: GET http://test/health "HTTP/1.1 200 OK" (_client.py:1740)
2026-03-11 22:44:34 [    INFO] HTTP Request: GET http://test/health "HTTP/1.1 200 OK" (_client.py:1740)
2026-03-11 22:44:34 [    INFO] HTTP Request: GET http://test/health "HTTP/1.1 200 OK" (_client.py:1740)
PASSED                                                                   [ 67%]
------------------------------ live log teardown ------------------------------
2026-03-11 22:44:34 [    INFO] Shutting down AccessLens API... (main.py:46)
2026-03-11 22:44:34 [    INFO] Browser closed (browser_manager.py:117)
2026-03-11 22:44:34 [    INFO] Cleanup complete (main.py:48)

tests/test_performance.py::test_api_response_time 
------------------------------- live log setup --------------------------------
2026-03-11 22:44:34 [    INFO] Starting AccessLens API... (main.py:27)
2026-03-11 22:44:35 [    INFO] Browser initialized successfully (browser_manager.py:59)
2026-03-11 22:44:35 [    INFO] Browser manager initialized (main.py:31)
2026-03-11 22:44:35 [    INFO] Registered 3 engines (main.py:41)
-------------------------------- live log call --------------------------------
2026-03-11 22:44:35 [    INFO] HTTP Request: GET http://test/health "HTTP/1.1 200 OK" (_client.py:1740)
2026-03-11 22:44:35 [    INFO] HTTP Request: GET http://test/ "HTTP/1.1 200 OK" (_client.py:1740)
2026-03-11 22:44:35 [    INFO] HTTP Request: GET http://test/api/v1/engines "HTTP/1.1 200 OK" (_client.py:1740)
PASSED                                                                   [ 70%]
------------------------------ live log teardown ------------------------------
2026-03-11 22:44:35 [    INFO] Shutting down AccessLens API... (main.py:46)
2026-03-11 22:44:36 [    INFO] Browser closed (browser_manager.py:117)
2026-03-11 22:44:36 [    INFO] Cleanup complete (main.py:48)

tests/test_performance.py::test_audit_startup_time 
------------------------------- live log setup --------------------------------
2026-03-11 22:44:36 [    INFO] Starting AccessLens API... (main.py:27)
2026-03-11 22:44:37 [    INFO] Browser initialized successfully (browser_manager.py:59)
2026-03-11 22:44:37 [    INFO] Browser manager initialized (main.py:31)
2026-03-11 22:44:37 [    INFO] Registered 3 engines (main.py:41)
-------------------------------- live log call --------------------------------
2026-03-11 22:44:37 [    INFO] Starting audit f7dcc192-b8f9-4e52-bfe9-7a4050df2235 for URL: https://example.com (routes.py:69)
2026-03-11 22:44:37 [    INFO] Running audit f7dcc192-b8f9-4e52-bfe9-7a4050df2235 in background (routes.py:138)
2026-03-11 22:44:37 [    INFO] Starting audit for https://example.com (audit_orchestrator.py:31)
2026-03-11 22:44:40 [ WARNING] DOM snapshot failed: CDPSession.send: Protocol error (DOMSnapshot.captureSnapshot): invalid CSS property (accessibility_tree.py:191)
2026-03-11 22:44:40 [ WARNING] Metrics collection failed: 'Page' object has no attribute 'metrics' (page_controller.py:176)
2026-03-11 22:44:40 [ WARNING] Engine wcag not found (audit_orchestrator.py:48)
2026-03-11 22:44:40 [ WARNING] Engine structural not found (audit_orchestrator.py:48)
2026-03-11 22:44:40 [ WARNING] Engine contrast not found (audit_orchestrator.py:48)
2026-03-11 22:44:40 [    INFO] Audit complete: 0 issues found (audit_orchestrator.py:81)
2026-03-11 22:44:40 [    INFO] Audit f7dcc192-b8f9-4e52-bfe9-7a4050df2235 completed with 0 issues (routes.py:146)
2026-03-11 22:44:40 [    INFO] HTTP Request: POST http://test/api/v1/audit "HTTP/1.1 200 OK" (_client.py:1740)
PASSED                                                                   [ 72%]
------------------------------ live log teardown ------------------------------
2026-03-11 22:44:40 [    INFO] Shutting down AccessLens API... (main.py:46)
2026-03-11 22:44:40 [    INFO] Browser closed (browser_manager.py:117)
2026-03-11 22:44:40 [    INFO] Cleanup complete (main.py:48)

tests/test_performance.py::test_memory_usage 
------------------------------- live log setup --------------------------------
2026-03-11 22:44:40 [    INFO] Starting AccessLens API... (main.py:27)
2026-03-11 22:44:42 [    INFO] Browser initialized successfully (browser_manager.py:59)
2026-03-11 22:44:42 [    INFO] Browser manager initialized (main.py:31)
2026-03-11 22:44:42 [    INFO] Registered 3 engines (main.py:41)
-------------------------------- live log call --------------------------------
2026-03-11 22:44:42 [    INFO] Starting audit 9ebbbaf6-f78e-4b4c-84ec-0f33bed3ce68 for URL: https://example.com/page0 (routes.py:69)
2026-03-11 22:44:42 [    INFO] Running audit 9ebbbaf6-f78e-4b4c-84ec-0f33bed3ce68 in background (routes.py:138)
2026-03-11 22:44:42 [    INFO] Starting audit for https://example.com/page0 (audit_orchestrator.py:31)
2026-03-11 22:44:43 [ WARNING] Page returned 404:  (page_controller.py:117)
2026-03-11 22:44:44 [ WARNING] DOM snapshot failed: CDPSession.send: Protocol error (DOMSnapshot.captureSnapshot): invalid CSS property (accessibility_tree.py:191)
2026-03-11 22:44:44 [ WARNING] Metrics collection failed: 'Page' object has no attribute 'metrics' (page_controller.py:176)
2026-03-11 22:44:44 [ WARNING] Engine wcag not found (audit_orchestrator.py:48)
2026-03-11 22:44:44 [ WARNING] Engine structural not found (audit_orchestrator.py:48)
2026-03-11 22:44:44 [ WARNING] Engine contrast not found (audit_orchestrator.py:48)
2026-03-11 22:44:44 [    INFO] Audit complete: 0 issues found (audit_orchestrator.py:81)
2026-03-11 22:44:44 [    INFO] Audit 9ebbbaf6-f78e-4b4c-84ec-0f33bed3ce68 completed with 0 issues (routes.py:146)
2026-03-11 22:44:44 [    INFO] HTTP Request: POST http://test/api/v1/audit "HTTP/1.1 200 OK" (_client.py:1740)
2026-03-11 22:44:44 [    INFO] Starting audit ac8b5610-a149-4d06-b66f-6320b6707799 for URL: https://example.com/page1 (routes.py:69)
2026-03-11 22:44:44 [    INFO] Running audit ac8b5610-a149-4d06-b66f-6320b6707799 in background (routes.py:138)
2026-03-11 22:44:44 [    INFO] Starting audit for https://example.com/page1 (audit_orchestrator.py:31)
2026-03-11 22:44:45 [ WARNING] Page returned 404:  (page_controller.py:117)
2026-03-11 22:44:46 [ WARNING] DOM snapshot failed: CDPSession.send: Protocol error (DOMSnapshot.captureSnapshot): invalid CSS property (accessibility_tree.py:191)
2026-03-11 22:44:46 [ WARNING] Metrics collection failed: 'Page' object has no attribute 'metrics' (page_controller.py:176)
2026-03-11 22:44:46 [ WARNING] Engine wcag not found (audit_orchestrator.py:48)
2026-03-11 22:44:46 [ WARNING] Engine structural not found (audit_orchestrator.py:48)
2026-03-11 22:44:46 [ WARNING] Engine contrast not found (audit_orchestrator.py:48)
2026-03-11 22:44:46 [    INFO] Audit complete: 0 issues found (audit_orchestrator.py:81)
2026-03-11 22:44:46 [    INFO] Audit ac8b5610-a149-4d06-b66f-6320b6707799 completed with 0 issues (routes.py:146)
2026-03-11 22:44:46 [    INFO] HTTP Request: POST http://test/api/v1/audit "HTTP/1.1 200 OK" (_client.py:1740)
2026-03-11 22:44:46 [    INFO] Starting audit d7bcaf1d-41f5-4b0a-8675-83b955483b23 for URL: https://example.com/page2 (routes.py:69)
2026-03-11 22:44:46 [    INFO] Running audit d7bcaf1d-41f5-4b0a-8675-83b955483b23 in background (routes.py:138)
2026-03-11 22:44:46 [    INFO] Starting audit for https://example.com/page2 (audit_orchestrator.py:31)
2026-03-11 22:44:47 [ WARNING] Page returned 404:  (page_controller.py:117)
2026-03-11 22:44:48 [ WARNING] DOM snapshot failed: CDPSession.send: Protocol error (DOMSnapshot.captureSnapshot): invalid CSS property (accessibility_tree.py:191)
2026-03-11 22:44:48 [ WARNING] Metrics collection failed: 'Page' object has no attribute 'metrics' (page_controller.py:176)
2026-03-11 22:44:48 [ WARNING] Engine wcag not found (audit_orchestrator.py:48)
2026-03-11 22:44:48 [ WARNING] Engine structural not found (audit_orchestrator.py:48)
2026-03-11 22:44:48 [ WARNING] Engine contrast not found (audit_orchestrator.py:48)
2026-03-11 22:44:48 [    INFO] Audit complete: 0 issues found (audit_orchestrator.py:81)
2026-03-11 22:44:48 [    INFO] Audit d7bcaf1d-41f5-4b0a-8675-83b955483b23 completed with 0 issues (routes.py:146)
2026-03-11 22:44:48 [    INFO] HTTP Request: POST http://test/api/v1/audit "HTTP/1.1 200 OK" (_client.py:1740)
2026-03-11 22:44:48 [    INFO] Starting audit 3893764e-443c-4871-9961-ec3f6bfa54a0 for URL: https://example.com/page3 (routes.py:69)
2026-03-11 22:44:48 [    INFO] Running audit 3893764e-443c-4871-9961-ec3f6bfa54a0 in background (routes.py:138)
2026-03-11 22:44:48 [    INFO] Starting audit for https://example.com/page3 (audit_orchestrator.py:31)
2026-03-11 22:44:49 [ WARNING] Page returned 404:  (page_controller.py:117)
2026-03-11 22:44:50 [ WARNING] DOM snapshot failed: CDPSession.send: Protocol error (DOMSnapshot.captureSnapshot): invalid CSS property (accessibility_tree.py:191)
2026-03-11 22:44:50 [ WARNING] Metrics collection failed: 'Page' object has no attribute 'metrics' (page_controller.py:176)
2026-03-11 22:44:50 [ WARNING] Engine wcag not found (audit_orchestrator.py:48)
2026-03-11 22:44:50 [ WARNING] Engine structural not found (audit_orchestrator.py:48)
2026-03-11 22:44:50 [ WARNING] Engine contrast not found (audit_orchestrator.py:48)
2026-03-11 22:44:50 [    INFO] Audit complete: 0 issues found (audit_orchestrator.py:81)
2026-03-11 22:44:50 [    INFO] Audit 3893764e-443c-4871-9961-ec3f6bfa54a0 completed with 0 issues (routes.py:146)
2026-03-11 22:44:50 [    INFO] HTTP Request: POST http://test/api/v1/audit "HTTP/1.1 200 OK" (_client.py:1740)
2026-03-11 22:44:51 [    INFO] Starting audit 3b5a23be-38f9-468e-b3eb-94c7a3ea0a46 for URL: https://example.com/page4 (routes.py:69)
2026-03-11 22:44:51 [    INFO] Running audit 3b5a23be-38f9-468e-b3eb-94c7a3ea0a46 in background (routes.py:138)
2026-03-11 22:44:51 [    INFO] Starting audit for https://example.com/page4 (audit_orchestrator.py:31)
2026-03-11 22:44:51 [ WARNING] Page returned 404:  (page_controller.py:117)
2026-03-11 22:44:53 [ WARNING] DOM snapshot failed: CDPSession.send: Protocol error (DOMSnapshot.captureSnapshot): invalid CSS property (accessibility_tree.py:191)
2026-03-11 22:44:53 [ WARNING] Metrics collection failed: 'Page' object has no attribute 'metrics' (page_controller.py:176)
2026-03-11 22:44:53 [ WARNING] Engine wcag not found (audit_orchestrator.py:48)
2026-03-11 22:44:53 [ WARNING] Engine structural not found (audit_orchestrator.py:48)
2026-03-11 22:44:53 [ WARNING] Engine contrast not found (audit_orchestrator.py:48)
2026-03-11 22:44:53 [    INFO] Audit complete: 0 issues found (audit_orchestrator.py:81)
2026-03-11 22:44:53 [    INFO] Audit 3b5a23be-38f9-468e-b3eb-94c7a3ea0a46 completed with 0 issues (routes.py:146)
2026-03-11 22:44:53 [    INFO] HTTP Request: POST http://test/api/v1/audit "HTTP/1.1 200 OK" (_client.py:1740)
PASSED                                                                   [ 75%]
------------------------------ live log teardown ------------------------------
2026-03-11 22:44:53 [    INFO] Shutting down AccessLens API... (main.py:46)
2026-03-11 22:44:53 [    INFO] Browser closed (browser_manager.py:117)
2026-03-11 22:44:53 [    INFO] Cleanup complete (main.py:48)

tests/test_performance.py::test_concurrent_audit_performance 
------------------------------- live log setup --------------------------------
2026-03-11 22:44:53 [    INFO] Starting AccessLens API... (main.py:27)
2026-03-11 22:44:54 [    INFO] Browser initialized successfully (browser_manager.py:59)
2026-03-11 22:44:54 [    INFO] Browser manager initialized (main.py:31)
2026-03-11 22:44:54 [    INFO] Registered 3 engines (main.py:41)
-------------------------------- live log call --------------------------------
2026-03-11 22:44:54 [    INFO] Starting audit 07e1abff-597d-4414-9250-5f63786fa4d5 for URL: https://example.com/page0 (routes.py:69)
2026-03-11 22:44:54 [    INFO] Starting audit 9ca3c083-555f-45fe-9025-16c8a96bf1c9 for URL: https://example.com/page1 (routes.py:69)
2026-03-11 22:44:54 [    INFO] Starting audit d1715c15-af02-423b-9cfa-f928adbcfd6b for URL: https://example.com/page2 (routes.py:69)
2026-03-11 22:44:54 [    INFO] Starting audit 53405172-e72e-4820-896d-50043c003c02 for URL: https://example.com/page3 (routes.py:69)
2026-03-11 22:44:54 [    INFO] Starting audit 7b5b8ad3-e409-45e3-8b2f-b4ab9a475e53 for URL: https://example.com/page5 (routes.py:69)
2026-03-11 22:44:54 [    INFO] Starting audit 3acb56f2-b8de-4798-ad2f-cd66e1ba335a for URL: https://example.com/page6 (routes.py:69)
2026-03-11 22:44:54 [    INFO] Starting audit 9717b5d7-3736-4636-924c-eb01c8494257 for URL: https://example.com/page7 (routes.py:69)
2026-03-11 22:44:54 [    INFO] Starting audit 23ca7b35-2e8c-436c-b165-b8efc0d2e3d5 for URL: https://example.com/page8 (routes.py:69)
2026-03-11 22:44:54 [    INFO] Starting audit d5480927-eb84-4333-b282-92b541059e34 for URL: https://example.com/page9 (routes.py:69)
2026-03-11 22:44:54 [    INFO] Running audit 07e1abff-597d-4414-9250-5f63786fa4d5 in background (routes.py:138)
2026-03-11 22:44:54 [    INFO] Starting audit for https://example.com/page0 (audit_orchestrator.py:31)
2026-03-11 22:44:54 [    INFO] Running audit 9ca3c083-555f-45fe-9025-16c8a96bf1c9 in background (routes.py:138)
2026-03-11 22:44:54 [    INFO] Starting audit for https://example.com/page1 (audit_orchestrator.py:31)
2026-03-11 22:44:54 [    INFO] Running audit d1715c15-af02-423b-9cfa-f928adbcfd6b in background (routes.py:138)
2026-03-11 22:44:54 [    INFO] Starting audit for https://example.com/page2 (audit_orchestrator.py:31)
2026-03-11 22:44:54 [    INFO] Running audit 53405172-e72e-4820-896d-50043c003c02 in background (routes.py:138)
2026-03-11 22:44:54 [    INFO] Starting audit for https://example.com/page3 (audit_orchestrator.py:31)
2026-03-11 22:44:54 [    INFO] Running audit 7b5b8ad3-e409-45e3-8b2f-b4ab9a475e53 in background (routes.py:138)
2026-03-11 22:44:54 [    INFO] Starting audit for https://example.com/page5 (audit_orchestrator.py:31)
2026-03-11 22:44:54 [    INFO] Running audit 3acb56f2-b8de-4798-ad2f-cd66e1ba335a in background (routes.py:138)
2026-03-11 22:44:54 [    INFO] Starting audit for https://example.com/page6 (audit_orchestrator.py:31)
2026-03-11 22:44:54 [ WARNING] Max concurrent pages reached, waiting... (browser_manager.py:76)
2026-03-11 22:44:54 [    INFO] Running audit 9717b5d7-3736-4636-924c-eb01c8494257 in background (routes.py:138)
2026-03-11 22:44:54 [    INFO] Starting audit for https://example.com/page7 (audit_orchestrator.py:31)
2026-03-11 22:44:54 [ WARNING] Max concurrent pages reached, waiting... (browser_manager.py:76)
2026-03-11 22:44:54 [    INFO] Running audit 23ca7b35-2e8c-436c-b165-b8efc0d2e3d5 in background (routes.py:138)
2026-03-11 22:44:54 [    INFO] Starting audit for https://example.com/page8 (audit_orchestrator.py:31)
2026-03-11 22:44:54 [ WARNING] Max concurrent pages reached, waiting... (browser_manager.py:76)
2026-03-11 22:44:54 [    INFO] Running audit d5480927-eb84-4333-b282-92b541059e34 in background (routes.py:138)
2026-03-11 22:44:54 [    INFO] Starting audit for https://example.com/page9 (audit_orchestrator.py:31)
2026-03-11 22:44:54 [ WARNING] Max concurrent pages reached, waiting... (browser_manager.py:76)
2026-03-11 22:44:54 [    INFO] HTTP Request: POST http://test/api/v1/audit "HTTP/1.1 429 Too Many Requests" (_client.py:1740)
2026-03-11 22:44:55 [ WARNING] Max concurrent pages reached, waiting... (browser_manager.py:76)
2026-03-11 22:44:55 [ WARNING] Max concurrent pages reached, waiting... (browser_manager.py:76)
2026-03-11 22:44:55 [ WARNING] Max concurrent pages reached, waiting... (browser_manager.py:76)
2026-03-11 22:44:55 [ WARNING] Max concurrent pages reached, waiting... (browser_manager.py:76)
2026-03-11 22:44:56 [ WARNING] Page returned 404:  (page_controller.py:117)
2026-03-11 22:44:56 [ WARNING] Page returned 404:  (page_controller.py:117)
2026-03-11 22:44:56 [ WARNING] Page returned 404:  (page_controller.py:117)
2026-03-11 22:44:56 [ WARNING] Page returned 404:  (page_controller.py:117)
2026-03-11 22:44:56 [ WARNING] Page returned 404:  (page_controller.py:117)
2026-03-11 22:44:56 [ WARNING] Max concurrent pages reached, waiting... (browser_manager.py:76)
2026-03-11 22:44:56 [ WARNING] Max concurrent pages reached, waiting... (browser_manager.py:76)
2026-03-11 22:44:56 [ WARNING] Max concurrent pages reached, waiting... (browser_manager.py:76)
2026-03-11 22:44:56 [ WARNING] Max concurrent pages reached, waiting... (browser_manager.py:76)
2026-03-11 22:44:57 [ WARNING] DOM snapshot failed: CDPSession.send: Protocol error (DOMSnapshot.captureSnapshot): invalid CSS property (accessibility_tree.py:191)
2026-03-11 22:44:57 [ WARNING] DOM snapshot failed: CDPSession.send: Protocol error (DOMSnapshot.captureSnapshot): invalid CSS property (accessibility_tree.py:191)
2026-03-11 22:44:57 [ WARNING] DOM snapshot failed: CDPSession.send: Protocol error (DOMSnapshot.captureSnapshot): invalid CSS property (accessibility_tree.py:191)
2026-03-11 22:44:57 [ WARNING] DOM snapshot failed: CDPSession.send: Protocol error (DOMSnapshot.captureSnapshot): invalid CSS property (accessibility_tree.py:191)
2026-03-11 22:44:57 [ WARNING] DOM snapshot failed: CDPSession.send: Protocol error (DOMSnapshot.captureSnapshot): invalid CSS property (accessibility_tree.py:191)
2026-03-11 22:44:57 [ WARNING] Max concurrent pages reached, waiting... (browser_manager.py:76)
2026-03-11 22:44:57 [ WARNING] Max concurrent pages reached, waiting... (browser_manager.py:76)
2026-03-11 22:44:57 [ WARNING] Max concurrent pages reached, waiting... (browser_manager.py:76)
2026-03-11 22:44:57 [ WARNING] Max concurrent pages reached, waiting... (browser_manager.py:76)
2026-03-11 22:44:58 [ WARNING] Metrics collection failed: 'Page' object has no attribute 'metrics' (page_controller.py:176)
2026-03-11 22:44:58 [ WARNING] Metrics collection failed: 'Page' object has no attribute 'metrics' (page_controller.py:176)
2026-03-11 22:44:58 [   ERROR] Page setup failed: <asyncio.locks.Lock object at 0x000001857870E120 [locked]> is bound to a different event loop (audit_orchestrator.py:105)
2026-03-11 22:44:58 [    INFO] Audit 7b5b8ad3-e409-45e3-8b2f-b4ab9a475e53 completed with 0 issues (routes.py:146)
2026-03-11 22:44:58 [    INFO] HTTP Request: POST http://test/api/v1/audit "HTTP/1.1 200 OK" (_client.py:1740)
2026-03-11 22:44:58 [ WARNING] Metrics collection failed: 'Page' object has no attribute 'metrics' (page_controller.py:176)
2026-03-11 22:44:58 [   ERROR] Page setup failed: <asyncio.locks.Lock object at 0x000001857870E120 [locked]> is bound to a different event loop (audit_orchestrator.py:105)
2026-03-11 22:44:58 [    INFO] Audit 07e1abff-597d-4414-9250-5f63786fa4d5 completed with 0 issues (routes.py:146)
2026-03-11 22:44:58 [    INFO] HTTP Request: POST http://test/api/v1/audit "HTTP/1.1 200 OK" (_client.py:1740)
2026-03-11 22:44:58 [ WARNING] Engine wcag not found (audit_orchestrator.py:48)
2026-03-11 22:44:58 [ WARNING] Engine structural not found (audit_orchestrator.py:48)
2026-03-11 22:44:58 [ WARNING] Engine contrast not found (audit_orchestrator.py:48)
2026-03-11 22:44:58 [    INFO] Audit complete: 0 issues found (audit_orchestrator.py:81)
2026-03-11 22:44:58 [    INFO] Audit d1715c15-af02-423b-9cfa-f928adbcfd6b completed with 0 issues (routes.py:146)
2026-03-11 22:44:58 [    INFO] HTTP Request: POST http://test/api/v1/audit "HTTP/1.1 200 OK" (_client.py:1740)
2026-03-11 22:44:58 [ WARNING] Metrics collection failed: 'Page' object has no attribute 'metrics' (page_controller.py:176)
2026-03-11 22:44:58 [ WARNING] Engine wcag not found (audit_orchestrator.py:48)
2026-03-11 22:44:58 [ WARNING] Engine structural not found (audit_orchestrator.py:48)
2026-03-11 22:44:58 [ WARNING] Engine contrast not found (audit_orchestrator.py:48)
2026-03-11 22:44:58 [    INFO] Audit complete: 0 issues found (audit_orchestrator.py:81)
2026-03-11 22:44:58 [    INFO] Audit 53405172-e72e-4820-896d-50043c003c02 completed with 0 issues (routes.py:146)
2026-03-11 22:44:58 [    INFO] HTTP Request: POST http://test/api/v1/audit "HTTP/1.1 200 OK" (_client.py:1740)
2026-03-11 22:44:58 [ WARNING] Metrics collection failed: 'Page' object has no attribute 'metrics' (page_controller.py:176)
2026-03-11 22:44:58 [ WARNING] Engine wcag not found (audit_orchestrator.py:48)
2026-03-11 22:44:58 [ WARNING] Engine structural not found (audit_orchestrator.py:48)
2026-03-11 22:44:58 [ WARNING] Engine contrast not found (audit_orchestrator.py:48)
2026-03-11 22:44:58 [    INFO] Audit complete: 0 issues found (audit_orchestrator.py:81)
2026-03-11 22:44:58 [    INFO] Audit 9ca3c083-555f-45fe-9025-16c8a96bf1c9 completed with 0 issues (routes.py:146)
2026-03-11 22:44:58 [    INFO] HTTP Request: POST http://test/api/v1/audit "HTTP/1.1 200 OK" (_client.py:1740)
2026-03-11 22:44:58 [ WARNING] Max concurrent pages reached, waiting... (browser_manager.py:76)
2026-03-11 22:44:59 [ WARNING] Page returned 404:  (page_controller.py:117)
2026-03-11 22:44:59 [ WARNING] Page returned 404:  (page_controller.py:117)
2026-03-11 22:44:59 [ WARNING] Page returned 404:  (page_controller.py:117)
2026-03-11 22:44:59 [ WARNING] Max concurrent pages reached, waiting... (browser_manager.py:76)
2026-03-11 22:45:01 [ WARNING] Max concurrent pages reached, waiting... (browser_manager.py:76)
2026-03-11 22:45:01 [ WARNING] DOM snapshot failed: CDPSession.send: Protocol error (DOMSnapshot.captureSnapshot): invalid CSS property (accessibility_tree.py:191)
2026-03-11 22:45:01 [ WARNING] DOM snapshot failed: CDPSession.send: Protocol error (DOMSnapshot.captureSnapshot): invalid CSS property (accessibility_tree.py:191)
2026-03-11 22:45:01 [ WARNING] DOM snapshot failed: CDPSession.send: Protocol error (DOMSnapshot.captureSnapshot): invalid CSS property (accessibility_tree.py:191)
2026-03-11 22:45:01 [ WARNING] Metrics collection failed: 'Page' object has no attribute 'metrics' (page_controller.py:176)
2026-03-11 22:45:01 [ WARNING] Engine wcag not found (audit_orchestrator.py:48)
2026-03-11 22:45:01 [ WARNING] Engine structural not found (audit_orchestrator.py:48)
2026-03-11 22:45:01 [ WARNING] Engine contrast not found (audit_orchestrator.py:48)
2026-03-11 22:45:01 [    INFO] Audit complete: 0 issues found (audit_orchestrator.py:81)
2026-03-11 22:45:01 [    INFO] Audit 3acb56f2-b8de-4798-ad2f-cd66e1ba335a completed with 0 issues (routes.py:146)
2026-03-11 22:45:01 [    INFO] HTTP Request: POST http://test/api/v1/audit "HTTP/1.1 200 OK" (_client.py:1740)
2026-03-11 22:45:01 [ WARNING] Metrics collection failed: 'Page' object has no attribute 'metrics' (page_controller.py:176)
2026-03-11 22:45:01 [ WARNING] Metrics collection failed: 'Page' object has no attribute 'metrics' (page_controller.py:176)
2026-03-11 22:45:01 [   ERROR] Page setup failed: <asyncio.locks.Lock object at 0x000001857870E120 [locked]> is bound to a different event loop (audit_orchestrator.py:105)
2026-03-11 22:45:01 [    INFO] Audit 23ca7b35-2e8c-436c-b165-b8efc0d2e3d5 completed with 0 issues (routes.py:146)
2026-03-11 22:45:01 [    INFO] HTTP Request: POST http://test/api/v1/audit "HTTP/1.1 200 OK" (_client.py:1740)
2026-03-11 22:45:01 [ WARNING] Engine wcag not found (audit_orchestrator.py:48)
2026-03-11 22:45:01 [ WARNING] Engine structural not found (audit_orchestrator.py:48)
2026-03-11 22:45:01 [ WARNING] Engine contrast not found (audit_orchestrator.py:48)
2026-03-11 22:45:01 [    INFO] Audit complete: 0 issues found (audit_orchestrator.py:81)
2026-03-11 22:45:01 [    INFO] Audit 9717b5d7-3736-4636-924c-eb01c8494257 completed with 0 issues (routes.py:146)
2026-03-11 22:45:01 [    INFO] HTTP Request: POST http://test/api/v1/audit "HTTP/1.1 200 OK" (_client.py:1740)
2026-03-11 22:45:02 [ WARNING] Page returned 404:  (page_controller.py:117)
2026-03-11 22:45:03 [ WARNING] DOM snapshot failed: CDPSession.send: Protocol error (DOMSnapshot.captureSnapshot): invalid CSS property (accessibility_tree.py:191)
2026-03-11 22:45:04 [ WARNING] Metrics collection failed: 'Page' object has no attribute 'metrics' (page_controller.py:176)
2026-03-11 22:45:04 [ WARNING] Engine wcag not found (audit_orchestrator.py:48)
2026-03-11 22:45:04 [ WARNING] Engine structural not found (audit_orchestrator.py:48)
2026-03-11 22:45:04 [ WARNING] Engine contrast not found (audit_orchestrator.py:48)
2026-03-11 22:45:04 [    INFO] Audit complete: 0 issues found (audit_orchestrator.py:81)
2026-03-11 22:45:04 [    INFO] Audit d5480927-eb84-4333-b282-92b541059e34 completed with 0 issues (routes.py:146)
2026-03-11 22:45:04 [    INFO] HTTP Request: POST http://test/api/v1/audit "HTTP/1.1 200 OK" (_client.py:1740)
FAILED                                                                   [ 77%]
------------------------------ live log teardown ------------------------------
2026-03-11 22:45:04 [    INFO] Shutting down AccessLens API... (main.py:46)
2026-03-11 22:45:04 [    INFO] Browser closed (browser_manager.py:117)
2026-03-11 22:45:04 [    INFO] Cleanup complete (main.py:48)


================================== FAILURES ===================================
_________________________ test_invalid_url_validation _________________________
tests\test_api.py:122: in test_invalid_url_validation
    assert response.status_code == 200
E   assert 422 == 200
E    +  where 422 = <Response [422 Unprocessable Entity]>.status_code
---------------------------- Captured stdout setup ----------------------------
{"timestamp": "2026-03-11T17:13:26.978602", "level": "INFO", "logger": "app.main", "module": "main", "function": "lifespan", "line": 27, "message": "Starting AccessLens API..."}
{"timestamp": "2026-03-11T17:13:28.219873", "level": "INFO", "logger": "app.core.browser_manager", "module": "browser_manager", "function": "initialize", "line": 59, "message": "Browser initialized successfully"}
{"timestamp": "2026-03-11T17:13:28.220288", "level": "INFO", "logger": "app.main", "module": "main", "function": "lifespan", "line": 31, "message": "Browser manager initialized"}
{"timestamp": "2026-03-11T17:13:28.220585", "level": "INFO", "logger": "app.main", "module": "main", "function": "lifespan", "line": 41, "message": "Registered 3 engines"}
----------------------------- Captured log setup ------------------------------
INFO     app.main:main.py:27 Starting AccessLens API...
INFO     app.core.browser_manager:browser_manager.py:59 Browser initialized successfully
INFO     app.main:main.py:31 Browser manager initialized
INFO     app.main:main.py:41 Registered 3 engines
---------------------------- Captured stdout call -----------------------------
{"timestamp": "2026-03-11T17:13:28.227020", "level": "INFO", "logger": "httpx", "module": "_client", "function": "_send_single_request", "line": 1740, "message": "HTTP Request: POST http://test/api/v1/audit \"HTTP/1.1 422 Unprocessable Entity\""}
------------------------------ Captured log call ------------------------------
INFO     httpx:_client.py:1740 HTTP Request: POST http://test/api/v1/audit "HTTP/1.1 422 Unprocessable Entity"
-------------------------- Captured stdout teardown ---------------------------
{"timestamp": "2026-03-11T17:13:28.245263", "level": "INFO", "logger": "app.main", "module": "main", "function": "lifespan", "line": 46, "message": "Shutting down AccessLens API..."}
{"timestamp": "2026-03-11T17:13:28.453219", "level": "INFO", "logger": "app.core.browser_manager", "module": "browser_manager", "function": "close", "line": 117, "message": "Browser closed"}
{"timestamp": "2026-03-11T17:13:28.453630", "level": "INFO", "logger": "app.main", "module": "main", "function": "lifespan", "line": 48, "message": "Cleanup complete"}
---------------------------- Captured log teardown ----------------------------
INFO     app.main:main.py:46 Shutting down AccessLens API...
INFO     app.core.browser_manager:browser_manager.py:117 Browser closed
INFO     app.main:main.py:48 Cleanup complete
________________________ test_color_parser_edge_cases _________________________
tests\test_color_utils_edge.py:8: in test_color_parser_edge_cases
    assert ColorParser.parse("FFF") == RGBColor(255, 255, 255) # Assuming parsing FFF as FFFFFF
    ^^^^^^^^^^^^^^^^^^^^^^^^^^^^^^^^^^^^^^^^^^^^^^^^^^^^^^^^^^
E   AssertionError: assert None == RGBColor(r=255, g=255, b=255)
E    +  where None = <function ColorParser.parse at 0x0000018578E34EA0>('FFF')
E    +    where <function ColorParser.parse at 0x0000018578E34EA0> = ColorParser.parse
E    +  and   RGBColor(r=255, g=255, b=255) = RGBColor(255, 255, 255)
---------------------------- Captured stdout setup ----------------------------
{"timestamp": "2026-03-11T17:13:34.066942", "level": "INFO", "logger": "app.main", "module": "main", "function": "lifespan", "line": 27, "message": "Starting AccessLens API..."}
{"timestamp": "2026-03-11T17:13:35.339830", "level": "INFO", "logger": "app.core.browser_manager", "module": "browser_manager", "function": "initialize", "line": 59, "message": "Browser initialized successfully"}
{"timestamp": "2026-03-11T17:13:35.340695", "level": "INFO", "logger": "app.main", "module": "main", "function": "lifespan", "line": 31, "message": "Browser manager initialized"}
{"timestamp": "2026-03-11T17:13:35.341256", "level": "INFO", "logger": "app.main", "module": "main", "function": "lifespan", "line": 41, "message": "Registered 3 engines"}
----------------------------- Captured log setup ------------------------------
INFO     app.main:main.py:27 Starting AccessLens API...
INFO     app.core.browser_manager:browser_manager.py:59 Browser initialized successfully
INFO     app.main:main.py:31 Browser manager initialized
INFO     app.main:main.py:41 Registered 3 engines
-------------------------- Captured stdout teardown ---------------------------
{"timestamp": "2026-03-11T17:13:35.356663", "level": "INFO", "logger": "app.main", "module": "main", "function": "lifespan", "line": 46, "message": "Shutting down AccessLens API..."}
{"timestamp": "2026-03-11T17:13:35.569119", "level": "INFO", "logger": "app.core.browser_manager", "module": "browser_manager", "function": "close", "line": 117, "message": "Browser closed"}
{"timestamp": "2026-03-11T17:13:35.569516", "level": "INFO", "logger": "app.main", "module": "main", "function": "lifespan", "line": 48, "message": "Cleanup complete"}
---------------------------- Captured log teardown ----------------------------
INFO     app.main:main.py:46 Shutting down AccessLens API...
INFO     app.core.browser_manager:browser_manager.py:117 Browser closed
INFO     app.main:main.py:48 Cleanup complete
_________________ test_wcag_engine_recovers_from_axe_timeout __________________
app\engines\wcag_engine.py:45: in analyze
    results = await asyncio.wait_for(self.axe.run(page), timeout=30.0)
[...]
{"timestamp": "2026-03-11T17:15:01.331108", "level": "WARNING", "logger": "app.core.audit_orchestrator", "module": "audit_orchestrator", "function": "run_audit", "line": 48, "message": "Engine contrast not found"}
{"timestamp": "2026-03-11T17:15:01.331762", "level": "INFO", "logger": "app.core.audit_orchestrator", "module": "audit_orchestrator", "function": "run_audit", "line": 81, "message": "Audit complete: 0 issues found"}
{"timestamp": "2026-03-11T17:15:01.332034", "level": "INFO", "logger": "app.api.routes", "module": "routes", "function": "run_audit_background", "line": 146, "message": "Audit 3acb56f2-b8de-4798-ad2f-cd66e1ba335a completed with 0 issues"}
{"timestamp": "2026-03-11T17:15:01.333037", "level": "INFO", "logger": "httpx", "module": "_client", "function": "_send_single_request", "line": 1740, "message": "HTTP Request: POST http://test/api/v1/audit \"HTTP/1.1 200 OK\""}
{"timestamp": "2026-03-11T17:15:01.343762", "level": "WARNING", "logger": "app.core.page_controller", "module": "page_controller", "function": "_get_page_metrics", "line": 176, "message": "Metrics collection failed: 'Page' object has no attribute 'metrics'"}
{"timestamp": "2026-03-11T17:15:01.355454", "level": "WARNING", "logger": "app.core.page_controller", "module": "page_controller", "function": "_get_page_metrics", "line": 176, "message": "Metrics collection failed: 'Page' object has no attribute 'metrics'"}
{"timestamp": "2026-03-11T17:15:01.355916", "level": "ERROR", "logger": "app.core.audit_orchestrator", "module": "audit_orchestrator", "function": "_setup_page", "line": 105, "message": "Page setup failed: <asyncio.locks.Lock object at 0x000001857870E120 [locked]> is bound to a different event loop"}
{"timestamp": "2026-03-11T17:15:01.356349", "level": "INFO", "logger": "app.api.routes", "module": "routes", "function": "run_audit_background", "line": 146, "message": "Audit 23ca7b35-2e8c-436c-b165-b8efc0d2e3d5 completed with 0 issues"}
{"timestamp": "2026-03-11T17:15:01.356958", "level": "INFO", "logger": "httpx", "module": "_client", "function": "_send_single_request", "line": 1740, "message": "HTTP Request: POST http://test/api/v1/audit \"HTTP/1.1 200 OK\""}
{"timestamp": "2026-03-11T17:15:01.360557", "level": "WARNING", "logger": "app.core.audit_orchestrator", "module": "audit_orchestrator", "function": "run_audit", "line": 48, "message": "Engine wcag not found"}
{"timestamp": "2026-03-11T17:15:01.361397", "level": "WARNING", "logger": "app.core.audit_orchestrator", "module": "audit_orchestrator", "function": "run_audit", "line": 48, "message": "Engine structural not found"}
{"timestamp": "2026-03-11T17:15:01.361957", "level": "WARNING", "logger": "app.core.audit_orchestrator", "module": "audit_orchestrator", "function": "run_audit", "line": 48, "message": "Engine contrast not found"}
{"timestamp": "2026-03-11T17:15:01.364967", "level": "INFO", "logger": "app.core.audit_orchestrator", "module": "audit_orchestrator", "function": "run_audit", "line": 81, "message": "Audit complete: 0 issues found"}
{"timestamp": "2026-03-11T17:15:01.365415", "level": "INFO", "logger": "app.api.routes", "module": "routes", "function": "run_audit_background", "line": 146, "message": "Audit 9717b5d7-3736-4636-924c-eb01c8494257 completed with 0 issues"}
{"timestamp": "2026-03-11T17:15:01.366634", "level": "INFO", "logger": "httpx", "module": "_client", "function": "_send_single_request", "line": 1740, "message": "HTTP Request: POST http://test/api/v1/audit \"HTTP/1.1 200 OK\""}
{"timestamp": "2026-03-11T17:15:02.724291", "level": "WARNING", "logger": "app.core.page_controller", "module": "page_controller", "function": "_navigate", "line": 117, "message": "Page returned 404: "}
{"timestamp": "2026-03-11T17:15:03.988870", "level": "WARNING", "logger": "app.core.accessibility_tree", "module": "accessibility_tree", "function": "_get_dom_snapshot", "line": 191, "message": "DOM snapshot failed: CDPSession.send: Protocol error (DOMSnapshot.captureSnapshot): invalid CSS property"}
{"timestamp": "2026-03-11T17:15:04.192821", "level": "WARNING", "logger": "app.core.page_controller", "module": "page_controller", "function": "_get_page_metrics", "line": 176, "message": "Metrics collection failed: 'Page' object has no attribute 'metrics'"}
{"timestamp": "2026-03-11T17:15:04.209277", "level": "WARNING", "logger": "app.core.audit_orchestrator", "module": "audit_orchestrator", "function": "run_audit", "line": 48, "message": "Engine wcag not found"}
{"timestamp": "2026-03-11T17:15:04.209619", "level": "WARNING", "logger": "app.core.audit_orchestrator", "module": "audit_orchestrator", "function": "run_audit", "line": 48, "message": "Engine structural not found"}
{"timestamp": "2026-03-11T17:15:04.209795", "level": "WARNING", "logger": "app.core.audit_orchestrator", "module": "audit_orchestrator", "function": "run_audit", "line": 48, "message": "Engine contrast not found"}
{"timestamp": "2026-03-11T17:15:04.210272", "level": "INFO", "logger": "app.core.audit_orchestrator", "module": "audit_orchestrator", "function": "run_audit", "line": 81, "message": "Audit complete: 0 issues found"}
{"timestamp": "2026-03-11T17:15:04.210590", "level": "INFO", "logger": "app.api.routes", "module": "routes", "function": "run_audit_background", "line": 146, "message": "Audit d5480927-eb84-4333-b282-92b541059e34 completed with 0 issues"}
{"timestamp": "2026-03-11T17:15:04.211523", "level": "INFO", "logger": "httpx", "module": "_client", "function": "_send_single_request", "line": 1740, "message": "HTTP Request: POST http://test/api/v1/audit \"HTTP/1.1 200 OK\""}
------------------------------ Captured log call ------------------------------
INFO     app.api.routes:routes.py:69 Starting audit 07e1abff-597d-4414-9250-5f63786fa4d5 for URL: https://example.com/page0
INFO     app.api.routes:routes.py:69 Starting audit 9ca3c083-555f-45fe-9025-16c8a96bf1c9 for URL: https://example.com/page1
INFO     app.api.routes:routes.py:69 Starting audit d1715c15-af02-423b-9cfa-f928adbcfd6b for URL: https://example.com/page2
INFO     app.api.routes:routes.py:69 Starting audit 53405172-e72e-4820-896d-50043c003c02 for URL: https://example.com/page3
INFO     app.api.routes:routes.py:69 Starting audit 7b5b8ad3-e409-45e3-8b2f-b4ab9a475e53 for URL: https://example.com/page5
INFO     app.api.routes:routes.py:69 Starting audit 3acb56f2-b8de-4798-ad2f-cd66e1ba335a for URL: https://example.com/page6
INFO     app.api.routes:routes.py:69 Starting audit 9717b5d7-3736-4636-924c-eb01c8494257 for URL: https://example.com/page7
INFO     app.api.routes:routes.py:69 Starting audit 23ca7b35-2e8c-436c-b165-b8efc0d2e3d5 for URL: https://example.com/page8
INFO     app.api.routes:routes.py:69 Starting audit d5480927-eb84-4333-b282-92b541059e34 for URL: https://example.com/page9
INFO     app.api.routes:routes.py:138 Running audit 07e1abff-597d-4414-9250-5f63786fa4d5 in background
INFO     app.core.audit_orchestrator:audit_orchestrator.py:31 Starting audit for https://example.com/page0
INFO     app.api.routes:routes.py:138 Running audit 9ca3c083-555f-45fe-9025-16c8a96bf1c9 in background
INFO     app.core.audit_orchestrator:audit_orchestrator.py:31 Starting audit for https://example.com/page1
INFO     app.api.routes:routes.py:138 Running audit d1715c15-af02-423b-9cfa-f928adbcfd6b in background
INFO     app.core.audit_orchestrator:audit_orchestrator.py:31 Starting audit for https://example.com/page2
INFO     app.api.routes:routes.py:138 Running audit 53405172-e72e-4820-896d-50043c003c02 in background
INFO     app.core.audit_orchestrator:audit_orchestrator.py:31 Starting audit for https://example.com/page3
INFO     app.api.routes:routes.py:138 Running audit 7b5b8ad3-e409-45e3-8b2f-b4ab9a475e53 in background
INFO     app.core.audit_orchestrator:audit_orchestrator.py:31 Starting audit for https://example.com/page5
INFO     app.api.routes:routes.py:138 Running audit 3acb56f2-b8de-4798-ad2f-cd66e1ba335a in background
INFO     app.core.audit_orchestrator:audit_orchestrator.py:31 Starting audit for https://example.com/page6
WARNING  app.core.browser_manager:browser_manager.py:76 Max concurrent pages reached, waiting...
INFO     app.api.routes:routes.py:138 Running audit 9717b5d7-3736-4636-924c-eb01c8494257 in background
INFO     app.core.audit_orchestrator:audit_orchestrator.py:31 Starting audit for https://example.com/page7
WARNING  app.core.browser_manager:browser_manager.py:76 Max concurrent pages reached, waiting...
INFO     app.api.routes:routes.py:138 Running audit 23ca7b35-2e8c-436c-b165-b8efc0d2e3d5 in background
INFO     app.core.audit_orchestrator:audit_orchestrator.py:31 Starting audit for https://example.com/page8
WARNING  app.core.browser_manager:browser_manager.py:76 Max concurrent pages reached, waiting...
INFO     app.api.routes:routes.py:138 Running audit d5480927-eb84-4333-b282-92b541059e34 in background
INFO     app.core.audit_orchestrator:audit_orchestrator.py:31 Starting audit for https://example.com/page9
WARNING  app.core.browser_manager:browser_manager.py:76 Max concurrent pages reached, waiting...
INFO     httpx:_client.py:1740 HTTP Request: POST http://test/api/v1/audit "HTTP/1.1 429 Too Many Requests"
WARNING  app.core.browser_manager:browser_manager.py:76 Max concurrent pages reached, waiting...
WARNING  app.core.browser_manager:browser_manager.py:76 Max concurrent pages reached, waiting...
WARNING  app.core.browser_manager:browser_manager.py:76 Max concurrent pages reached, waiting...
WARNING  app.core.browser_manager:browser_manager.py:76 Max concurrent pages reached, waiting...
WARNING  app.core.page_controller:page_controller.py:117 Page returned 404: 
WARNING  app.core.page_controller:page_controller.py:117 Page returned 404: 
WARNING  app.core.page_controller:page_controller.py:117 Page returned 404: 
WARNING  app.core.page_controller:page_controller.py:117 Page returned 404: 
WARNING  app.core.page_controller:page_controller.py:117 Page returned 404: 
WARNING  app.core.browser_manager:browser_manager.py:76 Max concurrent pages reached, waiting...
WARNING  app.core.browser_manager:browser_manager.py:76 Max concurrent pages reached, waiting...
WARNING  app.core.browser_manager:browser_manager.py:76 Max concurrent pages reached, waiting...
WARNING  app.core.browser_manager:browser_manager.py:76 Max concurrent pages reached, waiting...
WARNING  app.core.accessibility_tree:accessibility_tree.py:191 DOM snapshot failed: CDPSession.send: Protocol error (DOMSnapshot.captureSnapshot): invalid CSS property
WARNING  app.core.accessibility_tree:accessibility_tree.py:191 DOM snapshot failed: CDPSession.send: Protocol error (DOMSnapshot.captureSnapshot): invalid CSS property
WARNING  app.core.accessibility_tree:accessibility_tree.py:191 DOM snapshot failed: CDPSession.send: Protocol error (DOMSnapshot.captureSnapshot): invalid CSS property
WARNING  app.core.accessibility_tree:accessibility_tree.py:191 DOM snapshot failed: CDPSession.send: Protocol error (DOMSnapshot.captureSnapshot): invalid CSS property
WARNING  app.core.accessibility_tree:accessibility_tree.py:191 DOM snapshot failed: CDPSession.send: Protocol error (DOMSnapshot.captureSnapshot): invalid CSS property
WARNING  app.core.browser_manager:browser_manager.py:76 Max concurrent pages reached, waiting...
WARNING  app.core.browser_manager:browser_manager.py:76 Max concurrent pages reached, waiting...
WARNING  app.core.browser_manager:browser_manager.py:76 Max concurrent pages reached, waiting...
WARNING  app.core.browser_manager:browser_manager.py:76 Max concurrent pages reached, waiting...
WARNING  app.core.page_controller:page_controller.py:176 Metrics collection failed: 'Page' object has no attribute 'metrics'
WARNING  app.core.page_controller:page_controller.py:176 Metrics collection failed: 'Page' object has no attribute 'metrics'
ERROR    app.core.audit_orchestrator:audit_orchestrator.py:105 Page setup failed: <asyncio.locks.Lock object at 0x000001857870E120 [locked]> is bound to a different event loop
INFO     app.api.routes:routes.py:146 Audit 7b5b8ad3-e409-45e3-8b2f-b4ab9a475e53 completed with 0 issues
INFO     httpx:_client.py:1740 HTTP Request: POST http://test/api/v1/audit "HTTP/1.1 200 OK"
WARNING  app.core.page_controller:page_controller.py:176 Metrics collection failed: 'Page' object has no attribute 'metrics'
ERROR    app.core.audit_orchestrator:audit_orchestrator.py:105 Page setup failed: <asyncio.locks.Lock object at 0x000001857870E120 [locked]> is bound to a different event loop
INFO     app.api.routes:routes.py:146 Audit 07e1abff-597d-4414-9250-5f63786fa4d5 completed with 0 issues
INFO     httpx:_client.py:1740 HTTP Request: POST http://test/api/v1/audit "HTTP/1.1 200 OK"
WARNING  app.core.audit_orchestrator:audit_orchestrator.py:48 Engine wcag not found
WARNING  app.core.audit_orchestrator:audit_orchestrator.py:48 Engine structural not found
WARNING  app.core.audit_orchestrator:audit_orchestrator.py:48 Engine contrast not found
INFO     app.core.audit_orchestrator:audit_orchestrator.py:81 Audit complete: 0 issues found
INFO     app.api.routes:routes.py:146 Audit d1715c15-af02-423b-9cfa-f928adbcfd6b completed with 0 issues
INFO     httpx:_client.py:1740 HTTP Request: POST http://test/api/v1/audit "HTTP/1.1 200 OK"
WARNING  app.core.page_controller:page_controller.py:176 Metrics collection failed: 'Page' object has no attribute 'metrics'
WARNING  app.core.audit_orchestrator:audit_orchestrator.py:48 Engine wcag not found
WARNING  app.core.audit_orchestrator:audit_orchestrator.py:48 Engine structural not found
WARNING  app.core.audit_orchestrator:audit_orchestrator.py:48 Engine contrast not found
INFO     app.core.audit_orchestrator:audit_orchestrator.py:81 Audit complete: 0 issues found
INFO     app.api.routes:routes.py:146 Audit 53405172-e72e-4820-896d-50043c003c02 completed with 0 issues
INFO     httpx:_client.py:1740 HTTP Request: POST http://test/api/v1/audit "HTTP/1.1 200 OK"
WARNING  app.core.page_controller:page_controller.py:176 Metrics collection failed: 'Page' object has no attribute 'metrics'
WARNING  app.core.audit_orchestrator:audit_orchestrator.py:48 Engine wcag not found
WARNING  app.core.audit_orchestrator:audit_orchestrator.py:48 Engine structural not found
WARNING  app.core.audit_orchestrator:audit_orchestrator.py:48 Engine contrast not found
INFO     app.core.audit_orchestrator:audit_orchestrator.py:81 Audit complete: 0 issues found
INFO     app.api.routes:routes.py:146 Audit 9ca3c083-555f-45fe-9025-16c8a96bf1c9 completed with 0 issues
INFO     httpx:_client.py:1740 HTTP Request: POST http://test/api/v1/audit "HTTP/1.1 200 OK"
WARNING  app.core.browser_manager:browser_manager.py:76 Max concurrent pages reached, waiting...
WARNING  app.core.page_controller:page_controller.py:117 Page returned 404: 
WARNING  app.core.page_controller:page_controller.py:117 Page returned 404: 
WARNING  app.core.page_controller:page_controller.py:117 Page returned 404: 
WARNING  app.core.browser_manager:browser_manager.py:76 Max concurrent pages reached, waiting...
WARNING  app.core.browser_manager:browser_manager.py:76 Max concurrent pages reached, waiting...
WARNING  app.core.accessibility_tree:accessibility_tree.py:191 DOM snapshot failed: CDPSession.send: Protocol error (DOMSnapshot.captureSnapshot): invalid CSS property
WARNING  app.core.accessibility_tree:accessibility_tree.py:191 DOM snapshot failed: CDPSession.send: Protocol error (DOMSnapshot.captureSnapshot): invalid CSS property
WARNING  app.core.accessibility_tree:accessibility_tree.py:191 DOM snapshot failed: CDPSession.send: Protocol error (DOMSnapshot.captureSnapshot): invalid CSS property
WARNING  app.core.page_controller:page_controller.py:176 Metrics collection failed: 'Page' object has no attribute 'metrics'
WARNING  app.core.audit_orchestrator:audit_orchestrator.py:48 Engine wcag not found
WARNING  app.core.audit_orchestrator:audit_orchestrator.py:48 Engine structural not found
WARNING  app.core.audit_orchestrator:audit_orchestrator.py:48 Engine contrast not found
INFO     app.core.audit_orchestrator:audit_orchestrator.py:81 Audit complete: 0 issues found
INFO     app.api.routes:routes.py:146 Audit 3acb56f2-b8de-4798-ad2f-cd66e1ba335a completed with 0 issues
INFO     httpx:_client.py:1740 HTTP Request: POST http://test/api/v1/audit "HTTP/1.1 200 OK"
WARNING  app.core.page_controller:page_controller.py:176 Metrics collection failed: 'Page' object has no attribute 'metrics'
WARNING  app.core.page_controller:page_controller.py:176 Metrics collection failed: 'Page' object has no attribute 'metrics'
ERROR    app.core.audit_orchestrator:audit_orchestrator.py:105 Page setup failed: <asyncio.locks.Lock object at 0x000001857870E120 [locked]> is bound to a different event loop
INFO     app.api.routes:routes.py:146 Audit 23ca7b35-2e8c-436c-b165-b8efc0d2e3d5 completed with 0 issues
INFO     httpx:_client.py:1740 HTTP Request: POST http://test/api/v1/audit "HTTP/1.1 200 OK"
WARNING  app.core.audit_orchestrator:audit_orchestrator.py:48 Engine wcag not found
WARNING  app.core.audit_orchestrator:audit_orchestrator.py:48 Engine structural not found
WARNING  app.core.audit_orchestrator:audit_orchestrator.py:48 Engine contrast not found
INFO     app.core.audit_orchestrator:audit_orchestrator.py:81 Audit complete: 0 issues found
INFO     app.api.routes:routes.py:146 Audit 9717b5d7-3736-4636-924c-eb01c8494257 completed with 0 issues
INFO     httpx:_client.py:1740 HTTP Request: POST http://test/api/v1/audit "HTTP/1.1 200 OK"
WARNING  app.core.page_controller:page_controller.py:117 Page returned 404: 
WARNING  app.core.accessibility_tree:accessibility_tree.py:191 DOM snapshot failed: CDPSession.send: Protocol error (DOMSnapshot.captureSnapshot): invalid CSS property
WARNING  app.core.page_controller:page_controller.py:176 Metrics collection failed: 'Page' object has no attribute 'metrics'
WARNING  app.core.audit_orchestrator:audit_orchestrator.py:48 Engine wcag not found
WARNING  app.core.audit_orchestrator:audit_orchestrator.py:48 Engine structural not found
WARNING  app.core.audit_orchestrator:audit_orchestrator.py:48 Engine contrast not found
INFO     app.core.audit_orchestrator:audit_orchestrator.py:81 Audit complete: 0 issues found
INFO     app.api.routes:routes.py:146 Audit d5480927-eb84-4333-b282-92b541059e34 completed with 0 issues
INFO     httpx:_client.py:1740 HTTP Request: POST http://test/api/v1/audit "HTTP/1.1 200 OK"
-------------------------- Captured stdout teardown ---------------------------
{"timestamp": "2026-03-11T17:15:04.226126", "level": "INFO", "logger": "app.main", "module": "main", "function": "lifespan", "line": 46, "message": "Shutting down AccessLens API..."}
{"timestamp": "2026-03-11T17:15:04.390426", "level": "INFO", "logger": "app.core.browser_manager", "module": "browser_manager", "function": "close", "line": 117, "message": "Browser closed"}
{"timestamp": "2026-03-11T17:15:04.390831", "level": "INFO", "logger": "app.main", "module": "main", "function": "lifespan", "line": 48, "message": "Cleanup complete"}
---------------------------- Captured log teardown ----------------------------
INFO     app.main:main.py:46 Shutting down AccessLens API...
INFO     app.core.browser_manager:browser_manager.py:117 Browser closed
INFO     app.main:main.py:48 Cleanup complete
=========================== short test summary info ===========================
FAILED tests/test_api.py::test_invalid_url_validation - assert 422 == 200
FAILED tests/test_color_utils_edge.py::test_color_parser_edge_cases - Asserti...
FAILED tests/test_error_recovery.py::test_wcag_engine_recovers_from_axe_timeout
FAILED tests/test_error_recovery.py::test_wcag_engine_recovers_from_axe_exception
FAILED tests/test_performance.py::test_concurrent_audit_performance - assert ...
!!!!!!!!!!!!!!!!!!!!!!!!!! stopping after 5 failures !!!!!!!!!!!!!!!!!!!!!!!!!!
============= 5 failed, 26 passed, 1 skipped in 117.05s (0:01:57) =============
