============================= test session starts =============================
platform win32 -- Python 3.13.5, pytest-9.0.2, pluggy-1.6.0
rootdir: C:\Users\Dell\Downloads\Accesslens\backend
configfile: pytest.ini
plugins: anyio-4.12.1, asyncio-1.3.0, cov-7.0.0
asyncio: mode=Mode.AUTO, debug=False, asyncio_default_fixture_loop_scope=function, asyncio_default_test_loop_scope=function
collected 40 items / 1 skipped

tests/test_accessibility_structure.py::test_heading_structure 
------------------------------- live log setup --------------------------------
2026-03-11 23:11:13 [    INFO] Starting AccessLens API... (main.py:31)
2026-03-11 23:11:15 [    INFO] Browser initialized successfully (browser_manager.py:59)
2026-03-11 23:11:15 [    INFO] Browser manager initialized (main.py:35)
2026-03-11 23:11:15 [    INFO] Registered 3 engines (main.py:45)
PASSED                                                                   [  2%]
------------------------------ live log teardown ------------------------------
2026-03-11 23:11:18 [    INFO] Shutting down AccessLens API... (main.py:50)
2026-03-11 23:11:19 [    INFO] Browser closed (browser_manager.py:117)
2026-03-11 23:11:19 [    INFO] Cleanup complete (main.py:52)

tests/test_api.py::test_health_check 
------------------------------- live log setup --------------------------------
2026-03-11 23:11:19 [    INFO] Starting AccessLens API... (main.py:31)
2026-03-11 23:11:20 [    INFO] Browser initialized successfully (browser_manager.py:59)
2026-03-11 23:11:20 [    INFO] Browser manager initialized (main.py:35)
2026-03-11 23:11:20 [    INFO] Registered 3 engines (main.py:45)
-------------------------------- live log call --------------------------------
2026-03-11 23:11:20 [    INFO] HTTP Request: GET http://test/health "HTTP/1.1 200 OK" (_client.py:1740)
PASSED                                                                   [  5%]
------------------------------ live log teardown ------------------------------
2026-03-11 23:11:20 [    INFO] Shutting down AccessLens API... (main.py:50)
2026-03-11 23:11:20 [    INFO] Browser closed (browser_manager.py:117)
2026-03-11 23:11:20 [    INFO] Cleanup complete (main.py:52)

tests/test_api.py::test_root_endpoint 
------------------------------- live log setup --------------------------------
2026-03-11 23:11:20 [    INFO] Starting AccessLens API... (main.py:31)
2026-03-11 23:11:22 [    INFO] Browser initialized successfully (browser_manager.py:59)
2026-03-11 23:11:22 [    INFO] Browser manager initialized (main.py:35)
2026-03-11 23:11:22 [    INFO] Registered 3 engines (main.py:45)
-------------------------------- live log call --------------------------------
2026-03-11 23:11:22 [    INFO] HTTP Request: GET http://test/ "HTTP/1.1 200 OK" (_client.py:1740)
PASSED                                                                   [  7%]
------------------------------ live log teardown ------------------------------
2026-03-11 23:11:22 [    INFO] Shutting down AccessLens API... (main.py:50)
2026-03-11 23:11:22 [    INFO] Browser closed (browser_manager.py:117)
2026-03-11 23:11:22 [    INFO] Cleanup complete (main.py:52)

tests/test_api.py::test_list_engines 
------------------------------- live log setup --------------------------------
2026-03-11 23:11:22 [    INFO] Starting AccessLens API... (main.py:31)
2026-03-11 23:11:23 [    INFO] Browser initialized successfully (browser_manager.py:59)
2026-03-11 23:11:23 [    INFO] Browser manager initialized (main.py:35)
2026-03-11 23:11:23 [    INFO] Registered 3 engines (main.py:45)
-------------------------------- live log call --------------------------------
2026-03-11 23:11:23 [    INFO] HTTP Request: GET http://test/api/v1/engines "HTTP/1.1 200 OK" (_client.py:1740)
PASSED                                                                   [ 10%]
------------------------------ live log teardown ------------------------------
2026-03-11 23:11:23 [    INFO] Shutting down AccessLens API... (main.py:50)
2026-03-11 23:11:24 [    INFO] Browser closed (browser_manager.py:117)
2026-03-11 23:11:24 [    INFO] Cleanup complete (main.py:52)

tests/test_api.py::test_start_audit 
------------------------------- live log setup --------------------------------
2026-03-11 23:11:24 [    INFO] Starting AccessLens API... (main.py:31)
2026-03-11 23:11:25 [    INFO] Browser initialized successfully (browser_manager.py:59)
2026-03-11 23:11:25 [    INFO] Browser manager initialized (main.py:35)
2026-03-11 23:11:25 [    INFO] Registered 3 engines (main.py:45)
-------------------------------- live log call --------------------------------
2026-03-11 23:11:25 [    INFO] Starting audit c3e49f67-af4c-4c8c-b971-cf65794ebf0c for URL: https://example.com (routes.py:72)
2026-03-11 23:11:25 [    INFO] Running audit c3e49f67-af4c-4c8c-b971-cf65794ebf0c in background (routes.py:140)
2026-03-11 23:11:25 [    INFO] Starting audit for https://example.com (audit_orchestrator.py:31)
2026-03-11 23:11:28 [ WARNING] DOM snapshot failed: CDPSession.send: Protocol error (DOMSnapshot.captureSnapshot): invalid CSS property (accessibility_tree.py:191)
2026-03-11 23:11:28 [ WARNING] Metrics collection failed: 'Page' object has no attribute 'metrics' (page_controller.py:176)
2026-03-11 23:11:28 [    INFO] Audit complete: 0 issues found (audit_orchestrator.py:81)
2026-03-11 23:11:28 [    INFO] Audit c3e49f67-af4c-4c8c-b971-cf65794ebf0c completed with 0 issues (routes.py:148)
2026-03-11 23:11:28 [    INFO] HTTP Request: POST http://test/api/v1/audit "HTTP/1.1 200 OK" (_client.py:1740)
PASSED                                                                   [ 12%]
------------------------------ live log teardown ------------------------------
2026-03-11 23:11:28 [    INFO] Shutting down AccessLens API... (main.py:50)
2026-03-11 23:11:28 [    INFO] Browser closed (browser_manager.py:117)
2026-03-11 23:11:28 [    INFO] Cleanup complete (main.py:52)

tests/test_api.py::test_get_audit_status 
------------------------------- live log setup --------------------------------
2026-03-11 23:11:28 [    INFO] Starting AccessLens API... (main.py:31)
2026-03-11 23:11:30 [    INFO] Browser initialized successfully (browser_manager.py:59)
2026-03-11 23:11:30 [    INFO] Browser manager initialized (main.py:35)
2026-03-11 23:11:30 [    INFO] Registered 3 engines (main.py:45)
-------------------------------- live log call --------------------------------
2026-03-11 23:11:30 [    INFO] Starting audit 031dbe71-5f96-4d9b-8354-2862165fa459 for URL: https://example.com (routes.py:72)
2026-03-11 23:11:30 [    INFO] Running audit 031dbe71-5f96-4d9b-8354-2862165fa459 in background (routes.py:140)
2026-03-11 23:11:30 [    INFO] Starting audit for https://example.com (audit_orchestrator.py:31)
2026-03-11 23:11:32 [ WARNING] DOM snapshot failed: CDPSession.send: Protocol error (DOMSnapshot.captureSnapshot): invalid CSS property (accessibility_tree.py:191)
2026-03-11 23:11:32 [ WARNING] Metrics collection failed: 'Page' object has no attribute 'metrics' (page_controller.py:176)
2026-03-11 23:11:32 [ WARNING] Engine wcag not found (audit_orchestrator.py:48)
2026-03-11 23:11:32 [ WARNING] Engine structural not found (audit_orchestrator.py:48)
2026-03-11 23:11:32 [ WARNING] Engine contrast not found (audit_orchestrator.py:48)
2026-03-11 23:11:32 [    INFO] Audit complete: 0 issues found (audit_orchestrator.py:81)
2026-03-11 23:11:32 [    INFO] Audit 031dbe71-5f96-4d9b-8354-2862165fa459 completed with 0 issues (routes.py:148)
2026-03-11 23:11:32 [    INFO] HTTP Request: POST http://test/api/v1/audit "HTTP/1.1 200 OK" (_client.py:1740)
2026-03-11 23:11:32 [    INFO] HTTP Request: GET http://test/api/v1/audit/031dbe71-5f96-4d9b-8354-2862165fa459/status "HTTP/1.1 200 OK" (_client.py:1740)
PASSED                                                                   [ 15%]
------------------------------ live log teardown ------------------------------
2026-03-11 23:11:32 [    INFO] Shutting down AccessLens API... (main.py:50)
2026-03-11 23:11:32 [    INFO] Browser closed (browser_manager.py:117)
2026-03-11 23:11:32 [    INFO] Cleanup complete (main.py:52)

tests/test_api.py::test_get_nonexistent_audit 
------------------------------- live log setup --------------------------------
2026-03-11 23:11:32 [    INFO] Starting AccessLens API... (main.py:31)
2026-03-11 23:11:34 [    INFO] Browser initialized successfully (browser_manager.py:59)
2026-03-11 23:11:34 [    INFO] Browser manager initialized (main.py:35)
2026-03-11 23:11:34 [    INFO] Registered 3 engines (main.py:45)
-------------------------------- live log call --------------------------------
2026-03-11 23:11:34 [    INFO] HTTP Request: GET http://test/api/v1/audit/6e6698f5-e030-4994-87fd-953bca0779f3 "HTTP/1.1 404 Not Found" (_client.py:1740)
PASSED                                                                   [ 17%]
------------------------------ live log teardown ------------------------------
2026-03-11 23:11:34 [    INFO] Shutting down AccessLens API... (main.py:50)
2026-03-11 23:11:34 [    INFO] Browser closed (browser_manager.py:117)
2026-03-11 23:11:34 [    INFO] Cleanup complete (main.py:52)

tests/test_api.py::test_cancel_audit 
------------------------------- live log setup --------------------------------
2026-03-11 23:11:34 [    INFO] Starting AccessLens API... (main.py:31)
2026-03-11 23:11:35 [    INFO] Browser initialized successfully (browser_manager.py:59)
2026-03-11 23:11:35 [    INFO] Browser manager initialized (main.py:35)
2026-03-11 23:11:35 [    INFO] Registered 3 engines (main.py:45)
-------------------------------- live log call --------------------------------
2026-03-11 23:11:35 [    INFO] HTTP Request: POST http://test/api/v1/audit/6061ad29-c3ca-442e-9c02-5b99186eb45f/cancel "HTTP/1.1 200 OK" (_client.py:1740)
PASSED                                                                   [ 20%]
------------------------------ live log teardown ------------------------------
2026-03-11 23:11:35 [    INFO] Shutting down AccessLens API... (main.py:50)
2026-03-11 23:11:35 [    INFO] Browser closed (browser_manager.py:117)
2026-03-11 23:11:35 [    INFO] Cleanup complete (main.py:52)

tests/test_api.py::test_invalid_url_validation 
------------------------------- live log setup --------------------------------
2026-03-11 23:11:35 [    INFO] Starting AccessLens API... (main.py:31)
2026-03-11 23:11:36 [    INFO] Browser initialized successfully (browser_manager.py:59)
2026-03-11 23:11:36 [    INFO] Browser manager initialized (main.py:35)
2026-03-11 23:11:36 [    INFO] Registered 3 engines (main.py:45)
-------------------------------- live log call --------------------------------
2026-03-11 23:11:36 [    INFO] HTTP Request: POST http://test/api/v1/audit "HTTP/1.1 422 Unprocessable Entity" (_client.py:1740)
PASSED                                                                   [ 22%]
------------------------------ live log teardown ------------------------------
2026-03-11 23:11:36 [    INFO] Shutting down AccessLens API... (main.py:50)
2026-03-11 23:11:37 [    INFO] Browser closed (browser_manager.py:117)
2026-03-11 23:11:37 [    INFO] Cleanup complete (main.py:52)

tests/test_browser_manager.py::test_browser_manager_singleton 
------------------------------- live log setup --------------------------------
2026-03-11 23:11:37 [    INFO] Starting AccessLens API... (main.py:31)
2026-03-11 23:11:38 [    INFO] Browser initialized successfully (browser_manager.py:59)
2026-03-11 23:11:38 [    INFO] Browser manager initialized (main.py:35)
2026-03-11 23:11:38 [    INFO] Registered 3 engines (main.py:45)
PASSED                                                                   [ 25%]
------------------------------ live log teardown ------------------------------
2026-03-11 23:11:38 [    INFO] Shutting down AccessLens API... (main.py:50)
2026-03-11 23:11:38 [    INFO] Browser closed (browser_manager.py:117)
2026-03-11 23:11:38 [    INFO] Cleanup complete (main.py:52)

tests/test_browser_manager.py::test_browser_manager_max_concurrent_pages 
------------------------------- live log setup --------------------------------
2026-03-11 23:11:38 [    INFO] Starting AccessLens API... (main.py:31)
2026-03-11 23:11:39 [    INFO] Browser initialized successfully (browser_manager.py:59)
2026-03-11 23:11:39 [    INFO] Browser manager initialized (main.py:35)
2026-03-11 23:11:39 [    INFO] Registered 3 engines (main.py:45)
-------------------------------- live log call --------------------------------
2026-03-11 23:11:40 [ WARNING] Max concurrent pages reached, waiting... (browser_manager.py:76)
PASSED                                                                   [ 27%]
------------------------------ live log teardown ------------------------------
2026-03-11 23:11:41 [    INFO] Shutting down AccessLens API... (main.py:50)
2026-03-11 23:11:41 [    INFO] Browser closed (browser_manager.py:117)
2026-03-11 23:11:41 [    INFO] Cleanup complete (main.py:52)

tests/test_browser_manager.py::test_browser_context_manager 
------------------------------- live log setup --------------------------------
2026-03-11 23:11:41 [    INFO] Starting AccessLens API... (main.py:31)
2026-03-11 23:11:42 [    INFO] Browser initialized successfully (browser_manager.py:59)
2026-03-11 23:11:42 [    INFO] Browser manager initialized (main.py:35)
2026-03-11 23:11:42 [    INFO] Registered 3 engines (main.py:45)
-------------------------------- live log call --------------------------------
2026-03-11 23:11:42 [    INFO] Browser closed (browser_manager.py:117)
PASSED                                                                   [ 30%]
------------------------------ live log teardown ------------------------------
2026-03-11 23:11:42 [    INFO] Shutting down AccessLens API... (main.py:50)
2026-03-11 23:11:42 [    INFO] Browser closed (browser_manager.py:117)
2026-03-11 23:11:42 [    INFO] Cleanup complete (main.py:52)

tests/test_color_utils_edge.py::test_color_parser_edge_cases 
------------------------------- live log setup --------------------------------
2026-03-11 23:11:42 [    INFO] Starting AccessLens API... (main.py:31)
2026-03-11 23:11:44 [    INFO] Browser initialized successfully (browser_manager.py:59)
2026-03-11 23:11:44 [    INFO] Browser manager initialized (main.py:35)
2026-03-11 23:11:44 [    INFO] Registered 3 engines (main.py:45)
PASSED                                                                   [ 32%]
------------------------------ live log teardown ------------------------------
2026-03-11 23:11:44 [    INFO] Shutting down AccessLens API... (main.py:50)
2026-03-11 23:11:44 [    INFO] Browser closed (browser_manager.py:117)
2026-03-11 23:11:44 [    INFO] Cleanup complete (main.py:52)

tests/test_color_utils_edge.py::test_luminance_and_contrast_boundaries 
------------------------------- live log setup --------------------------------
2026-03-11 23:11:44 [    INFO] Starting AccessLens API... (main.py:31)
2026-03-11 23:11:45 [    INFO] Browser initialized successfully (browser_manager.py:59)
2026-03-11 23:11:45 [    INFO] Browser manager initialized (main.py:35)
2026-03-11 23:11:45 [    INFO] Registered 3 engines (main.py:45)
PASSED                                                                   [ 35%]
------------------------------ live log teardown ------------------------------
2026-03-11 23:11:45 [    INFO] Shutting down AccessLens API... (main.py:50)
2026-03-11 23:11:45 [    INFO] Browser closed (browser_manager.py:117)
2026-03-11 23:11:45 [    INFO] Cleanup complete (main.py:52)

tests/test_concurrency.py::test_audit_store_concurrency 
------------------------------- live log setup --------------------------------
2026-03-11 23:11:45 [    INFO] Starting AccessLens API... (main.py:31)
2026-03-11 23:11:46 [    INFO] Browser initialized successfully (browser_manager.py:59)
2026-03-11 23:11:46 [    INFO] Browser manager initialized (main.py:35)
2026-03-11 23:11:46 [    INFO] Registered 3 engines (main.py:45)
-------------------------------- live log call --------------------------------
2026-03-11 23:11:46 [    INFO] Starting audit 3f43b1b0-4d86-4715-950c-c4dc61421d4a for URL: https://example.com/page0 (routes.py:72)
2026-03-11 23:11:46 [    INFO] Starting audit 526a0ae3-e682-4848-a0ef-a912c1e69fbe for URL: https://example.com/page1 (routes.py:72)
2026-03-11 23:11:46 [    INFO] Starting audit 61ffecc0-9fa1-4535-a269-962f7e35c732 for URL: https://example.com/page2 (routes.py:72)
2026-03-11 23:11:46 [    INFO] Starting audit 433b3dee-e2ab-4489-90db-809f8ac40175 for URL: https://example.com/page3 (routes.py:72)
2026-03-11 23:11:46 [    INFO] Starting audit 1e514074-7041-4401-ba48-bab174f9d4a6 for URL: https://example.com/page4 (routes.py:72)
2026-03-11 23:11:46 [    INFO] Starting audit ec2202bc-cd00-41c1-9595-cb4e08646537 for URL: https://example.com/page5 (routes.py:72)
2026-03-11 23:11:46 [    INFO] Starting audit 89825630-2dae-4939-b8a2-dea52f80d98a for URL: https://example.com/page6 (routes.py:72)
2026-03-11 23:11:46 [    INFO] Starting audit 6ab7f4c9-0f88-490f-9445-c64c2a9de48c for URL: https://example.com/page7 (routes.py:72)
2026-03-11 23:11:46 [    INFO] Starting audit 4c993a6d-568a-4be1-a0c8-3f0075c268be for URL: https://example.com/page8 (routes.py:72)
2026-03-11 23:11:46 [    INFO] Starting audit b7ff5371-5c23-460b-a618-7bd2c2e948b4 for URL: https://example.com/page9 (routes.py:72)
2026-03-11 23:11:46 [    INFO] Running audit 3f43b1b0-4d86-4715-950c-c4dc61421d4a in background (routes.py:140)
2026-03-11 23:11:46 [    INFO] Starting audit for https://example.com/page0 (audit_orchestrator.py:31)
2026-03-11 23:11:46 [    INFO] Running audit 526a0ae3-e682-4848-a0ef-a912c1e69fbe in background (routes.py:140)
2026-03-11 23:11:46 [    INFO] Starting audit for https://example.com/page1 (audit_orchestrator.py:31)
2026-03-11 23:11:46 [    INFO] Running audit 61ffecc0-9fa1-4535-a269-962f7e35c732 in background (routes.py:140)
2026-03-11 23:11:46 [    INFO] Starting audit for https://example.com/page2 (audit_orchestrator.py:31)
2026-03-11 23:11:46 [    INFO] Running audit 433b3dee-e2ab-4489-90db-809f8ac40175 in background (routes.py:140)
2026-03-11 23:11:46 [    INFO] Starting audit for https://example.com/page3 (audit_orchestrator.py:31)
2026-03-11 23:11:46 [    INFO] Running audit 1e514074-7041-4401-ba48-bab174f9d4a6 in background (routes.py:140)
2026-03-11 23:11:46 [    INFO] Starting audit for https://example.com/page4 (audit_orchestrator.py:31)
2026-03-11 23:11:47 [    INFO] Running audit ec2202bc-cd00-41c1-9595-cb4e08646537 in background (routes.py:140)
2026-03-11 23:11:47 [    INFO] Starting audit for https://example.com/page5 (audit_orchestrator.py:31)
2026-03-11 23:11:47 [ WARNING] Max concurrent pages reached, waiting... (browser_manager.py:76)
2026-03-11 23:11:47 [    INFO] Running audit 89825630-2dae-4939-b8a2-dea52f80d98a in background (routes.py:140)
2026-03-11 23:11:47 [    INFO] Starting audit for https://example.com/page6 (audit_orchestrator.py:31)
2026-03-11 23:11:47 [ WARNING] Max concurrent pages reached, waiting... (browser_manager.py:76)
2026-03-11 23:11:47 [    INFO] Running audit 6ab7f4c9-0f88-490f-9445-c64c2a9de48c in background (routes.py:140)
2026-03-11 23:11:47 [    INFO] Starting audit for https://example.com/page7 (audit_orchestrator.py:31)
2026-03-11 23:11:47 [ WARNING] Max concurrent pages reached, waiting... (browser_manager.py:76)
2026-03-11 23:11:47 [    INFO] Running audit 4c993a6d-568a-4be1-a0c8-3f0075c268be in background (routes.py:140)
2026-03-11 23:11:47 [    INFO] Starting audit for https://example.com/page8 (audit_orchestrator.py:31)
2026-03-11 23:11:47 [ WARNING] Max concurrent pages reached, waiting... (browser_manager.py:76)
2026-03-11 23:11:47 [    INFO] Running audit b7ff5371-5c23-460b-a618-7bd2c2e948b4 in background (routes.py:140)
2026-03-11 23:11:47 [    INFO] Starting audit for https://example.com/page9 (audit_orchestrator.py:31)
2026-03-11 23:11:47 [ WARNING] Max concurrent pages reached, waiting... (browser_manager.py:76)
2026-03-11 23:11:48 [ WARNING] Max concurrent pages reached, waiting... (browser_manager.py:76)
2026-03-11 23:11:48 [ WARNING] Max concurrent pages reached, waiting... (browser_manager.py:76)
2026-03-11 23:11:48 [ WARNING] Max concurrent pages reached, waiting... (browser_manager.py:76)
2026-03-11 23:11:48 [ WARNING] Max concurrent pages reached, waiting... (browser_manager.py:76)
2026-03-11 23:11:48 [ WARNING] Max concurrent pages reached, waiting... (browser_manager.py:76)
2026-03-11 23:11:48 [ WARNING] Page returned 404:  (page_controller.py:117)
2026-03-11 23:11:48 [ WARNING] Page returned 404:  (page_controller.py:117)
2026-03-11 23:11:48 [ WARNING] Page returned 404:  (page_controller.py:117)
2026-03-11 23:11:48 [ WARNING] Page returned 404:  (page_controller.py:117)
2026-03-11 23:11:48 [ WARNING] Page returned 404:  (page_controller.py:117)
2026-03-11 23:11:49 [ WARNING] Max concurrent pages reached, waiting... (browser_manager.py:76)
2026-03-11 23:11:49 [ WARNING] Max concurrent pages reached, waiting... (browser_manager.py:76)
2026-03-11 23:11:49 [ WARNING] Max concurrent pages reached, waiting... (browser_manager.py:76)
2026-03-11 23:11:49 [ WARNING] Max concurrent pages reached, waiting... (browser_manager.py:76)
2026-03-11 23:11:49 [ WARNING] Max concurrent pages reached, waiting... (browser_manager.py:76)
2026-03-11 23:11:50 [ WARNING] Max concurrent pages reached, waiting... (browser_manager.py:76)
2026-03-11 23:11:50 [ WARNING] Max concurrent pages reached, waiting... (browser_manager.py:76)
2026-03-11 23:11:50 [ WARNING] Max concurrent pages reached, waiting... (browser_manager.py:76)
2026-03-11 23:11:50 [ WARNING] Max concurrent pages reached, waiting... (browser_manager.py:76)
2026-03-11 23:11:50 [ WARNING] Max concurrent pages reached, waiting... (browser_manager.py:76)
2026-03-11 23:11:50 [ WARNING] DOM snapshot failed: CDPSession.send: Protocol error (DOMSnapshot.captureSnapshot): invalid CSS property (accessibility_tree.py:191)
2026-03-11 23:11:50 [ WARNING] DOM snapshot failed: CDPSession.send: Protocol error (DOMSnapshot.captureSnapshot): invalid CSS property (accessibility_tree.py:191)
2026-03-11 23:11:50 [ WARNING] DOM snapshot failed: CDPSession.send: Protocol error (DOMSnapshot.captureSnapshot): invalid CSS property (accessibility_tree.py:191)
2026-03-11 23:11:50 [ WARNING] DOM snapshot failed: CDPSession.send: Protocol error (DOMSnapshot.captureSnapshot): invalid CSS property (accessibility_tree.py:191)
2026-03-11 23:11:50 [ WARNING] DOM snapshot failed: CDPSession.send: Protocol error (DOMSnapshot.captureSnapshot): invalid CSS property (accessibility_tree.py:191)
2026-03-11 23:11:51 [ WARNING] Metrics collection failed: 'Page' object has no attribute 'metrics' (page_controller.py:176)
2026-03-11 23:11:51 [ WARNING] Metrics collection failed: 'Page' object has no attribute 'metrics' (page_controller.py:176)
2026-03-11 23:11:51 [ WARNING] Engine wcag not found (audit_orchestrator.py:48)
2026-03-11 23:11:51 [ WARNING] Engine structural not found (audit_orchestrator.py:48)
2026-03-11 23:11:51 [ WARNING] Engine contrast not found (audit_orchestrator.py:48)
2026-03-11 23:11:51 [    INFO] Audit complete: 0 issues found (audit_orchestrator.py:81)
2026-03-11 23:11:51 [    INFO] Audit 433b3dee-e2ab-4489-90db-809f8ac40175 completed with 0 issues (routes.py:148)
2026-03-11 23:11:51 [    INFO] HTTP Request: POST http://test/api/v1/audit "HTTP/1.1 200 OK" (_client.py:1740)
2026-03-11 23:11:51 [ WARNING] Metrics collection failed: 'Page' object has no attribute 'metrics' (page_controller.py:176)
2026-03-11 23:11:51 [ WARNING] Engine wcag not found (audit_orchestrator.py:48)
2026-03-11 23:11:51 [ WARNING] Engine structural not found (audit_orchestrator.py:48)
2026-03-11 23:11:51 [ WARNING] Engine contrast not found (audit_orchestrator.py:48)
2026-03-11 23:11:51 [    INFO] Audit complete: 0 issues found (audit_orchestrator.py:81)
2026-03-11 23:11:51 [    INFO] Audit 526a0ae3-e682-4848-a0ef-a912c1e69fbe completed with 0 issues (routes.py:148)
2026-03-11 23:11:51 [    INFO] HTTP Request: POST http://test/api/v1/audit "HTTP/1.1 200 OK" (_client.py:1740)
2026-03-11 23:11:51 [ WARNING] Metrics collection failed: 'Page' object has no attribute 'metrics' (page_controller.py:176)
2026-03-11 23:11:51 [ WARNING] Metrics collection failed: 'Page' object has no attribute 'metrics' (page_controller.py:176)
2026-03-11 23:11:51 [ WARNING] Engine wcag not found (audit_orchestrator.py:48)
2026-03-11 23:11:51 [ WARNING] Engine structural not found (audit_orchestrator.py:48)
2026-03-11 23:11:51 [ WARNING] Engine contrast not found (audit_orchestrator.py:48)
2026-03-11 23:11:51 [    INFO] Audit complete: 0 issues found (audit_orchestrator.py:81)
2026-03-11 23:11:51 [    INFO] Audit 3f43b1b0-4d86-4715-950c-c4dc61421d4a completed with 0 issues (routes.py:148)
2026-03-11 23:11:51 [    INFO] HTTP Request: POST http://test/api/v1/audit "HTTP/1.1 200 OK" (_client.py:1740)
2026-03-11 23:11:51 [ WARNING] Max concurrent pages reached, waiting... (browser_manager.py:76)
2026-03-11 23:11:51 [ WARNING] Max concurrent pages reached, waiting... (browser_manager.py:76)
2026-03-11 23:11:51 [ WARNING] Engine wcag not found (audit_orchestrator.py:48)
2026-03-11 23:11:51 [ WARNING] Engine structural not found (audit_orchestrator.py:48)
2026-03-11 23:11:51 [ WARNING] Engine contrast not found (audit_orchestrator.py:48)
2026-03-11 23:11:51 [    INFO] Audit complete: 0 issues found (audit_orchestrator.py:81)
2026-03-11 23:11:51 [    INFO] Audit 61ffecc0-9fa1-4535-a269-962f7e35c732 completed with 0 issues (routes.py:148)
2026-03-11 23:11:51 [    INFO] HTTP Request: POST http://test/api/v1/audit "HTTP/1.1 200 OK" (_client.py:1740)
2026-03-11 23:11:51 [ WARNING] Engine wcag not found (audit_orchestrator.py:48)
2026-03-11 23:11:51 [ WARNING] Engine structural not found (audit_orchestrator.py:48)
2026-03-11 23:11:51 [ WARNING] Engine contrast not found (audit_orchestrator.py:48)
2026-03-11 23:11:51 [    INFO] Audit complete: 0 issues found (audit_orchestrator.py:81)
2026-03-11 23:11:51 [    INFO] Audit 1e514074-7041-4401-ba48-bab174f9d4a6 completed with 0 issues (routes.py:148)
2026-03-11 23:11:51 [    INFO] HTTP Request: POST http://test/api/v1/audit "HTTP/1.1 200 OK" (_client.py:1740)
2026-03-11 23:11:51 [ WARNING] Page returned 404:  (page_controller.py:117)
2026-03-11 23:11:51 [ WARNING] Page returned 404:  (page_controller.py:117)
2026-03-11 23:11:51 [ WARNING] Page returned 404:  (page_controller.py:117)
2026-03-11 23:11:52 [ WARNING] Page returned 404:  (page_controller.py:117)
2026-03-11 23:11:53 [ WARNING] Page returned 404:  (page_controller.py:117)
2026-03-11 23:11:53 [ WARNING] DOM snapshot failed: CDPSession.send: Protocol error (DOMSnapshot.captureSnapshot): invalid CSS property (accessibility_tree.py:191)
2026-03-11 23:11:53 [ WARNING] DOM snapshot failed: CDPSession.send: Protocol error (DOMSnapshot.captureSnapshot): invalid CSS property (accessibility_tree.py:191)
2026-03-11 23:11:53 [ WARNING] DOM snapshot failed: CDPSession.send: Protocol error (DOMSnapshot.captureSnapshot): invalid CSS property (accessibility_tree.py:191)
2026-03-11 23:11:53 [ WARNING] Metrics collection failed: 'Page' object has no attribute 'metrics' (page_controller.py:176)
2026-03-11 23:11:53 [ WARNING] Metrics collection failed: 'Page' object has no attribute 'metrics' (page_controller.py:176)
2026-03-11 23:11:53 [ WARNING] Engine wcag not found (audit_orchestrator.py:48)
2026-03-11 23:11:53 [ WARNING] Engine structural not found (audit_orchestrator.py:48)
2026-03-11 23:11:53 [ WARNING] Engine contrast not found (audit_orchestrator.py:48)
2026-03-11 23:11:53 [    INFO] Audit complete: 0 issues found (audit_orchestrator.py:81)
2026-03-11 23:11:53 [    INFO] Audit ec2202bc-cd00-41c1-9595-cb4e08646537 completed with 0 issues (routes.py:148)
2026-03-11 23:11:53 [    INFO] HTTP Request: POST http://test/api/v1/audit "HTTP/1.1 200 OK" (_client.py:1740)
2026-03-11 23:11:53 [ WARNING] Metrics collection failed: 'Page' object has no attribute 'metrics' (page_controller.py:176)
2026-03-11 23:11:53 [ WARNING] Engine wcag not found (audit_orchestrator.py:48)
2026-03-11 23:11:53 [ WARNING] Engine structural not found (audit_orchestrator.py:48)
2026-03-11 23:11:53 [ WARNING] Engine contrast not found (audit_orchestrator.py:48)
2026-03-11 23:11:53 [    INFO] Audit complete: 0 issues found (audit_orchestrator.py:81)
2026-03-11 23:11:53 [    INFO] Audit 89825630-2dae-4939-b8a2-dea52f80d98a completed with 0 issues (routes.py:148)
2026-03-11 23:11:53 [    INFO] HTTP Request: POST http://test/api/v1/audit "HTTP/1.1 200 OK" (_client.py:1740)
2026-03-11 23:11:54 [ WARNING] Engine wcag not found (audit_orchestrator.py:48)
2026-03-11 23:11:54 [ WARNING] Engine structural not found (audit_orchestrator.py:48)
2026-03-11 23:11:54 [ WARNING] Engine contrast not found (audit_orchestrator.py:48)
2026-03-11 23:11:54 [    INFO] Audit complete: 0 issues found (audit_orchestrator.py:81)
2026-03-11 23:11:54 [    INFO] Audit 6ab7f4c9-0f88-490f-9445-c64c2a9de48c completed with 0 issues (routes.py:148)
2026-03-11 23:11:54 [    INFO] HTTP Request: POST http://test/api/v1/audit "HTTP/1.1 200 OK" (_client.py:1740)
2026-03-11 23:11:54 [ WARNING] DOM snapshot failed: CDPSession.send: Protocol error (DOMSnapshot.captureSnapshot): invalid CSS property (accessibility_tree.py:191)
2026-03-11 23:11:54 [ WARNING] DOM snapshot failed: CDPSession.send: Protocol error (DOMSnapshot.captureSnapshot): invalid CSS property (accessibility_tree.py:191)
2026-03-11 23:11:54 [ WARNING] Metrics collection failed: 'Page' object has no attribute 'metrics' (page_controller.py:176)
2026-03-11 23:11:54 [ WARNING] Metrics collection failed: 'Page' object has no attribute 'metrics' (page_controller.py:176)
2026-03-11 23:11:54 [ WARNING] Engine wcag not found (audit_orchestrator.py:48)
2026-03-11 23:11:54 [ WARNING] Engine structural not found (audit_orchestrator.py:48)
2026-03-11 23:11:54 [ WARNING] Engine contrast not found (audit_orchestrator.py:48)
2026-03-11 23:11:54 [    INFO] Audit complete: 0 issues found (audit_orchestrator.py:81)
2026-03-11 23:11:54 [    INFO] Audit 4c993a6d-568a-4be1-a0c8-3f0075c268be completed with 0 issues (routes.py:148)
2026-03-11 23:11:54 [    INFO] HTTP Request: POST http://test/api/v1/audit "HTTP/1.1 200 OK" (_client.py:1740)
2026-03-11 23:11:54 [ WARNING] Engine wcag not found (audit_orchestrator.py:48)
2026-03-11 23:11:54 [ WARNING] Engine structural not found (audit_orchestrator.py:48)
2026-03-11 23:11:54 [ WARNING] Engine contrast not found (audit_orchestrator.py:48)
2026-03-11 23:11:54 [    INFO] Audit complete: 0 issues found (audit_orchestrator.py:81)
2026-03-11 23:11:54 [    INFO] Audit b7ff5371-5c23-460b-a618-7bd2c2e948b4 completed with 0 issues (routes.py:148)
2026-03-11 23:11:54 [    INFO] HTTP Request: POST http://test/api/v1/audit "HTTP/1.1 200 OK" (_client.py:1740)
PASSED                                                                   [ 37%]
------------------------------ live log teardown ------------------------------
2026-03-11 23:11:54 [    INFO] Shutting down AccessLens API... (main.py:50)
2026-03-11 23:11:54 [    INFO] Browser closed (browser_manager.py:117)
2026-03-11 23:11:54 [    INFO] Cleanup complete (main.py:52)

tests/test_contrast_engine.py::test_color_parser 
------------------------------- live log setup --------------------------------
2026-03-11 23:11:54 [    INFO] Starting AccessLens API... (main.py:31)
2026-03-11 23:11:56 [    INFO] Browser initialized successfully (browser_manager.py:59)
2026-03-11 23:11:56 [    INFO] Browser manager initialized (main.py:35)
2026-03-11 23:11:56 [    INFO] Registered 3 engines (main.py:45)
PASSED                                                                   [ 40%]
------------------------------ live log teardown ------------------------------
2026-03-11 23:11:56 [    INFO] Shutting down AccessLens API... (main.py:50)
2026-03-11 23:11:56 [    INFO] Browser closed (browser_manager.py:117)
2026-03-11 23:11:56 [    INFO] Cleanup complete (main.py:52)

tests/test_contrast_engine.py::test_contrast_calculation 
------------------------------- live log setup --------------------------------
2026-03-11 23:11:56 [    INFO] Starting AccessLens API... (main.py:31)
2026-03-11 23:11:57 [    INFO] Browser initialized successfully (browser_manager.py:59)
2026-03-11 23:11:57 [    INFO] Browser manager initialized (main.py:35)
2026-03-11 23:11:57 [    INFO] Registered 3 engines (main.py:45)
PASSED                                                                   [ 42%]
------------------------------ live log teardown ------------------------------
2026-03-11 23:11:57 [    INFO] Shutting down AccessLens API... (main.py:50)
2026-03-11 23:11:57 [    INFO] Browser closed (browser_manager.py:117)
2026-03-11 23:11:57 [    INFO] Cleanup complete (main.py:52)

tests/test_contrast_engine.py::test_contrast_thresholds 
------------------------------- live log setup --------------------------------
2026-03-11 23:11:57 [    INFO] Starting AccessLens API... (main.py:31)
2026-03-11 23:11:58 [    INFO] Browser initialized successfully (browser_manager.py:59)
2026-03-11 23:11:58 [    INFO] Browser manager initialized (main.py:35)
2026-03-11 23:11:58 [    INFO] Registered 3 engines (main.py:45)
PASSED                                                                   [ 45%]
------------------------------ live log teardown ------------------------------
2026-03-11 23:11:58 [    INFO] Shutting down AccessLens API... (main.py:50)
2026-03-11 23:11:59 [    INFO] Browser closed (browser_manager.py:117)
2026-03-11 23:11:59 [    INFO] Cleanup complete (main.py:52)

tests/test_contrast_engine.py::test_contrast_grades 
------------------------------- live log setup --------------------------------
2026-03-11 23:11:59 [    INFO] Starting AccessLens API... (main.py:31)
2026-03-11 23:12:00 [    INFO] Browser initialized successfully (browser_manager.py:59)
2026-03-11 23:12:00 [    INFO] Browser manager initialized (main.py:35)
2026-03-11 23:12:00 [    INFO] Registered 3 engines (main.py:45)
PASSED                                                                   [ 47%]
------------------------------ live log teardown ------------------------------
2026-03-11 23:12:00 [    INFO] Shutting down AccessLens API... (main.py:50)
2026-03-11 23:12:00 [    INFO] Browser closed (browser_manager.py:117)
2026-03-11 23:12:00 [    INFO] Cleanup complete (main.py:52)

tests/test_contrast_engine.py::test_contrast_engine_analysis 
------------------------------- live log setup --------------------------------
2026-03-11 23:12:00 [    INFO] Starting AccessLens API... (main.py:31)
2026-03-11 23:12:01 [    INFO] Browser initialized successfully (browser_manager.py:59)
2026-03-11 23:12:01 [    INFO] Browser manager initialized (main.py:35)
2026-03-11 23:12:01 [    INFO] Registered 3 engines (main.py:45)
PASSED                                                                   [ 50%]
------------------------------ live log teardown ------------------------------
2026-03-11 23:12:03 [    INFO] Shutting down AccessLens API... (main.py:50)
2026-03-11 23:12:03 [    INFO] Browser closed (browser_manager.py:117)
2026-03-11 23:12:03 [    INFO] Cleanup complete (main.py:52)

tests/test_error_recovery.py::test_wcag_engine_recovers_from_axe_timeout 
------------------------------- live log setup --------------------------------
2026-03-11 23:12:03 [    INFO] Starting AccessLens API... (main.py:31)
2026-03-11 23:12:04 [    INFO] Browser initialized successfully (browser_manager.py:59)
2026-03-11 23:12:04 [    INFO] Browser manager initialized (main.py:35)
2026-03-11 23:12:04 [    INFO] Registered 3 engines (main.py:45)
-------------------------------- live log call --------------------------------
2026-03-11 23:12:04 [   ERROR] Axe-core execution timed out. (wcag_engine.py:50)
PASSED                                                                   [ 52%]
------------------------------ live log teardown ------------------------------
2026-03-11 23:12:04 [    INFO] Shutting down AccessLens API... (main.py:50)
2026-03-11 23:12:05 [    INFO] Browser closed (browser_manager.py:117)
2026-03-11 23:12:05 [    INFO] Cleanup complete (main.py:52)

tests/test_error_recovery.py::test_wcag_engine_recovers_from_axe_exception 
------------------------------- live log setup --------------------------------
2026-03-11 23:12:05 [    INFO] Starting AccessLens API... (main.py:31)
2026-03-11 23:12:06 [    INFO] Browser initialized successfully (browser_manager.py:59)
2026-03-11 23:12:06 [    INFO] Browser manager initialized (main.py:35)
2026-03-11 23:12:06 [    INFO] Registered 3 engines (main.py:45)
-------------------------------- live log call --------------------------------
2026-03-11 23:12:06 [   ERROR] Axe-core injection or execution failed: Failed to inject axe (wcag_engine.py:53)
PASSED                                                                   [ 55%]
------------------------------ live log teardown ------------------------------
2026-03-11 23:12:06 [    INFO] Shutting down AccessLens API... (main.py:50)
2026-03-11 23:12:06 [    INFO] Browser closed (browser_manager.py:117)
2026-03-11 23:12:06 [    INFO] Cleanup complete (main.py:52)

tests/test_integration.py::test_complete_audit_flow 
------------------------------- live log setup --------------------------------
2026-03-11 23:12:06 [    INFO] Starting AccessLens API... (main.py:31)
2026-03-11 23:12:07 [    INFO] Browser initialized successfully (browser_manager.py:59)
2026-03-11 23:12:07 [    INFO] Browser manager initialized (main.py:35)
2026-03-11 23:12:07 [    INFO] Registered 3 engines (main.py:45)
-------------------------------- live log call --------------------------------
2026-03-11 23:12:07 [    INFO] Starting audit b86ca90a-b3b1-4b64-8a17-d0084194d6a3 for URL: https://example.com (routes.py:72)
2026-03-11 23:12:07 [    INFO] Running audit b86ca90a-b3b1-4b64-8a17-d0084194d6a3 in background (routes.py:140)
2026-03-11 23:12:07 [    INFO] Starting audit for https://example.com (audit_orchestrator.py:31)
2026-03-11 23:12:10 [ WARNING] DOM snapshot failed: CDPSession.send: Protocol error (DOMSnapshot.captureSnapshot): invalid CSS property (accessibility_tree.py:191)
2026-03-11 23:12:10 [ WARNING] Metrics collection failed: 'Page' object has no attribute 'metrics' (page_controller.py:176)
2026-03-11 23:12:10 [    INFO] Audit complete: 0 issues found (audit_orchestrator.py:81)
2026-03-11 23:12:10 [    INFO] Audit b86ca90a-b3b1-4b64-8a17-d0084194d6a3 completed with 0 issues (routes.py:148)
2026-03-11 23:12:10 [    INFO] HTTP Request: POST http://test/api/v1/audit "HTTP/1.1 200 OK" (_client.py:1740)
2026-03-11 23:12:12 [    INFO] HTTP Request: GET http://test/api/v1/audit/b86ca90a-b3b1-4b64-8a17-d0084194d6a3/status "HTTP/1.1 200 OK" (_client.py:1740)
2026-03-11 23:12:12 [    INFO] HTTP Request: GET http://test/api/v1/audit/b86ca90a-b3b1-4b64-8a17-d0084194d6a3 "HTTP/1.1 200 OK" (_client.py:1740)
PASSED                                                                   [ 57%]
------------------------------ live log teardown ------------------------------
2026-03-11 23:12:12 [    INFO] Shutting down AccessLens API... (main.py:50)
2026-03-11 23:12:12 [    INFO] Browser closed (browser_manager.py:117)
2026-03-11 23:12:12 [    INFO] Cleanup complete (main.py:52)

tests/test_integration.py::test_concurrent_audits 
------------------------------- live log setup --------------------------------
2026-03-11 23:12:12 [    INFO] Starting AccessLens API... (main.py:31)
2026-03-11 23:12:14 [    INFO] Browser initialized successfully (browser_manager.py:59)
2026-03-11 23:12:14 [    INFO] Browser manager initialized (main.py:35)
2026-03-11 23:12:14 [    INFO] Registered 3 engines (main.py:45)
-------------------------------- live log call --------------------------------
2026-03-11 23:12:14 [    INFO] Starting audit fad5088e-d0a7-48dd-bf4f-4357481f9890 for URL: https://example.com (routes.py:72)
2026-03-11 23:12:14 [    INFO] Running audit fad5088e-d0a7-48dd-bf4f-4357481f9890 in background (routes.py:140)
2026-03-11 23:12:14 [    INFO] Starting audit for https://example.com (audit_orchestrator.py:31)
2026-03-11 23:12:16 [ WARNING] DOM snapshot failed: CDPSession.send: Protocol error (DOMSnapshot.captureSnapshot): invalid CSS property (accessibility_tree.py:191)
2026-03-11 23:12:16 [ WARNING] Metrics collection failed: 'Page' object has no attribute 'metrics' (page_controller.py:176)
2026-03-11 23:12:16 [    INFO] Audit complete: 0 issues found (audit_orchestrator.py:81)
2026-03-11 23:12:16 [    INFO] Audit fad5088e-d0a7-48dd-bf4f-4357481f9890 completed with 0 issues (routes.py:148)
2026-03-11 23:12:16 [    INFO] HTTP Request: POST http://test/api/v1/audit "HTTP/1.1 200 OK" (_client.py:1740)
2026-03-11 23:12:16 [    INFO] Starting audit 3a44218d-060a-4cea-9d72-79f74cff4924 for URL: https://google.com (routes.py:72)
2026-03-11 23:12:16 [    INFO] Running audit 3a44218d-060a-4cea-9d72-79f74cff4924 in background (routes.py:140)
2026-03-11 23:12:16 [    INFO] Starting audit for https://google.com (audit_orchestrator.py:31)
2026-03-11 23:12:20 [ WARNING] DOM snapshot failed: CDPSession.send: Protocol error (DOMSnapshot.captureSnapshot): invalid CSS property (accessibility_tree.py:191)
2026-03-11 23:12:20 [ WARNING] Metrics collection failed: 'Page' object has no attribute 'metrics' (page_controller.py:176)
2026-03-11 23:12:20 [    INFO] Audit complete: 0 issues found (audit_orchestrator.py:81)
2026-03-11 23:12:20 [    INFO] Audit 3a44218d-060a-4cea-9d72-79f74cff4924 completed with 0 issues (routes.py:148)
2026-03-11 23:12:20 [    INFO] HTTP Request: POST http://test/api/v1/audit "HTTP/1.1 200 OK" (_client.py:1740)
2026-03-11 23:12:20 [    INFO] Starting audit 3ae99aec-0a43-48a9-9e26-3f5b12c16f42 for URL: https://github.com (routes.py:72)
2026-03-11 23:12:20 [    INFO] Running audit 3ae99aec-0a43-48a9-9e26-3f5b12c16f42 in background (routes.py:140)
2026-03-11 23:12:20 [    INFO] Starting audit for https://github.com (audit_orchestrator.py:31)
2026-03-11 23:12:32 [ WARNING] DOM snapshot failed: CDPSession.send: Protocol error (DOMSnapshot.captureSnapshot): invalid CSS property (accessibility_tree.py:191)
2026-03-11 23:12:32 [ WARNING] Metrics collection failed: 'Page' object has no attribute 'metrics' (page_controller.py:176)
2026-03-11 23:12:32 [    INFO] Audit complete: 0 issues found (audit_orchestrator.py:81)
2026-03-11 23:12:32 [    INFO] Audit 3ae99aec-0a43-48a9-9e26-3f5b12c16f42 completed with 0 issues (routes.py:148)
2026-03-11 23:12:32 [    INFO] HTTP Request: POST http://test/api/v1/audit "HTTP/1.1 200 OK" (_client.py:1740)
2026-03-11 23:12:37 [    INFO] HTTP Request: GET http://test/api/v1/audit/fad5088e-d0a7-48dd-bf4f-4357481f9890/status "HTTP/1.1 200 OK" (_client.py:1740)
2026-03-11 23:12:37 [    INFO] HTTP Request: GET http://test/api/v1/audit/3a44218d-060a-4cea-9d72-79f74cff4924/status "HTTP/1.1 200 OK" (_client.py:1740)
2026-03-11 23:12:37 [    INFO] HTTP Request: GET http://test/api/v1/audit/3ae99aec-0a43-48a9-9e26-3f5b12c16f42/status "HTTP/1.1 200 OK" (_client.py:1740)
PASSED                                                                   [ 60%]
------------------------------ live log teardown ------------------------------
2026-03-11 23:12:37 [    INFO] Shutting down AccessLens API... (main.py:50)
2026-03-11 23:12:38 [    INFO] Browser closed (browser_manager.py:117)
2026-03-11 23:12:38 [    INFO] Cleanup complete (main.py:52)

tests/test_integration.py::test_error_handling 
------------------------------- live log setup --------------------------------
2026-03-11 23:12:38 [    INFO] Starting AccessLens API... (main.py:31)
2026-03-11 23:12:40 [    INFO] Browser initialized successfully (browser_manager.py:59)
2026-03-11 23:12:40 [    INFO] Browser manager initialized (main.py:35)
2026-03-11 23:12:40 [    INFO] Registered 3 engines (main.py:45)
-------------------------------- live log call --------------------------------
2026-03-11 23:12:40 [    INFO] HTTP Request: POST http://test/api/v1/audit "HTTP/1.1 422 Unprocessable Entity" (_client.py:1740)
2026-03-11 23:12:40 [    INFO] Starting audit 432d8d6b-1ee0-4722-8bab-f11cedc0176b for URL: https://example.com (routes.py:72)
2026-03-11 23:12:40 [    INFO] Running audit 432d8d6b-1ee0-4722-8bab-f11cedc0176b in background (routes.py:140)
2026-03-11 23:12:40 [    INFO] Starting audit for https://example.com (audit_orchestrator.py:31)
2026-03-11 23:12:42 [ WARNING] DOM snapshot failed: CDPSession.send: Protocol error (DOMSnapshot.captureSnapshot): invalid CSS property (accessibility_tree.py:191)
2026-03-11 23:12:42 [ WARNING] Metrics collection failed: 'Page' object has no attribute 'metrics' (page_controller.py:176)
2026-03-11 23:12:42 [ WARNING] Engine non_existent_engine not found (audit_orchestrator.py:48)
2026-03-11 23:12:42 [    INFO] Audit complete: 0 issues found (audit_orchestrator.py:81)
2026-03-11 23:12:42 [    INFO] Audit 432d8d6b-1ee0-4722-8bab-f11cedc0176b completed with 0 issues (routes.py:148)
2026-03-11 23:12:42 [    INFO] HTTP Request: POST http://test/api/v1/audit "HTTP/1.1 200 OK" (_client.py:1740)
PASSED                                                                   [ 62%]
------------------------------ live log teardown ------------------------------
2026-03-11 23:12:42 [    INFO] Shutting down AccessLens API... (main.py:50)
2026-03-11 23:12:43 [    INFO] Browser closed (browser_manager.py:117)
2026-03-11 23:12:43 [    INFO] Cleanup complete (main.py:52)

tests/test_integration.py::test_system_health 
------------------------------- live log setup --------------------------------
2026-03-11 23:12:43 [    INFO] Starting AccessLens API... (main.py:31)
2026-03-11 23:12:45 [    INFO] Browser initialized successfully (browser_manager.py:59)
2026-03-11 23:12:45 [    INFO] Browser manager initialized (main.py:35)
2026-03-11 23:12:45 [    INFO] Registered 3 engines (main.py:45)
-------------------------------- live log call --------------------------------
2026-03-11 23:12:45 [    INFO] HTTP Request: GET http://test/health "HTTP/1.1 200 OK" (_client.py:1740)
2026-03-11 23:12:45 [    INFO] HTTP Request: GET http://test/health "HTTP/1.1 200 OK" (_client.py:1740)
2026-03-11 23:12:45 [    INFO] HTTP Request: GET http://test/health "HTTP/1.1 200 OK" (_client.py:1740)
2026-03-11 23:12:45 [    INFO] HTTP Request: GET http://test/health "HTTP/1.1 200 OK" (_client.py:1740)
2026-03-11 23:12:45 [    INFO] HTTP Request: GET http://test/health "HTTP/1.1 200 OK" (_client.py:1740)
2026-03-11 23:12:45 [    INFO] HTTP Request: GET http://test/health "HTTP/1.1 200 OK" (_client.py:1740)
2026-03-11 23:12:45 [    INFO] HTTP Request: GET http://test/health "HTTP/1.1 200 OK" (_client.py:1740)
2026-03-11 23:12:45 [    INFO] HTTP Request: GET http://test/health "HTTP/1.1 200 OK" (_client.py:1740)
2026-03-11 23:12:45 [    INFO] HTTP Request: GET http://test/health "HTTP/1.1 200 OK" (_client.py:1740)
2026-03-11 23:12:45 [    INFO] HTTP Request: GET http://test/health "HTTP/1.1 200 OK" (_client.py:1740)
PASSED                                                                   [ 65%]
------------------------------ live log teardown ------------------------------
2026-03-11 23:12:45 [    INFO] Shutting down AccessLens API... (main.py:50)
2026-03-11 23:12:46 [    INFO] Browser closed (browser_manager.py:117)
2026-03-11 23:12:46 [    INFO] Cleanup complete (main.py:52)

tests/test_load.py::test_api_load_capacity 
------------------------------- live log setup --------------------------------
2026-03-11 23:12:46 [    INFO] Starting AccessLens API... (main.py:31)
2026-03-11 23:12:48 [    INFO] Browser initialized successfully (browser_manager.py:59)
2026-03-11 23:12:48 [    INFO] Browser manager initialized (main.py:35)
2026-03-11 23:12:48 [    INFO] Registered 3 engines (main.py:45)
-------------------------------- live log call --------------------------------
2026-03-11 23:12:48 [    INFO] HTTP Request: GET http://test/health "HTTP/1.1 200 OK" (_client.py:1740)
2026-03-11 23:12:48 [    INFO] HTTP Request: GET http://test/health "HTTP/1.1 200 OK" (_client.py:1740)
2026-03-11 23:12:48 [    INFO] HTTP Request: GET http://test/health "HTTP/1.1 200 OK" (_client.py:1740)
2026-03-11 23:12:48 [    INFO] HTTP Request: GET http://test/health "HTTP/1.1 200 OK" (_client.py:1740)
2026-03-11 23:12:48 [    INFO] HTTP Request: GET http://test/health "HTTP/1.1 200 OK" (_client.py:1740)
2026-03-11 23:12:48 [    INFO] HTTP Request: GET http://test/health "HTTP/1.1 200 OK" (_client.py:1740)
2026-03-11 23:12:48 [    INFO] HTTP Request: GET http://test/health "HTTP/1.1 200 OK" (_client.py:1740)
2026-03-11 23:12:48 [    INFO] HTTP Request: GET http://test/health "HTTP/1.1 200 OK" (_client.py:1740)
2026-03-11 23:12:48 [    INFO] HTTP Request: GET http://test/health "HTTP/1.1 200 OK" (_client.py:1740)
2026-03-11 23:12:48 [    INFO] HTTP Request: GET http://test/health "HTTP/1.1 200 OK" (_client.py:1740)
2026-03-11 23:12:48 [    INFO] HTTP Request: GET http://test/health "HTTP/1.1 200 OK" (_client.py:1740)
2026-03-11 23:12:48 [    INFO] HTTP Request: GET http://test/health "HTTP/1.1 200 OK" (_client.py:1740)
2026-03-11 23:12:48 [    INFO] HTTP Request: GET http://test/health "HTTP/1.1 200 OK" (_client.py:1740)
2026-03-11 23:12:48 [    INFO] HTTP Request: GET http://test/health "HTTP/1.1 200 OK" (_client.py:1740)
2026-03-11 23:12:48 [    INFO] HTTP Request: GET http://test/health "HTTP/1.1 200 OK" (_client.py:1740)
2026-03-11 23:12:48 [    INFO] HTTP Request: GET http://test/health "HTTP/1.1 200 OK" (_client.py:1740)
2026-03-11 23:12:48 [    INFO] HTTP Request: GET http://test/health "HTTP/1.1 200 OK" (_client.py:1740)
2026-03-11 23:12:48 [    INFO] HTTP Request: GET http://test/health "HTTP/1.1 200 OK" (_client.py:1740)
2026-03-11 23:12:48 [    INFO] HTTP Request: GET http://test/health "HTTP/1.1 200 OK" (_client.py:1740)
2026-03-11 23:12:48 [    INFO] HTTP Request: GET http://test/health "HTTP/1.1 200 OK" (_client.py:1740)
PASSED                                                                   [ 67%]
------------------------------ live log teardown ------------------------------
2026-03-11 23:12:48 [    INFO] Shutting down AccessLens API... (main.py:50)
2026-03-11 23:12:48 [    INFO] Browser closed (browser_manager.py:117)
2026-03-11 23:12:48 [    INFO] Cleanup complete (main.py:52)

tests/test_performance.py::test_api_response_time 
------------------------------- live log setup --------------------------------
2026-03-11 23:12:48 [    INFO] Starting AccessLens API... (main.py:31)
2026-03-11 23:12:50 [    INFO] Browser initialized successfully (browser_manager.py:59)
2026-03-11 23:12:50 [    INFO] Browser manager initialized (main.py:35)
2026-03-11 23:12:50 [    INFO] Registered 3 engines (main.py:45)
-------------------------------- live log call --------------------------------
2026-03-11 23:12:50 [    INFO] HTTP Request: GET http://test/health "HTTP/1.1 200 OK" (_client.py:1740)
2026-03-11 23:12:50 [    INFO] HTTP Request: GET http://test/ "HTTP/1.1 200 OK" (_client.py:1740)
2026-03-11 23:12:50 [    INFO] HTTP Request: GET http://test/api/v1/engines "HTTP/1.1 200 OK" (_client.py:1740)
PASSED                                                                   [ 70%]
------------------------------ live log teardown ------------------------------
2026-03-11 23:12:50 [    INFO] Shutting down AccessLens API... (main.py:50)
2026-03-11 23:12:51 [    INFO] Browser closed (browser_manager.py:117)
2026-03-11 23:12:51 [    INFO] Cleanup complete (main.py:52)

tests/test_performance.py::test_audit_startup_time 
------------------------------- live log setup --------------------------------
2026-03-11 23:12:51 [    INFO] Starting AccessLens API... (main.py:31)
2026-03-11 23:12:52 [    INFO] Browser initialized successfully (browser_manager.py:59)
2026-03-11 23:12:52 [    INFO] Browser manager initialized (main.py:35)
2026-03-11 23:12:52 [    INFO] Registered 3 engines (main.py:45)
-------------------------------- live log call --------------------------------
2026-03-11 23:12:52 [    INFO] Starting audit 1cfbea0b-5221-4c2c-8ded-cbf0cdddfaa5 for URL: https://example.com (routes.py:72)
2026-03-11 23:12:52 [    INFO] Running audit 1cfbea0b-5221-4c2c-8ded-cbf0cdddfaa5 in background (routes.py:140)
2026-03-11 23:12:52 [    INFO] Starting audit for https://example.com (audit_orchestrator.py:31)
2026-03-11 23:12:56 [ WARNING] DOM snapshot failed: CDPSession.send: Protocol error (DOMSnapshot.captureSnapshot): invalid CSS property (accessibility_tree.py:191)
2026-03-11 23:12:56 [ WARNING] Metrics collection failed: 'Page' object has no attribute 'metrics' (page_controller.py:176)
2026-03-11 23:12:56 [ WARNING] Engine wcag not found (audit_orchestrator.py:48)
2026-03-11 23:12:56 [ WARNING] Engine structural not found (audit_orchestrator.py:48)
2026-03-11 23:12:56 [ WARNING] Engine contrast not found (audit_orchestrator.py:48)
2026-03-11 23:12:56 [    INFO] Audit complete: 0 issues found (audit_orchestrator.py:81)
2026-03-11 23:12:56 [    INFO] Audit 1cfbea0b-5221-4c2c-8ded-cbf0cdddfaa5 completed with 0 issues (routes.py:148)
2026-03-11 23:12:56 [    INFO] HTTP Request: POST http://test/api/v1/audit "HTTP/1.1 200 OK" (_client.py:1740)
FAILED                                                                   [ 72%]
------------------------------ live log teardown ------------------------------
2026-03-11 23:12:56 [    INFO] Shutting down AccessLens API... (main.py:50)
2026-03-11 23:12:57 [    INFO] Browser closed (browser_manager.py:117)
2026-03-11 23:12:57 [    INFO] Cleanup complete (main.py:52)

tests/test_performance.py::test_memory_usage 
------------------------------- live log setup --------------------------------
2026-03-11 23:12:57 [    INFO] Starting AccessLens API... (main.py:31)
2026-03-11 23:12:58 [    INFO] Browser initialized successfully (browser_manager.py:59)
2026-03-11 23:12:58 [    INFO] Browser manager initialized (main.py:35)
2026-03-11 23:12:58 [    INFO] Registered 3 engines (main.py:45)
-------------------------------- live log call --------------------------------
2026-03-11 23:12:59 [    INFO] Starting audit ec5bf0b7-621d-4604-8ef0-41bf7d330a5c for URL: https://example.com/page0 (routes.py:72)
2026-03-11 23:12:59 [    INFO] Running audit ec5bf0b7-621d-4604-8ef0-41bf7d330a5c in background (routes.py:140)
2026-03-11 23:12:59 [    INFO] Starting audit for https://example.com/page0 (audit_orchestrator.py:31)
2026-03-11 23:13:00 [ WARNING] Page returned 404:  (page_controller.py:117)
2026-03-11 23:13:02 [ WARNING] DOM snapshot failed: CDPSession.send: Protocol error (DOMSnapshot.captureSnapshot): invalid CSS property (accessibility_tree.py:191)
2026-03-11 23:13:02 [ WARNING] Metrics collection failed: 'Page' object has no attribute 'metrics' (page_controller.py:176)
2026-03-11 23:13:02 [ WARNING] Engine wcag not found (audit_orchestrator.py:48)
2026-03-11 23:13:02 [ WARNING] Engine structural not found (audit_orchestrator.py:48)
2026-03-11 23:13:02 [ WARNING] Engine contrast not found (audit_orchestrator.py:48)
2026-03-11 23:13:02 [    INFO] Audit complete: 0 issues found (audit_orchestrator.py:81)
2026-03-11 23:13:02 [    INFO] Audit ec5bf0b7-621d-4604-8ef0-41bf7d330a5c completed with 0 issues (routes.py:148)
2026-03-11 23:13:02 [    INFO] HTTP Request: POST http://test/api/v1/audit "HTTP/1.1 200 OK" (_client.py:1740)
2026-03-11 23:13:02 [    INFO] Starting audit 0c3d3a15-7f46-4450-bff1-411cd9b1b861 for URL: https://example.com/page1 (routes.py:72)
2026-03-11 23:13:02 [    INFO] Running audit 0c3d3a15-7f46-4450-bff1-411cd9b1b861 in background (routes.py:140)
2026-03-11 23:13:02 [    INFO] Starting audit for https://example.com/page1 (audit_orchestrator.py:31)
2026-03-11 23:13:03 [ WARNING] Page returned 404:  (page_controller.py:117)
2026-03-11 23:13:05 [ WARNING] DOM snapshot failed: CDPSession.send: Protocol error (DOMSnapshot.captureSnapshot): invalid CSS property (accessibility_tree.py:191)
2026-03-11 23:13:05 [ WARNING] Metrics collection failed: 'Page' object has no attribute 'metrics' (page_controller.py:176)
2026-03-11 23:13:05 [ WARNING] Engine wcag not found (audit_orchestrator.py:48)
2026-03-11 23:13:05 [ WARNING] Engine structural not found (audit_orchestrator.py:48)
2026-03-11 23:13:05 [ WARNING] Engine contrast not found (audit_orchestrator.py:48)
2026-03-11 23:13:05 [    INFO] Audit complete: 0 issues found (audit_orchestrator.py:81)
2026-03-11 23:13:05 [    INFO] Audit 0c3d3a15-7f46-4450-bff1-411cd9b1b861 completed with 0 issues (routes.py:148)
2026-03-11 23:13:05 [    INFO] HTTP Request: POST http://test/api/v1/audit "HTTP/1.1 200 OK" (_client.py:1740)
2026-03-11 23:13:05 [    INFO] Starting audit a75a47ca-6d3c-4aa6-9fde-85c495fc133e for URL: https://example.com/page2 (routes.py:72)
2026-03-11 23:13:05 [    INFO] Running audit a75a47ca-6d3c-4aa6-9fde-85c495fc133e in background (routes.py:140)
2026-03-11 23:13:05 [    INFO] Starting audit for https://example.com/page2 (audit_orchestrator.py:31)
2026-03-11 23:13:06 [ WARNING] Page returned 404:  (page_controller.py:117)
2026-03-11 23:13:07 [ WARNING] DOM snapshot failed: CDPSession.send: Protocol error (DOMSnapshot.captureSnapshot): invalid CSS property (accessibility_tree.py:191)
2026-03-11 23:13:08 [ WARNING] Metrics collection failed: 'Page' object has no attribute 'metrics' (page_controller.py:176)
2026-03-11 23:13:08 [ WARNING] Engine wcag not found (audit_orchestrator.py:48)
2026-03-11 23:13:08 [ WARNING] Engine structural not found (audit_orchestrator.py:48)
2026-03-11 23:13:08 [ WARNING] Engine contrast not found (audit_orchestrator.py:48)
2026-03-11 23:13:08 [    INFO] Audit complete: 0 issues found (audit_orchestrator.py:81)
2026-03-11 23:13:08 [    INFO] Audit a75a47ca-6d3c-4aa6-9fde-85c495fc133e completed with 0 issues (routes.py:148)
2026-03-11 23:13:08 [    INFO] HTTP Request: POST http://test/api/v1/audit "HTTP/1.1 200 OK" (_client.py:1740)
2026-03-11 23:13:08 [    INFO] Starting audit 3cd0bfec-a587-4abc-8c30-6be4e42c0a2b for URL: https://example.com/page3 (routes.py:72)
2026-03-11 23:13:08 [    INFO] Running audit 3cd0bfec-a587-4abc-8c30-6be4e42c0a2b in background (routes.py:140)
2026-03-11 23:13:08 [    INFO] Starting audit for https://example.com/page3 (audit_orchestrator.py:31)
2026-03-11 23:13:09 [ WARNING] Page returned 404:  (page_controller.py:117)
2026-03-11 23:13:11 [ WARNING] DOM snapshot failed: CDPSession.send: Protocol error (DOMSnapshot.captureSnapshot): invalid CSS property (accessibility_tree.py:191)
2026-03-11 23:13:11 [ WARNING] Metrics collection failed: 'Page' object has no attribute 'metrics' (page_controller.py:176)
2026-03-11 23:13:11 [ WARNING] Engine wcag not found (audit_orchestrator.py:48)
2026-03-11 23:13:11 [ WARNING] Engine structural not found (audit_orchestrator.py:48)
2026-03-11 23:13:11 [ WARNING] Engine contrast not found (audit_orchestrator.py:48)
2026-03-11 23:13:11 [    INFO] Audit complete: 0 issues found (audit_orchestrator.py:81)
2026-03-11 23:13:11 [    INFO] Audit 3cd0bfec-a587-4abc-8c30-6be4e42c0a2b completed with 0 issues (routes.py:148)
2026-03-11 23:13:11 [    INFO] HTTP Request: POST http://test/api/v1/audit "HTTP/1.1 200 OK" (_client.py:1740)
2026-03-11 23:13:11 [    INFO] Starting audit fbd9f454-5340-4c7c-83b0-2defc76832de for URL: https://example.com/page4 (routes.py:72)
2026-03-11 23:13:11 [    INFO] Running audit fbd9f454-5340-4c7c-83b0-2defc76832de in background (routes.py:140)
2026-03-11 23:13:11 [    INFO] Starting audit for https://example.com/page4 (audit_orchestrator.py:31)
2026-03-11 23:13:12 [ WARNING] Page returned 404:  (page_controller.py:117)
2026-03-11 23:13:14 [ WARNING] DOM snapshot failed: CDPSession.send: Protocol error (DOMSnapshot.captureSnapshot): invalid CSS property (accessibility_tree.py:191)
2026-03-11 23:13:14 [ WARNING] Metrics collection failed: 'Page' object has no attribute 'metrics' (page_controller.py:176)
2026-03-11 23:13:14 [ WARNING] Engine wcag not found (audit_orchestrator.py:48)
2026-03-11 23:13:14 [ WARNING] Engine structural not found (audit_orchestrator.py:48)
2026-03-11 23:13:14 [ WARNING] Engine contrast not found (audit_orchestrator.py:48)
2026-03-11 23:13:14 [    INFO] Audit complete: 0 issues found (audit_orchestrator.py:81)
2026-03-11 23:13:14 [    INFO] Audit fbd9f454-5340-4c7c-83b0-2defc76832de completed with 0 issues (routes.py:148)
2026-03-11 23:13:14 [    INFO] HTTP Request: POST http://test/api/v1/audit "HTTP/1.1 200 OK" (_client.py:1740)
PASSED                                                                   [ 75%]
------------------------------ live log teardown ------------------------------
2026-03-11 23:13:14 [    INFO] Shutting down AccessLens API... (main.py:50)
2026-03-11 23:13:15 [    INFO] Browser closed (browser_manager.py:117)
2026-03-11 23:13:15 [    INFO] Cleanup complete (main.py:52)

tests/test_performance.py::test_concurrent_audit_performance 
------------------------------- live log setup --------------------------------
2026-03-11 23:13:15 [    INFO] Starting AccessLens API... (main.py:31)
2026-03-11 23:13:16 [    INFO] Browser initialized successfully (browser_manager.py:59)
2026-03-11 23:13:16 [    INFO] Browser manager initialized (main.py:35)
2026-03-11 23:13:16 [    INFO] Registered 3 engines (main.py:45)
-------------------------------- live log call --------------------------------
2026-03-11 23:13:17 [    INFO] Starting audit 37938488-7b38-427f-a849-2a211feac5b3 for URL: https://example.com/page0 (routes.py:72)
2026-03-11 23:13:17 [    INFO] Starting audit 820dbeef-0e69-4e07-b68f-1ee124113cfd for URL: https://example.com/page1 (routes.py:72)
2026-03-11 23:13:17 [    INFO] Starting audit a57d86ea-66e0-4ea4-bae7-9e4ac8278ed9 for URL: https://example.com/page2 (routes.py:72)
2026-03-11 23:13:17 [    INFO] Starting audit 6debf287-aa08-40a0-8114-a381d2447bc6 for URL: https://example.com/page3 (routes.py:72)
2026-03-11 23:13:17 [    INFO] Starting audit 866a3e4a-05e3-4308-94ce-c62b4bcaa618 for URL: https://example.com/page4 (routes.py:72)
2026-03-11 23:13:17 [    INFO] Starting audit cf93ad70-27bd-4eca-a537-f91bf4ee71db for URL: https://example.com/page5 (routes.py:72)
2026-03-11 23:13:17 [    INFO] Starting audit 390328e9-ee17-490c-b7bf-37515a19c9fd for URL: https://example.com/page6 (routes.py:72)
2026-03-11 23:13:17 [    INFO] Starting audit 500da6bc-c8ae-4463-938f-2fc03e539093 for URL: https://example.com/page7 (routes.py:72)
2026-03-11 23:13:17 [    INFO] Starting audit a7dec43f-9d2d-409b-9e1e-94eab2af54f2 for URL: https://example.com/page8 (routes.py:72)
2026-03-11 23:13:17 [    INFO] Starting audit 7dd0b873-056b-498b-ae54-5c5242bfa68f for URL: https://example.com/page9 (routes.py:72)
2026-03-11 23:13:17 [    INFO] Running audit 37938488-7b38-427f-a849-2a211feac5b3 in background (routes.py:140)
2026-03-11 23:13:17 [    INFO] Starting audit for https://example.com/page0 (audit_orchestrator.py:31)
2026-03-11 23:13:17 [    INFO] Running audit 820dbeef-0e69-4e07-b68f-1ee124113cfd in background (routes.py:140)
2026-03-11 23:13:17 [    INFO] Starting audit for https://example.com/page1 (audit_orchestrator.py:31)
2026-03-11 23:13:17 [    INFO] Running audit a57d86ea-66e0-4ea4-bae7-9e4ac8278ed9 in background (routes.py:140)
2026-03-11 23:13:17 [    INFO] Starting audit for https://example.com/page2 (audit_orchestrator.py:31)
2026-03-11 23:13:17 [    INFO] Running audit 6debf287-aa08-40a0-8114-a381d2447bc6 in background (routes.py:140)
2026-03-11 23:13:17 [    INFO] Starting audit for https://example.com/page3 (audit_orchestrator.py:31)
2026-03-11 23:13:17 [    INFO] Running audit 866a3e4a-05e3-4308-94ce-c62b4bcaa618 in background (routes.py:140)
2026-03-11 23:13:17 [    INFO] Starting audit for https://example.com/page4 (audit_orchestrator.py:31)
2026-03-11 23:13:17 [    INFO] Running audit cf93ad70-27bd-4eca-a537-f91bf4ee71db in background (routes.py:140)
2026-03-11 23:13:17 [    INFO] Starting audit for https://example.com/page5 (audit_orchestrator.py:31)
2026-03-11 23:13:17 [ WARNING] Max concurrent pages reached, waiting... (browser_manager.py:76)
2026-03-11 23:13:17 [    INFO] Running audit 390328e9-ee17-490c-b7bf-37515a19c9fd in background (routes.py:140)
2026-03-11 23:13:17 [    INFO] Starting audit for https://example.com/page6 (audit_orchestrator.py:31)
2026-03-11 23:13:17 [ WARNING] Max concurrent pages reached, waiting... (browser_manager.py:76)
2026-03-11 23:13:17 [    INFO] Running audit 500da6bc-c8ae-4463-938f-2fc03e539093 in background (routes.py:140)
2026-03-11 23:13:17 [    INFO] Starting audit for https://example.com/page7 (audit_orchestrator.py:31)
2026-03-11 23:13:17 [ WARNING] Max concurrent pages reached, waiting... (browser_manager.py:76)
2026-03-11 23:13:17 [    INFO] Running audit a7dec43f-9d2d-409b-9e1e-94eab2af54f2 in background (routes.py:140)
2026-03-11 23:13:17 [    INFO] Starting audit for https://example.com/page8 (audit_orchestrator.py:31)
2026-03-11 23:13:17 [ WARNING] Max concurrent pages reached, waiting... (browser_manager.py:76)
2026-03-11 23:13:17 [    INFO] Running audit 7dd0b873-056b-498b-ae54-5c5242bfa68f in background (routes.py:140)
2026-03-11 23:13:17 [    INFO] Starting audit for https://example.com/page9 (audit_orchestrator.py:31)
2026-03-11 23:13:17 [ WARNING] Max concurrent pages reached, waiting... (browser_manager.py:76)
2026-03-11 23:13:18 [ WARNING] Max concurrent pages reached, waiting... (browser_manager.py:76)
2026-03-11 23:13:18 [ WARNING] Max concurrent pages reached, waiting... (browser_manager.py:76)
2026-03-11 23:13:18 [ WARNING] Max concurrent pages reached, waiting... (browser_manager.py:76)
2026-03-11 23:13:18 [ WARNING] Max concurrent pages reached, waiting... (browser_manager.py:76)
2026-03-11 23:13:18 [ WARNING] Max concurrent pages reached, waiting... (browser_manager.py:76)
2026-03-11 23:13:18 [ WARNING] Page returned 404:  (page_controller.py:117)
2026-03-11 23:13:19 [ WARNING] Page returned 404:  (page_controller.py:117)
2026-03-11 23:13:19 [ WARNING] Page returned 404:  (page_controller.py:117)
2026-03-11 23:13:19 [ WARNING] Page returned 404:  (page_controller.py:117)
2026-03-11 23:13:19 [ WARNING] Page returned 404:  (page_controller.py:117)
2026-03-11 23:13:19 [ WARNING] Max concurrent pages reached, waiting... (browser_manager.py:76)
2026-03-11 23:13:19 [ WARNING] Max concurrent pages reached, waiting... (browser_manager.py:76)
2026-03-11 23:13:19 [ WARNING] Max concurrent pages reached, waiting... (browser_manager.py:76)
2026-03-11 23:13:19 [ WARNING] Max concurrent pages reached, waiting... (browser_manager.py:76)
2026-03-11 23:13:19 [ WARNING] Max concurrent pages reached, waiting... (browser_manager.py:76)
2026-03-11 23:13:20 [ WARNING] Max concurrent pages reached, waiting... (browser_manager.py:76)
2026-03-11 23:13:20 [ WARNING] Max concurrent pages reached, waiting... (browser_manager.py:76)
2026-03-11 23:13:20 [ WARNING] Max concurrent pages reached, waiting... (browser_manager.py:76)
2026-03-11 23:13:20 [ WARNING] Max concurrent pages reached, waiting... (browser_manager.py:76)
2026-03-11 23:13:20 [ WARNING] Max concurrent pages reached, waiting... (browser_manager.py:76)
2026-03-11 23:13:21 [ WARNING] Max concurrent pages reached, waiting... (browser_manager.py:76)
2026-03-11 23:13:21 [ WARNING] Max concurrent pages reached, waiting... (browser_manager.py:76)
2026-03-11 23:13:21 [ WARNING] Max concurrent pages reached, waiting... (browser_manager.py:76)
2026-03-11 23:13:21 [ WARNING] Max concurrent pages reached, waiting... (browser_manager.py:76)
2026-03-11 23:13:21 [ WARNING] Max concurrent pages reached, waiting... (browser_manager.py:76)
2026-03-11 23:13:22 [ WARNING] DOM snapshot failed: CDPSession.send: Protocol error (DOMSnapshot.captureSnapshot): invalid CSS property (accessibility_tree.py:191)
2026-03-11 23:13:22 [ WARNING] DOM snapshot failed: CDPSession.send: Protocol error (DOMSnapshot.captureSnapshot): invalid CSS property (accessibility_tree.py:191)
2026-03-11 23:13:22 [ WARNING] DOM snapshot failed: CDPSession.send: Protocol error (DOMSnapshot.captureSnapshot): invalid CSS property (accessibility_tree.py:191)
2026-03-11 23:13:22 [ WARNING] DOM snapshot failed: CDPSession.send: Protocol error (DOMSnapshot.captureSnapshot): invalid CSS property (accessibility_tree.py:191)
2026-03-11 23:13:22 [ WARNING] DOM snapshot failed: CDPSession.send: Protocol error (DOMSnapshot.captureSnapshot): invalid CSS property (accessibility_tree.py:191)
2026-03-11 23:13:22 [ WARNING] Max concurrent pages reached, waiting... (browser_manager.py:76)
2026-03-11 23:13:22 [ WARNING] Max concurrent pages reached, waiting... (browser_manager.py:76)
2026-03-11 23:13:22 [ WARNING] Max concurrent pages reached, waiting... (browser_manager.py:76)
2026-03-11 23:13:22 [ WARNING] Max concurrent pages reached, waiting... (browser_manager.py:76)
2026-03-11 23:13:22 [ WARNING] Max concurrent pages reached, waiting... (browser_manager.py:76)
2026-03-11 23:13:23 [ WARNING] Metrics collection failed: 'Page' object has no attribute 'metrics' (page_controller.py:176)
2026-03-11 23:13:23 [ WARNING] Metrics collection failed: 'Page' object has no attribute 'metrics' (page_controller.py:176)
2026-03-11 23:13:23 [   ERROR] Page setup failed: <asyncio.locks.Lock object at 0x0000020C23B2E120 [locked]> is bound to a different event loop (audit_orchestrator.py:105)
2026-03-11 23:13:23 [    INFO] Audit 37938488-7b38-427f-a849-2a211feac5b3 completed with 0 issues (routes.py:148)
2026-03-11 23:13:23 [    INFO] HTTP Request: POST http://test/api/v1/audit "HTTP/1.1 200 OK" (_client.py:1740)
2026-03-11 23:13:23 [ WARNING] Engine wcag not found (audit_orchestrator.py:48)
2026-03-11 23:13:23 [ WARNING] Engine structural not found (audit_orchestrator.py:48)
2026-03-11 23:13:23 [ WARNING] Engine contrast not found (audit_orchestrator.py:48)
2026-03-11 23:13:23 [    INFO] Audit complete: 0 issues found (audit_orchestrator.py:81)
2026-03-11 23:13:23 [    INFO] Audit 820dbeef-0e69-4e07-b68f-1ee124113cfd completed with 0 issues (routes.py:148)
2026-03-11 23:13:23 [    INFO] HTTP Request: POST http://test/api/v1/audit "HTTP/1.1 200 OK" (_client.py:1740)
2026-03-11 23:13:23 [ WARNING] Metrics collection failed: 'Page' object has no attribute 'metrics' (page_controller.py:176)
2026-03-11 23:13:23 [ WARNING] Metrics collection failed: 'Page' object has no attribute 'metrics' (page_controller.py:176)
2026-03-11 23:13:23 [   ERROR] Page setup failed: <asyncio.locks.Lock object at 0x0000020C23B2E120 [locked]> is bound to a different event loop (audit_orchestrator.py:105)
2026-03-11 23:13:23 [    INFO] Audit a57d86ea-66e0-4ea4-bae7-9e4ac8278ed9 completed with 0 issues (routes.py:148)
2026-03-11 23:13:23 [ WARNING] Metrics collection failed: 'Page' object has no attribute 'metrics' (page_controller.py:176)
2026-03-11 23:13:23 [   ERROR] Page setup failed: <asyncio.locks.Lock object at 0x0000020C23B2E120 [locked]> is bound to a different event loop (audit_orchestrator.py:105)
2026-03-11 23:13:23 [    INFO] Audit 866a3e4a-05e3-4308-94ce-c62b4bcaa618 completed with 0 issues (routes.py:148)
2026-03-11 23:13:23 [    INFO] HTTP Request: POST http://test/api/v1/audit "HTTP/1.1 200 OK" (_client.py:1740)
2026-03-11 23:13:23 [    INFO] HTTP Request: POST http://test/api/v1/audit "HTTP/1.1 200 OK" (_client.py:1740)
2026-03-11 23:13:23 [ WARNING] Engine wcag not found (audit_orchestrator.py:48)
2026-03-11 23:13:23 [ WARNING] Engine structural not found (audit_orchestrator.py:48)
2026-03-11 23:13:23 [ WARNING] Engine contrast not found (audit_orchestrator.py:48)
2026-03-11 23:13:23 [    INFO] Audit complete: 0 issues found (audit_orchestrator.py:81)
2026-03-11 23:13:23 [    INFO] Audit 6debf287-aa08-40a0-8114-a381d2447bc6 completed with 0 issues (routes.py:148)
2026-03-11 23:13:23 [    INFO] HTTP Request: POST http://test/api/v1/audit "HTTP/1.1 200 OK" (_client.py:1740)
2026-03-11 23:13:24 [ WARNING] Max concurrent pages reached, waiting... (browser_manager.py:76)
2026-03-11 23:13:24 [ WARNING] Max concurrent pages reached, waiting... (browser_manager.py:76)
2026-03-11 23:13:24 [ WARNING] Max concurrent pages reached, waiting... (browser_manager.py:76)
2026-03-11 23:13:24 [ WARNING] Page returned 404:  (page_controller.py:117)
2026-03-11 23:13:24 [ WARNING] Page returned 404:  (page_controller.py:117)
2026-03-11 23:13:25 [ WARNING] Max concurrent pages reached, waiting... (browser_manager.py:76)
2026-03-11 23:13:25 [ WARNING] Max concurrent pages reached, waiting... (browser_manager.py:76)
2026-03-11 23:13:25 [ WARNING] Max concurrent pages reached, waiting... (browser_manager.py:76)
2026-03-11 23:13:26 [ WARNING] Max concurrent pages reached, waiting... (browser_manager.py:76)
2026-03-11 23:13:26 [ WARNING] Max concurrent pages reached, waiting... (browser_manager.py:76)
2026-03-11 23:13:26 [ WARNING] Max concurrent pages reached, waiting... (browser_manager.py:76)
2026-03-11 23:13:26 [ WARNING] DOM snapshot failed: CDPSession.send: Protocol error (DOMSnapshot.captureSnapshot): invalid CSS property (accessibility_tree.py:191)
2026-03-11 23:13:26 [ WARNING] DOM snapshot failed: CDPSession.send: Protocol error (DOMSnapshot.captureSnapshot): invalid CSS property (accessibility_tree.py:191)
2026-03-11 23:13:26 [ WARNING] Metrics collection failed: 'Page' object has no attribute 'metrics' (page_controller.py:176)
2026-03-11 23:13:26 [ WARNING] Engine wcag not found (audit_orchestrator.py:48)
2026-03-11 23:13:26 [ WARNING] Engine structural not found (audit_orchestrator.py:48)
2026-03-11 23:13:26 [ WARNING] Engine contrast not found (audit_orchestrator.py:48)
2026-03-11 23:13:26 [    INFO] Audit complete: 0 issues found (audit_orchestrator.py:81)
2026-03-11 23:13:26 [    INFO] Audit cf93ad70-27bd-4eca-a537-f91bf4ee71db completed with 0 issues (routes.py:148)
2026-03-11 23:13:26 [    INFO] HTTP Request: POST http://test/api/v1/audit "HTTP/1.1 200 OK" (_client.py:1740)
2026-03-11 23:13:26 [ WARNING] Metrics collection failed: 'Page' object has no attribute 'metrics' (page_controller.py:176)
2026-03-11 23:13:26 [ WARNING] Engine wcag not found (audit_orchestrator.py:48)
2026-03-11 23:13:26 [ WARNING] Engine structural not found (audit_orchestrator.py:48)
2026-03-11 23:13:26 [ WARNING] Engine contrast not found (audit_orchestrator.py:48)
2026-03-11 23:13:26 [    INFO] Audit complete: 0 issues found (audit_orchestrator.py:81)
2026-03-11 23:13:26 [    INFO] Audit 390328e9-ee17-490c-b7bf-37515a19c9fd completed with 0 issues (routes.py:148)
2026-03-11 23:13:26 [    INFO] HTTP Request: POST http://test/api/v1/audit "HTTP/1.1 200 OK" (_client.py:1740)
2026-03-11 23:13:27 [ WARNING] Max concurrent pages reached, waiting... (browser_manager.py:76)
2026-03-11 23:13:27 [ WARNING] Page returned 404:  (page_controller.py:117)
2026-03-11 23:13:27 [ WARNING] Page returned 404:  (page_controller.py:117)
2026-03-11 23:13:28 [ WARNING] Max concurrent pages reached, waiting... (browser_manager.py:76)
2026-03-11 23:13:29 [ WARNING] Max concurrent pages reached, waiting... (browser_manager.py:76)
2026-03-11 23:13:29 [ WARNING] DOM snapshot failed: CDPSession.send: Protocol error (DOMSnapshot.captureSnapshot): invalid CSS property (accessibility_tree.py:191)
2026-03-11 23:13:29 [ WARNING] DOM snapshot failed: CDPSession.send: Protocol error (DOMSnapshot.captureSnapshot): invalid CSS property (accessibility_tree.py:191)
2026-03-11 23:13:29 [ WARNING] Metrics collection failed: 'Page' object has no attribute 'metrics' (page_controller.py:176)
2026-03-11 23:13:29 [ WARNING] Metrics collection failed: 'Page' object has no attribute 'metrics' (page_controller.py:176)
2026-03-11 23:13:29 [   ERROR] Page setup failed: <asyncio.locks.Lock object at 0x0000020C23B2E120 [locked]> is bound to a different event loop (audit_orchestrator.py:105)
2026-03-11 23:13:29 [    INFO] Audit a7dec43f-9d2d-409b-9e1e-94eab2af54f2 completed with 0 issues (routes.py:148)
2026-03-11 23:13:29 [    INFO] HTTP Request: POST http://test/api/v1/audit "HTTP/1.1 200 OK" (_client.py:1740)
2026-03-11 23:13:29 [ WARNING] Engine wcag not found (audit_orchestrator.py:48)
2026-03-11 23:13:29 [ WARNING] Engine structural not found (audit_orchestrator.py:48)
2026-03-11 23:13:29 [ WARNING] Engine contrast not found (audit_orchestrator.py:48)
2026-03-11 23:13:29 [    INFO] Audit complete: 0 issues found (audit_orchestrator.py:81)
2026-03-11 23:13:29 [    INFO] Audit 500da6bc-c8ae-4463-938f-2fc03e539093 completed with 0 issues (routes.py:148)
2026-03-11 23:13:29 [    INFO] HTTP Request: POST http://test/api/v1/audit "HTTP/1.1 200 OK" (_client.py:1740)
2026-03-11 23:13:30 [ WARNING] Page returned 404:  (page_controller.py:117)
2026-03-11 23:13:32 [ WARNING] DOM snapshot failed: CDPSession.send: Protocol error (DOMSnapshot.captureSnapshot): invalid CSS property (accessibility_tree.py:191)
2026-03-11 23:13:32 [ WARNING] Metrics collection failed: 'Page' object has no attribute 'metrics' (page_controller.py:176)
2026-03-11 23:13:32 [ WARNING] Engine wcag not found (audit_orchestrator.py:48)
2026-03-11 23:13:32 [ WARNING] Engine structural not found (audit_orchestrator.py:48)
2026-03-11 23:13:32 [ WARNING] Engine contrast not found (audit_orchestrator.py:48)
2026-03-11 23:13:32 [    INFO] Audit complete: 0 issues found (audit_orchestrator.py:81)
2026-03-11 23:13:32 [    INFO] Audit 7dd0b873-056b-498b-ae54-5c5242bfa68f completed with 0 issues (routes.py:148)
2026-03-11 23:13:32 [    INFO] HTTP Request: POST http://test/api/v1/audit "HTTP/1.1 200 OK" (_client.py:1740)
FAILED                                                                   [ 77%]
------------------------------ live log teardown ------------------------------
2026-03-11 23:13:32 [    INFO] Shutting down AccessLens API... (main.py:50)
2026-03-11 23:13:32 [    INFO] Browser closed (browser_manager.py:117)
2026-03-11 23:13:32 [    INFO] Cleanup complete (main.py:52)

tests/test_performance.py::test_cpu_usage_during_analysis 
------------------------------- live log setup --------------------------------
2026-03-11 23:13:32 [    INFO] Starting AccessLens API... (main.py:31)
2026-03-11 23:13:34 [    INFO] Browser initialized successfully (browser_manager.py:59)
2026-03-11 23:13:34 [    INFO] Browser manager initialized (main.py:35)
2026-03-11 23:13:34 [    INFO] Registered 3 engines (main.py:45)
-------------------------------- live log call --------------------------------
2026-03-11 23:13:34 [    INFO] HTTP Request: GET http://test/api/v1/engines "HTTP/1.1 200 OK" (_client.py:1740)
2026-03-11 23:13:34 [    INFO] HTTP Request: GET http://test/api/v1/engines "HTTP/1.1 200 OK" (_client.py:1740)
2026-03-11 23:13:34 [    INFO] HTTP Request: GET http://test/api/v1/engines "HTTP/1.1 200 OK" (_client.py:1740)
2026-03-11 23:13:34 [    INFO] HTTP Request: GET http://test/api/v1/engines "HTTP/1.1 200 OK" (_client.py:1740)
2026-03-11 23:13:34 [    INFO] HTTP Request: GET http://test/api/v1/engines "HTTP/1.1 200 OK" (_client.py:1740)
PASSED                                                                   [ 80%]
------------------------------ live log teardown ------------------------------
2026-03-11 23:13:39 [    INFO] Shutting down AccessLens API... (main.py:50)
2026-03-11 23:13:39 [    INFO] Browser closed (browser_manager.py:117)
2026-03-11 23:13:39 [    INFO] Cleanup complete (main.py:52)

tests/test_report_storage.py::test_in_memory_audit_store 
------------------------------- live log setup --------------------------------
2026-03-11 23:13:39 [    INFO] Starting AccessLens API... (main.py:31)
2026-03-11 23:13:40 [    INFO] Browser initialized successfully (browser_manager.py:59)
2026-03-11 23:13:40 [    INFO] Browser manager initialized (main.py:35)
2026-03-11 23:13:40 [    INFO] Registered 3 engines (main.py:45)
FAILED                                                                   [ 82%]
[...]
INFO     app.api.routes:routes.py:140 Running audit 500da6bc-c8ae-4463-938f-2fc03e539093 in background
INFO     app.core.audit_orchestrator:audit_orchestrator.py:31 Starting audit for https://example.com/page7
WARNING  app.core.browser_manager:browser_manager.py:76 Max concurrent pages reached, waiting...
INFO     app.api.routes:routes.py:140 Running audit a7dec43f-9d2d-409b-9e1e-94eab2af54f2 in background
INFO     app.core.audit_orchestrator:audit_orchestrator.py:31 Starting audit for https://example.com/page8
WARNING  app.core.browser_manager:browser_manager.py:76 Max concurrent pages reached, waiting...
INFO     app.api.routes:routes.py:140 Running audit 7dd0b873-056b-498b-ae54-5c5242bfa68f in background
INFO     app.core.audit_orchestrator:audit_orchestrator.py:31 Starting audit for https://example.com/page9
WARNING  app.core.browser_manager:browser_manager.py:76 Max concurrent pages reached, waiting...
WARNING  app.core.browser_manager:browser_manager.py:76 Max concurrent pages reached, waiting...
WARNING  app.core.browser_manager:browser_manager.py:76 Max concurrent pages reached, waiting...
WARNING  app.core.browser_manager:browser_manager.py:76 Max concurrent pages reached, waiting...
WARNING  app.core.browser_manager:browser_manager.py:76 Max concurrent pages reached, waiting...
WARNING  app.core.browser_manager:browser_manager.py:76 Max concurrent pages reached, waiting...
WARNING  app.core.page_controller:page_controller.py:117 Page returned 404: 
WARNING  app.core.page_controller:page_controller.py:117 Page returned 404: 
WARNING  app.core.page_controller:page_controller.py:117 Page returned 404: 
WARNING  app.core.page_controller:page_controller.py:117 Page returned 404: 
WARNING  app.core.page_controller:page_controller.py:117 Page returned 404: 
WARNING  app.core.browser_manager:browser_manager.py:76 Max concurrent pages reached, waiting...
WARNING  app.core.browser_manager:browser_manager.py:76 Max concurrent pages reached, waiting...
WARNING  app.core.browser_manager:browser_manager.py:76 Max concurrent pages reached, waiting...
WARNING  app.core.browser_manager:browser_manager.py:76 Max concurrent pages reached, waiting...
WARNING  app.core.browser_manager:browser_manager.py:76 Max concurrent pages reached, waiting...
WARNING  app.core.browser_manager:browser_manager.py:76 Max concurrent pages reached, waiting...
WARNING  app.core.browser_manager:browser_manager.py:76 Max concurrent pages reached, waiting...
WARNING  app.core.browser_manager:browser_manager.py:76 Max concurrent pages reached, waiting...
WARNING  app.core.browser_manager:browser_manager.py:76 Max concurrent pages reached, waiting...
WARNING  app.core.browser_manager:browser_manager.py:76 Max concurrent pages reached, waiting...
WARNING  app.core.browser_manager:browser_manager.py:76 Max concurrent pages reached, waiting...
WARNING  app.core.browser_manager:browser_manager.py:76 Max concurrent pages reached, waiting...
WARNING  app.core.browser_manager:browser_manager.py:76 Max concurrent pages reached, waiting...
WARNING  app.core.browser_manager:browser_manager.py:76 Max concurrent pages reached, waiting...
WARNING  app.core.browser_manager:browser_manager.py:76 Max concurrent pages reached, waiting...
WARNING  app.core.accessibility_tree:accessibility_tree.py:191 DOM snapshot failed: CDPSession.send: Protocol error (DOMSnapshot.captureSnapshot): invalid CSS property
WARNING  app.core.accessibility_tree:accessibility_tree.py:191 DOM snapshot failed: CDPSession.send: Protocol error (DOMSnapshot.captureSnapshot): invalid CSS property
WARNING  app.core.accessibility_tree:accessibility_tree.py:191 DOM snapshot failed: CDPSession.send: Protocol error (DOMSnapshot.captureSnapshot): invalid CSS property
WARNING  app.core.accessibility_tree:accessibility_tree.py:191 DOM snapshot failed: CDPSession.send: Protocol error (DOMSnapshot.captureSnapshot): invalid CSS property
WARNING  app.core.accessibility_tree:accessibility_tree.py:191 DOM snapshot failed: CDPSession.send: Protocol error (DOMSnapshot.captureSnapshot): invalid CSS property
WARNING  app.core.browser_manager:browser_manager.py:76 Max concurrent pages reached, waiting...
WARNING  app.core.browser_manager:browser_manager.py:76 Max concurrent pages reached, waiting...
WARNING  app.core.browser_manager:browser_manager.py:76 Max concurrent pages reached, waiting...
WARNING  app.core.browser_manager:browser_manager.py:76 Max concurrent pages reached, waiting...
WARNING  app.core.browser_manager:browser_manager.py:76 Max concurrent pages reached, waiting...
WARNING  app.core.page_controller:page_controller.py:176 Metrics collection failed: 'Page' object has no attribute 'metrics'
WARNING  app.core.page_controller:page_controller.py:176 Metrics collection failed: 'Page' object has no attribute 'metrics'
ERROR    app.core.audit_orchestrator:audit_orchestrator.py:105 Page setup failed: <asyncio.locks.Lock object at 0x0000020C23B2E120 [locked]> is bound to a different event loop
INFO     app.api.routes:routes.py:148 Audit 37938488-7b38-427f-a849-2a211feac5b3 completed with 0 issues
INFO     httpx:_client.py:1740 HTTP Request: POST http://test/api/v1/audit "HTTP/1.1 200 OK"
WARNING  app.core.audit_orchestrator:audit_orchestrator.py:48 Engine wcag not found
WARNING  app.core.audit_orchestrator:audit_orchestrator.py:48 Engine structural not found
WARNING  app.core.audit_orchestrator:audit_orchestrator.py:48 Engine contrast not found
INFO     app.core.audit_orchestrator:audit_orchestrator.py:81 Audit complete: 0 issues found
INFO     app.api.routes:routes.py:148 Audit 820dbeef-0e69-4e07-b68f-1ee124113cfd completed with 0 issues
INFO     httpx:_client.py:1740 HTTP Request: POST http://test/api/v1/audit "HTTP/1.1 200 OK"
WARNING  app.core.page_controller:page_controller.py:176 Metrics collection failed: 'Page' object has no attribute 'metrics'
WARNING  app.core.page_controller:page_controller.py:176 Metrics collection failed: 'Page' object has no attribute 'metrics'
ERROR    app.core.audit_orchestrator:audit_orchestrator.py:105 Page setup failed: <asyncio.locks.Lock object at 0x0000020C23B2E120 [locked]> is bound to a different event loop
INFO     app.api.routes:routes.py:148 Audit a57d86ea-66e0-4ea4-bae7-9e4ac8278ed9 completed with 0 issues
WARNING  app.core.page_controller:page_controller.py:176 Metrics collection failed: 'Page' object has no attribute 'metrics'
ERROR    app.core.audit_orchestrator:audit_orchestrator.py:105 Page setup failed: <asyncio.locks.Lock object at 0x0000020C23B2E120 [locked]> is bound to a different event loop
INFO     app.api.routes:routes.py:148 Audit 866a3e4a-05e3-4308-94ce-c62b4bcaa618 completed with 0 issues
INFO     httpx:_client.py:1740 HTTP Request: POST http://test/api/v1/audit "HTTP/1.1 200 OK"
INFO     httpx:_client.py:1740 HTTP Request: POST http://test/api/v1/audit "HTTP/1.1 200 OK"
WARNING  app.core.audit_orchestrator:audit_orchestrator.py:48 Engine wcag not found
WARNING  app.core.audit_orchestrator:audit_orchestrator.py:48 Engine structural not found
WARNING  app.core.audit_orchestrator:audit_orchestrator.py:48 Engine contrast not found
INFO     app.core.audit_orchestrator:audit_orchestrator.py:81 Audit complete: 0 issues found
INFO     app.api.routes:routes.py:148 Audit 6debf287-aa08-40a0-8114-a381d2447bc6 completed with 0 issues
INFO     httpx:_client.py:1740 HTTP Request: POST http://test/api/v1/audit "HTTP/1.1 200 OK"
WARNING  app.core.browser_manager:browser_manager.py:76 Max concurrent pages reached, waiting...
WARNING  app.core.browser_manager:browser_manager.py:76 Max concurrent pages reached, waiting...
WARNING  app.core.browser_manager:browser_manager.py:76 Max concurrent pages reached, waiting...
WARNING  app.core.page_controller:page_controller.py:117 Page returned 404: 
WARNING  app.core.page_controller:page_controller.py:117 Page returned 404: 
WARNING  app.core.browser_manager:browser_manager.py:76 Max concurrent pages reached, waiting...
WARNING  app.core.browser_manager:browser_manager.py:76 Max concurrent pages reached, waiting...
WARNING  app.core.browser_manager:browser_manager.py:76 Max concurrent pages reached, waiting...
WARNING  app.core.browser_manager:browser_manager.py:76 Max concurrent pages reached, waiting...
WARNING  app.core.browser_manager:browser_manager.py:76 Max concurrent pages reached, waiting...
WARNING  app.core.browser_manager:browser_manager.py:76 Max concurrent pages reached, waiting...
WARNING  app.core.accessibility_tree:accessibility_tree.py:191 DOM snapshot failed: CDPSession.send: Protocol error (DOMSnapshot.captureSnapshot): invalid CSS property
WARNING  app.core.accessibility_tree:accessibility_tree.py:191 DOM snapshot failed: CDPSession.send: Protocol error (DOMSnapshot.captureSnapshot): invalid CSS property
WARNING  app.core.page_controller:page_controller.py:176 Metrics collection failed: 'Page' object has no attribute 'metrics'
WARNING  app.core.audit_orchestrator:audit_orchestrator.py:48 Engine wcag not found
WARNING  app.core.audit_orchestrator:audit_orchestrator.py:48 Engine structural not found
WARNING  app.core.audit_orchestrator:audit_orchestrator.py:48 Engine contrast not found
INFO     app.core.audit_orchestrator:audit_orchestrator.py:81 Audit complete: 0 issues found
INFO     app.api.routes:routes.py:148 Audit cf93ad70-27bd-4eca-a537-f91bf4ee71db completed with 0 issues
INFO     httpx:_client.py:1740 HTTP Request: POST http://test/api/v1/audit "HTTP/1.1 200 OK"
WARNING  app.core.page_controller:page_controller.py:176 Metrics collection failed: 'Page' object has no attribute 'metrics'
WARNING  app.core.audit_orchestrator:audit_orchestrator.py:48 Engine wcag not found
WARNING  app.core.audit_orchestrator:audit_orchestrator.py:48 Engine structural not found
WARNING  app.core.audit_orchestrator:audit_orchestrator.py:48 Engine contrast not found
INFO     app.core.audit_orchestrator:audit_orchestrator.py:81 Audit complete: 0 issues found
INFO     app.api.routes:routes.py:148 Audit 390328e9-ee17-490c-b7bf-37515a19c9fd completed with 0 issues
INFO     httpx:_client.py:1740 HTTP Request: POST http://test/api/v1/audit "HTTP/1.1 200 OK"
WARNING  app.core.browser_manager:browser_manager.py:76 Max concurrent pages reached, waiting...
WARNING  app.core.page_controller:page_controller.py:117 Page returned 404: 
WARNING  app.core.page_controller:page_controller.py:117 Page returned 404: 
WARNING  app.core.browser_manager:browser_manager.py:76 Max concurrent pages reached, waiting...
WARNING  app.core.browser_manager:browser_manager.py:76 Max concurrent pages reached, waiting...
WARNING  app.core.accessibility_tree:accessibility_tree.py:191 DOM snapshot failed: CDPSession.send: Protocol error (DOMSnapshot.captureSnapshot): invalid CSS property
WARNING  app.core.accessibility_tree:accessibility_tree.py:191 DOM snapshot failed: CDPSession.send: Protocol error (DOMSnapshot.captureSnapshot): invalid CSS property
WARNING  app.core.page_controller:page_controller.py:176 Metrics collection failed: 'Page' object has no attribute 'metrics'
WARNING  app.core.page_controller:page_controller.py:176 Metrics collection failed: 'Page' object has no attribute 'metrics'
ERROR    app.core.audit_orchestrator:audit_orchestrator.py:105 Page setup failed: <asyncio.locks.Lock object at 0x0000020C23B2E120 [locked]> is bound to a different event loop
INFO     app.api.routes:routes.py:148 Audit a7dec43f-9d2d-409b-9e1e-94eab2af54f2 completed with 0 issues
INFO     httpx:_client.py:1740 HTTP Request: POST http://test/api/v1/audit "HTTP/1.1 200 OK"
WARNING  app.core.audit_orchestrator:audit_orchestrator.py:48 Engine wcag not found
WARNING  app.core.audit_orchestrator:audit_orchestrator.py:48 Engine structural not found
WARNING  app.core.audit_orchestrator:audit_orchestrator.py:48 Engine contrast not found
INFO     app.core.audit_orchestrator:audit_orchestrator.py:81 Audit complete: 0 issues found
INFO     app.api.routes:routes.py:148 Audit 500da6bc-c8ae-4463-938f-2fc03e539093 completed with 0 issues
INFO     httpx:_client.py:1740 HTTP Request: POST http://test/api/v1/audit "HTTP/1.1 200 OK"
WARNING  app.core.page_controller:page_controller.py:117 Page returned 404: 
WARNING  app.core.accessibility_tree:accessibility_tree.py:191 DOM snapshot failed: CDPSession.send: Protocol error (DOMSnapshot.captureSnapshot): invalid CSS property
WARNING  app.core.page_controller:page_controller.py:176 Metrics collection failed: 'Page' object has no attribute 'metrics'
WARNING  app.core.audit_orchestrator:audit_orchestrator.py:48 Engine wcag not found
WARNING  app.core.audit_orchestrator:audit_orchestrator.py:48 Engine structural not found
WARNING  app.core.audit_orchestrator:audit_orchestrator.py:48 Engine contrast not found
INFO     app.core.audit_orchestrator:audit_orchestrator.py:81 Audit complete: 0 issues found
INFO     app.api.routes:routes.py:148 Audit 7dd0b873-056b-498b-ae54-5c5242bfa68f completed with 0 issues
INFO     httpx:_client.py:1740 HTTP Request: POST http://test/api/v1/audit "HTTP/1.1 200 OK"
-------------------------- Captured stdout teardown ---------------------------
{"timestamp": "2026-03-11T17:43:32.518461", "level": "INFO", "logger": "app.main", "module": "main", "function": "lifespan", "line": 50, "message": "Shutting down AccessLens API..."}
{"timestamp": "2026-03-11T17:43:32.685757", "level": "INFO", "logger": "app.core.browser_manager", "module": "browser_manager", "function": "close", "line": 117, "message": "Browser closed"}
{"timestamp": "2026-03-11T17:43:32.686299", "level": "INFO", "logger": "app.main", "module": "main", "function": "lifespan", "line": 52, "message": "Cleanup complete"}
---------------------------- Captured log teardown ----------------------------
INFO     app.main:main.py:50 Shutting down AccessLens API...
INFO     app.core.browser_manager:browser_manager.py:117 Browser closed
INFO     app.main:main.py:52 Cleanup complete
_________________________ test_in_memory_audit_store __________________________
tests\test_report_storage.py:13: in test_in_memory_audit_store
    report = AuditReport(audit_id=test_id, url="https://test.com", status="started")
             ^^^^^^^^^^^^^^^^^^^^^^^^^^^^^^^^^^^^^^^^^^^^^^^^^^^^^^^^^^^^^^^^^^^^^^^
E   pydantic_core._pydantic_core.ValidationError: 3 validation errors for AuditReport
E   request
E     Field required [type=missing, input_value={'audit_id': 'test-1234',...m', 'status': 'started'}, input_type=dict]
E       For further information visit https://errors.pydantic.dev/2.12/v/missing
E   summary
E     Field required [type=missing, input_value={'audit_id': 'test-1234',...m', 'status': 'started'}, input_type=dict]
E       For further information visit https://errors.pydantic.dev/2.12/v/missing
E   issues
E     Field required [type=missing, input_value={'audit_id': 'test-1234',...m', 'status': 'started'}, input_type=dict]
E       For further information visit https://errors.pydantic.dev/2.12/v/missing
---------------------------- Captured stdout setup ----------------------------
{"timestamp": "2026-03-11T17:43:39.333243", "level": "INFO", "logger": "app.main", "module": "main", "function": "lifespan", "line": 31, "message": "Starting AccessLens API..."}
{"timestamp": "2026-03-11T17:43:40.832143", "level": "INFO", "logger": "app.core.browser_manager", "module": "browser_manager", "function": "initialize", "line": 59, "message": "Browser initialized successfully"}
{"timestamp": "2026-03-11T17:43:40.832528", "level": "INFO", "logger": "app.main", "module": "main", "function": "lifespan", "line": 35, "message": "Browser manager initialized"}
{"timestamp": "2026-03-11T17:43:40.832865", "level": "INFO", "logger": "app.main", "module": "main", "function": "lifespan", "line": 45, "message": "Registered 3 engines"}
----------------------------- Captured log setup ------------------------------
INFO     app.main:main.py:31 Starting AccessLens API...
INFO     app.core.browser_manager:browser_manager.py:59 Browser initialized successfully
INFO     app.main:main.py:35 Browser manager initialized
INFO     app.main:main.py:45 Registered 3 engines
-------------------------- Captured stdout teardown ---------------------------
{"timestamp": "2026-03-11T17:43:40.848228", "level": "INFO", "logger": "app.main", "module": "main", "function": "lifespan", "line": 50, "message": "Shutting down AccessLens API..."}
{"timestamp": "2026-03-11T17:43:40.974100", "level": "INFO", "logger": "app.core.browser_manager", "module": "browser_manager", "function": "close", "line": 117, "message": "Browser closed"}
{"timestamp": "2026-03-11T17:43:40.974644", "level": "INFO", "logger": "app.main", "module": "main", "function": "lifespan", "line": 52, "message": "Cleanup complete"}
---------------------------- Captured log teardown ----------------------------
INFO     app.main:main.py:50 Shutting down AccessLens API...
INFO     app.core.browser_manager:browser_manager.py:117 Browser closed
INFO     app.main:main.py:52 Cleanup complete
_______________________ test_wcag_violation_conversion ________________________
tests\test_wcag_rules.py:37: in test_wcag_violation_conversion
    issue = await engine._convert_violation(mock_violation)
            ^^^^^^^^^^^^^^^^^^^^^^^^^^^^^^^^^^^^^^^^^^^^^^^
app\engines\wcag_engine.py:84: in _convert_violation
    wcag_id = tag[4] + "." + tag[5] + "." + tag[6]
                                            ^^^^^^
E   IndexError: string index out of range
---------------------------- Captured stdout setup ----------------------------
{"timestamp": "2026-03-11T17:43:58.710626", "level": "INFO", "logger": "app.main", "module": "main", "function": "lifespan", "line": 31, "message": "Starting AccessLens API..."}
{"timestamp": "2026-03-11T17:44:00.030088", "level": "INFO", "logger": "app.core.browser_manager", "module": "browser_manager", "function": "initialize", "line": 59, "message": "Browser initialized successfully"}
{"timestamp": "2026-03-11T17:44:00.031269", "level": "INFO", "logger": "app.main", "module": "main", "function": "lifespan", "line": 35, "message": "Browser manager initialized"}
{"timestamp": "2026-03-11T17:44:00.032634", "level": "INFO", "logger": "app.main", "module": "main", "function": "lifespan", "line": 45, "message": "Registered 3 engines"}
----------------------------- Captured log setup ------------------------------
INFO     app.main:main.py:31 Starting AccessLens API...
INFO     app.core.browser_manager:browser_manager.py:59 Browser initialized successfully
INFO     app.main:main.py:35 Browser manager initialized
INFO     app.main:main.py:45 Registered 3 engines
-------------------------- Captured stdout teardown ---------------------------
{"timestamp": "2026-03-11T17:44:00.100619", "level": "INFO", "logger": "app.main", "module": "main", "function": "lifespan", "line": 50, "message": "Shutting down AccessLens API..."}
{"timestamp": "2026-03-11T17:44:00.283716", "level": "INFO", "logger": "app.core.browser_manager", "module": "browser_manager", "function": "close", "line": 117, "message": "Browser closed"}
{"timestamp": "2026-03-11T17:44:00.284658", "level": "INFO", "logger": "app.main", "module": "main", "function": "lifespan", "line": 52, "message": "Cleanup complete"}
---------------------------- Captured log teardown ----------------------------
INFO     app.main:main.py:50 Shutting down AccessLens API...
INFO     app.core.browser_manager:browser_manager.py:117 Browser closed
INFO     app.main:main.py:52 Cleanup complete
=========================== short test summary info ===========================
FAILED tests/test_performance.py::test_audit_startup_time - assert 3.97811126...
FAILED tests/test_performance.py::test_concurrent_audit_performance - assert ...
FAILED tests/test_report_storage.py::test_in_memory_audit_store - pydantic_co...
FAILED tests/test_wcag_rules.py::test_wcag_violation_conversion - IndexError:...
============= 4 failed, 36 passed, 1 skipped in 168.11s (0:02:48) =============
