<?xml version="1.0" encoding="utf-8"?><testsuites name="pytest tests"><testsuite name="pytest" errors="0" failures="0" skipped="0" tests="3" time="12.949" timestamp="2026-03-11T22:22:10.530676+05:30" hostname="DESKTOP-IQEJ5C8"><testcase classname="tests.test_security" name="test_ssrf_protection_blocks_localhost" time="3.233" /><testcase classname="tests.test_security" name="test_ssrf_protection_blocks_private_ips" time="2.733" /><testcase classname="tests.test_security" name="test_ssrf_protection_allows_valid_public_urls" time="6.228" /></testsuite></testsuites>