============================= test session starts =============================
platform win32 -- Python 3.13.5, pytest-9.0.2, pluggy-1.6.0 -- C:\Users\Dell\AppData\Local\Programs\Python\Python313\python.exe
cachedir: .pytest_cache
rootdir: C:\Users\Dell\Downloads\Accesslens\backend
configfile: pytest.ini
plugins: anyio-4.11.0, asyncio-1.3.0, base-url-2.1.0, cov-7.0.0, playwright-0.7.2, timeout-2.4.0
asyncio: mode=Mode.AUTO, debug=False, asyncio_default_fixture_loop_scope=function, asyncio_default_test_loop_scope=function
collecting ... collected 6 items

tests/test_page_controller_units.py::test_validate_url_cases PASSED      [ 16%]
tests/test_page_controller_units.py::test_navigate_and_extract_success PASSED [ 33%]
tests/test_page_controller_units.py::test_navigate_and_extract_unsafe_url PASSED [ 50%]
tests/test_page_controller_units.py::test_navigate_retry_logic 
-------------------------------- live log call --------------------------------
2026-03-21 23:52:09 [ WARNING] Navigation timeout, retrying... (Attempt 1/3) (page_controller.py:124)
2026-03-21 23:52:09 [ WARNING] Navigation timeout, retrying... (Attempt 2/3) (page_controller.py:124)
PASSED                                                                   [ 66%]
tests/test_page_controller_units.py::test_navigate_max_retries_exceeded 
-------------------------------- live log call --------------------------------
2026-03-21 23:52:09 [ WARNING] Navigation timeout, retrying... (Attempt 1/3) (page_controller.py:124)
2026-03-21 23:52:09 [ WARNING] Navigation timeout, retrying... (Attempt 2/3) (page_controller.py:124)
2026-03-21 23:52:09 [   ERROR] Navigation failed after 3 attempts: Always timeout (page_controller.py:122)
PASSED                                                                   [ 83%]
tests/test_page_controller_units.py::test_highlight_element 
-------------------------------- live log call --------------------------------
2026-03-21 23:52:09 [ WARNING] Failed to highlight element: Eval failed (page_controller.py:197)
PASSED                                                                   [100%]
ERROR: Coverage failure: total of 26 is less than fail-under=50


=============================== tests coverage ================================
_______________ coverage: platform win32, python 3.13.5-final-0 _______________

Name                               Stmts   Miss  Cover   Missing
----------------------------------------------------------------
app\ai\__init__.py                     5      0   100%
app\ai\ai_service.py                  77     53    31%   30-31, 44-81, 84-105, 108-112, 115-116, 119-126, 129-136
app\ai\llava_integration.py           45     33    27%   12-16, 19-21, 24-31, 34-42, 50-69
app\ai\mistral_integration.py         55     42    24%   11-16, 19-21, 24-31, 34-40, 48-57, 60-85
app\api\__init__.py                    3      3     0%   4-7
app\api\routes.py                     80     80     0%   2-186
app\core\__init__.py                  13      0   100%
app\core\accessibility_tree.py       143    120    16%   16-64, 68-86, 90-116, 120-143, 147-150, 154-173, 177-189, 193-210, 214-238, 242-270, 274-299, 303-337, 341-356, 360-380, 384-385
app\core\audit_orchestrator.py       123    102    17%   23-26, 30-88, 92-114, 123-132, 141-156, 159-189, 197-230, 243
app\core\browser_manager.py          155    105    32%   40-54, 57-83, 87-135, 139-162, 166-172, 176-180, 184-185, 196-197, 200-201, 204-207
app\core\color_utils.py              122     91    25%   16, 19-21, 25-28, 37-47, 54-77, 82-90, 95-111, 116-145, 177-184, 189-201, 206-230
app\core\config.py                    68      3    96%   41, 60, 113
app\core\heading_analyzer.py          30     27    10%   8-95
app\core\landmark_validator.py       143    110    23%   20-21, 47, 51-93, 103-116, 120, 136-153, 157-191, 195-242, 246-277, 281-302, 307-315, 319-325, 333-337, 342-365, 369-396
app\core\logging_config.py            34     24    29%   14-30, 38-79
app\core\page_controller.py          125     28    78%   63-67, 86, 90, 113, 126-128, 135-138, 157-159, 178-180, 184-186, 191, 212, 230-231
app\core\report_storage.py           175    149    15%   22-46, 50-101, 105-169, 173-196, 200-235, 255-316, 320-333, 337-363, 366, 370-393, 396-398
app\core\scoring.py                   43     28    35%   15-52, 57-62, 83-111, 147-155
app\engines\__init__.py               11      2    82%   11-12
app\engines\ai_engine.py             187    160    14%   28-34, 37-46, 49-75, 78-90, 106-115, 127-144, 154-164, 167-168, 171-172, 175-195, 198, 201-303, 306-312, 315-318, 324-361, 364-366, 369, 372-375
app\engines\base.py                   22      9    59%   11-13, 22, 27, 31, 35, 39, 43
app\engines\contrast_engine.py       174    150    14%   18-21, 31-61, 65-88, 95-176, 179-239, 245-294, 321-350, 375-395, 402-453, 456-478, 481-482, 501-510, 513-535, 538
app\engines\form_engine.py            61     61     0%   1-280
app\engines\heuristic_engine.py      162    162     0%   1-656
app\engines\navigation_engine.py      95     95     0%   1-312
app\engines\registry.py               66     46    30%   10-11, 15-19, 23-25, 29, 33, 37, 44, 48, 60-61, 65, 69-76, 80-90, 94-100, 104, 108, 112
app\engines\structural_engine.py     227    195    14%   19-23, 30-82, 85-131, 137-178, 181-206, 209-210, 213-220, 223-251, 254-255, 258-266, 273-287, 294-347, 355-467, 473-493, 499-522, 528-550, 553-556, 572-573, 576-583, 599-612, 629
app\engines\wcag_engine.py           113     93    18%   32-34, 42-108, 111-173, 206-211, 215-221, 225-230
app\middleware\__init__.py             3      0   100%
app\middleware\rate_limit.py         114     85    25%   50-52, 55-62, 65-73, 77-94, 97-106, 110-155, 158-164, 175-203
app\models\__init__.py                 3      0   100%
app\models\schemas.py                115      9    92%   117-125
app\services\__init__.py               0      0   100%
app\utils\__init__.py                  3      0   100%
app\utils\cache.py                    82     63    23%   23-53, 57-73, 77-88, 92-99, 103-112
app\utils\helpers.py                  97     72    26%   21-33, 46-50, 63-73, 86-95, 110-113, 127-133, 148-156, 160, 164-166, 170, 174-175, 180-186, 196-197, 201-202, 206-207, 211-214, 217, 220
app\utils\validators.py               27     27     0%   4-42
----------------------------------------------------------------
TOTAL                               3001   2227    26%
FAIL Required test coverage of 50.0% not reached. Total coverage: 25.79%
============================== 6 passed in 1.52s ==============================
